7/18/2017 8:28:12 PM, Info: Initializing SIMPLSharp Services...
7/18/2017 8:28:12 PM, Info: ProjectInfo successfully initialized.
7/18/2017 8:28:13 PM, Info: Verifying archive C:\Users\Mike\Documents\00 Volta\R&R\Town Center Main\VSG-TownCenter v1.05_archive\SS_XMLCommunicator 2.0.clz...
7/18/2017 8:28:13 PM, Info: Saving project information...
7/18/2017 8:28:14 PM, Info: Verifying archive C:\Users\Mike\Documents\00 Volta\R&R\Town Center Main\VSG-TownCenter v1.05_archive\SS_CoreHubEvents 2.0.clz...
7/18/2017 8:28:14 PM, Info: Saving project information...
7/18/2017 8:28:15 PM, Info: Verifying archive C:\Users\Mike\Documents\00 Volta\R&R\Town Center Main\VSG-TownCenter v1.05_archive\SPlsWork\SonosLibrary_v2_2.clz...
7/18/2017 8:28:16 PM, Info: Saving project information...
7/18/2017 8:28:17 PM, Info: Verifying archive C:\Users\Mike\Documents\00 Volta\R&R\Town Center Main\VSG-TownCenter v1.05_archive\SS_RoviTVListings v2.0.clz...
7/18/2017 8:28:17 PM, Info: Saving project information...
7/18/2017 8:28:17 PM, Info: Verifying archive C:\Users\Mike\Documents\00 Volta\R&R\Town Center Main\VSG-TownCenter v1.05_archive\SS_RoviTVListings v2.0.clz...
7/18/2017 8:28:17 PM, Info: Saving project information...
7/18/2017 8:28:18 PM, Info: Verifying archive C:\Users\Mike\Documents\00 Volta\R&R\Town Center Main\VSG-TownCenter v1.05_archive\SS_DirecTVController.clz...
7/18/2017 8:28:18 PM, Info: Saving project information...
7/18/2017 8:28:20 PM, Info: Verifying archive C:\Users\Mike\Documents\00 Volta\R&R\Town Center Main\VSG-TownCenter v1.05_archive\SS_Passwords.clz...
7/18/2017 8:28:20 PM, Info: Saving project information...
7/18/2017 8:28:23 PM, Info: Verifying archive C:\Users\Mike\Documents\00 Volta\R&R\Town Center Main\VSG-TownCenter v1.05_archive\SS_ShadingController 2.0.clz...
7/18/2017 8:28:23 PM, Info: Saving project information...
7/18/2017 8:28:28 PM, Info: Verifying archive C:\Users\Mike\Documents\00 Volta\R&R\Town Center Main\VSG-TownCenter v1.05_archive\SPlsWork\Crestron.MediaPlayerValidator.clz...
7/18/2017 8:28:28 PM, Info: Saving project information...
7/18/2017 8:28:29 PM, Info: Verifying archive C:\Users\Mike\Documents\00 Volta\R&R\Town Center Main\VSG-TownCenter v1.05_archive\SS_ShadingController 2.0.clz...
7/18/2017 8:28:30 PM, Info: Saving project information...
7/18/2017 8:28:39 PM, Info: Commiting verification transaction...
7/18/2017 8:28:39 PM, Info: Saving project information...
7/19/2017 11:32:06 AM, Info: Initializing SIMPLSharp Services...
7/19/2017 11:32:06 AM, Info: ProjectInfo successfully initialized.
7/19/2017 11:32:06 AM, Info: Verifying archive C:\Users\Mike\Documents\00 Volta\R&R\Town Center Main\VSG-TownCenter v1.05_archive\SS_XMLCommunicator 2.0.clz...
7/19/2017 11:32:06 AM, Info: Saving project information...
7/19/2017 11:32:07 AM, Info: Verifying archive C:\Users\Mike\Documents\00 Volta\R&R\Town Center Main\VSG-TownCenter v1.05_archive\SS_CoreHubEvents 2.0.clz...
7/19/2017 11:32:07 AM, Info: Saving project information...
7/19/2017 11:32:08 AM, Info: Verifying archive C:\Users\Mike\Documents\00 Volta\R&R\Town Center Main\VSG-TownCenter v1.05_archive\SPlsWork\SonosLibrary_v2_2.clz...
7/19/2017 11:32:09 AM, Info: Saving project information...
7/19/2017 11:32:10 AM, Info: Verifying archive C:\Users\Mike\Documents\00 Volta\R&R\Town Center Main\VSG-TownCenter v1.05_archive\SS_RoviTVListings v2.0.clz...
7/19/2017 11:32:10 AM, Info: Saving project information...
7/19/2017 11:32:11 AM, Info: Verifying archive C:\Users\Mike\Documents\00 Volta\R&R\Town Center Main\VSG-TownCenter v1.05_archive\SS_RoviTVListings v2.0.clz...
7/19/2017 11:32:11 AM, Info: Saving project information...
7/19/2017 11:32:11 AM, Info: Verifying archive C:\Users\Mike\Documents\00 Volta\R&R\Town Center Main\VSG-TownCenter v1.05_archive\SS_DirecTVController.clz...
7/19/2017 11:32:11 AM, Info: Saving project information...
7/19/2017 11:32:14 AM, Info: Verifying archive C:\Users\Mike\Documents\00 Volta\R&R\Town Center Main\VSG-TownCenter v1.05_archive\SS_Passwords.clz...
7/19/2017 11:32:14 AM, Info: Saving project information...
7/19/2017 11:32:16 AM, Info: Verifying archive C:\Users\Mike\Documents\00 Volta\R&R\Town Center Main\VSG-TownCenter v1.05_archive\SS_ShadingController 2.0.clz...
7/19/2017 11:32:17 AM, Info: Saving project information...
7/19/2017 11:32:21 AM, Info: Verifying archive C:\Users\Mike\Documents\00 Volta\R&R\Town Center Main\VSG-TownCenter v1.05_archive\SPlsWork\Crestron.MediaPlayerValidator.clz...
7/19/2017 11:32:21 AM, Info: Saving project information...
7/19/2017 11:32:23 AM, Info: Verifying archive C:\Users\Mike\Documents\00 Volta\R&R\Town Center Main\VSG-TownCenter v1.05_archive\SS_ShadingController 2.0.clz...
7/19/2017 11:32:23 AM, Info: Saving project information...
7/19/2017 11:32:33 AM, Info: Commiting verification transaction...
7/19/2017 11:32:33 AM, Info: Saving project information...
7/19/2017 11:34:09 AM, Info: Initializing SIMPLSharp Services...
7/19/2017 11:34:09 AM, Info: ProjectInfo successfully initialized.
7/19/2017 11:34:10 AM, Info: Verifying archive C:\Users\Mike\Documents\00 Volta\R&R\Town Center Main\VSG-TownCenter v1.05_archive\SS_XMLCommunicator 2.0.clz...
7/19/2017 11:34:10 AM, Info: Saving project information...
7/19/2017 11:34:11 AM, Info: Verifying archive C:\Users\Mike\Documents\00 Volta\R&R\Town Center Main\VSG-TownCenter v1.05_archive\SS_CoreHubEvents 2.0.clz...
7/19/2017 11:34:11 AM, Info: Saving project information...
7/19/2017 11:34:12 AM, Info: Verifying archive C:\Users\Mike\Documents\00 Volta\R&R\Town Center Main\VSG-TownCenter v1.05_archive\SPlsWork\SonosLibrary_v2_2.clz...
7/19/2017 11:34:13 AM, Info: Saving project information...
7/19/2017 11:34:14 AM, Info: Verifying archive C:\Users\Mike\Documents\00 Volta\R&R\Town Center Main\VSG-TownCenter v1.05_archive\SS_RoviTVListings v2.0.clz...
7/19/2017 11:34:14 AM, Info: Saving project information...
7/19/2017 11:34:14 AM, Info: Verifying archive C:\Users\Mike\Documents\00 Volta\R&R\Town Center Main\VSG-TownCenter v1.05_archive\SS_RoviTVListings v2.0.clz...
7/19/2017 11:34:15 AM, Info: Saving project information...
7/19/2017 11:34:15 AM, Info: Verifying archive C:\Users\Mike\Documents\00 Volta\R&R\Town Center Main\VSG-TownCenter v1.05_archive\SS_DirecTVController.clz...
7/19/2017 11:34:15 AM, Info: Saving project information...
7/19/2017 11:34:17 AM, Info: Verifying archive C:\Users\Mike\Documents\00 Volta\R&R\Town Center Main\VSG-TownCenter v1.05_archive\SS_Passwords.clz...
7/19/2017 11:34:18 AM, Info: Saving project information...
7/19/2017 11:34:20 AM, Info: Verifying archive C:\Users\Mike\Documents\00 Volta\R&R\Town Center Main\VSG-TownCenter v1.05_archive\SS_ShadingController 2.0.clz...
7/19/2017 11:34:20 AM, Info: Saving project information...
7/19/2017 11:34:25 AM, Info: Verifying archive C:\Users\Mike\Documents\00 Volta\R&R\Town Center Main\VSG-TownCenter v1.05_archive\SPlsWork\Crestron.MediaPlayerValidator.clz...
7/19/2017 11:34:25 AM, Info: Saving project information...
7/19/2017 11:34:26 AM, Info: Verifying archive C:\Users\Mike\Documents\00 Volta\R&R\Town Center Main\VSG-TownCenter v1.05_archive\SS_ShadingController 2.0.clz...
7/19/2017 11:34:26 AM, Info: Saving project information...
7/19/2017 11:34:35 AM, Info: Commiting verification transaction...
7/19/2017 11:34:35 AM, Info: Saving project information...
7/19/2017 11:46:00 AM, Info: Initializing SIMPLSharp Services...
7/19/2017 11:46:00 AM, Info: ProjectInfo successfully initialized.
7/19/2017 11:46:00 AM, Info: Verifying archive C:\Users\Mike\Documents\00 Volta\R&R\Town Center Main\VSG-TownCenter v1.05_archive\SS_XMLCommunicator 2.0.clz...
7/19/2017 11:46:01 AM, Info: Saving project information...
7/19/2017 11:46:01 AM, Info: Verifying archive C:\Users\Mike\Documents\00 Volta\R&R\Town Center Main\VSG-TownCenter v1.05_archive\SS_CoreHubEvents 2.0.clz...
7/19/2017 11:46:01 AM, Info: Saving project information...
7/19/2017 11:46:02 AM, Info: Verifying archive C:\Users\Mike\Documents\00 Volta\R&R\Town Center Main\VSG-TownCenter v1.05_archive\SPlsWork\SonosLibrary_v2_2.clz...
7/19/2017 11:46:04 AM, Info: Saving project information...
7/19/2017 11:46:04 AM, Info: Verifying archive C:\Users\Mike\Documents\00 Volta\R&R\Town Center Main\VSG-TownCenter v1.05_archive\SS_RoviTVListings v2.0.clz...
7/19/2017 11:46:04 AM, Info: Saving project information...
7/19/2017 11:46:05 AM, Info: Verifying archive C:\Users\Mike\Documents\00 Volta\R&R\Town Center Main\VSG-TownCenter v1.05_archive\SS_RoviTVListings v2.0.clz...
7/19/2017 11:46:05 AM, Info: Saving project information...
7/19/2017 11:46:05 AM, Info: Verifying archive C:\Users\Mike\Documents\00 Volta\R&R\Town Center Main\VSG-TownCenter v1.05_archive\SS_DirecTVController.clz...
7/19/2017 11:46:05 AM, Info: Saving project information...
7/19/2017 11:46:08 AM, Info: Verifying archive C:\Users\Mike\Documents\00 Volta\R&R\Town Center Main\VSG-TownCenter v1.05_archive\SS_Passwords.clz...
7/19/2017 11:46:08 AM, Info: Saving project information...
7/19/2017 11:46:10 AM, Info: Verifying archive C:\Users\Mike\Documents\00 Volta\R&R\Town Center Main\VSG-TownCenter v1.05_archive\SS_ShadingController 2.0.clz...
7/19/2017 11:46:11 AM, Info: Saving project information...
7/19/2017 11:46:15 AM, Info: Verifying archive C:\Users\Mike\Documents\00 Volta\R&R\Town Center Main\VSG-TownCenter v1.05_archive\SPlsWork\Crestron.MediaPlayerValidator.clz...
7/19/2017 11:46:15 AM, Info: Saving project information...
7/19/2017 11:46:16 AM, Info: Verifying archive C:\Users\Mike\Documents\00 Volta\R&R\Town Center Main\VSG-TownCenter v1.05_archive\SS_ShadingController 2.0.clz...
7/19/2017 11:46:17 AM, Info: Saving project information...
7/19/2017 11:46:26 AM, Info: Commiting verification transaction...
7/19/2017 11:46:26 AM, Info: Saving project information...
7/19/2017 1:19:41 PM, Info: Initializing SIMPLSharp Services...
7/19/2017 1:19:41 PM, Info: ProjectInfo successfully initialized.
7/19/2017 1:19:41 PM, Info: Verifying archive C:\Users\Mike\Documents\00 Volta\R&R\Town Center Main\VSG-TownCenter v1.05_archive\SS_XMLCommunicator 2.0.clz...
7/19/2017 1:19:41 PM, Info: Saving project information...
7/19/2017 1:19:42 PM, Info: Verifying archive C:\Users\Mike\Documents\00 Volta\R&R\Town Center Main\VSG-TownCenter v1.05_archive\SS_CoreHubEvents 2.0.clz...
7/19/2017 1:19:42 PM, Info: Saving project information...
7/19/2017 1:19:43 PM, Info: Verifying archive C:\Users\Mike\Documents\00 Volta\R&R\Town Center Main\VSG-TownCenter v1.05_archive\SPlsWork\SonosLibrary_v2_2.clz...
7/19/2017 1:19:44 PM, Info: Saving project information...
7/19/2017 1:19:45 PM, Info: Verifying archive C:\Users\Mike\Documents\00 Volta\R&R\Town Center Main\VSG-TownCenter v1.05_archive\SS_RoviTVListings v2.0.clz...
7/19/2017 1:19:45 PM, Info: Saving project information...
7/19/2017 1:19:46 PM, Info: Verifying archive C:\Users\Mike\Documents\00 Volta\R&R\Town Center Main\VSG-TownCenter v1.05_archive\SS_RoviTVListings v2.0.clz...
7/19/2017 1:19:46 PM, Info: Saving project information...
7/19/2017 1:19:46 PM, Info: Verifying archive C:\Users\Mike\Documents\00 Volta\R&R\Town Center Main\VSG-TownCenter v1.05_archive\SS_DirecTVController.clz...
7/19/2017 1:19:46 PM, Info: Saving project information...
7/19/2017 1:19:49 PM, Info: Verifying archive C:\Users\Mike\Documents\00 Volta\R&R\Town Center Main\VSG-TownCenter v1.05_archive\SS_Passwords.clz...
7/19/2017 1:19:49 PM, Info: Saving project information...
7/19/2017 1:19:51 PM, Info: Verifying archive C:\Users\Mike\Documents\00 Volta\R&R\Town Center Main\VSG-TownCenter v1.05_archive\SS_ShadingController 2.0.clz...
7/19/2017 1:19:51 PM, Info: Saving project information...
7/19/2017 1:19:56 PM, Info: Verifying archive C:\Users\Mike\Documents\00 Volta\R&R\Town Center Main\VSG-TownCenter v1.05_archive\SPlsWork\Crestron.MediaPlayerValidator.clz...
7/19/2017 1:19:56 PM, Info: Saving project information...
7/19/2017 1:19:57 PM, Info: Verifying archive C:\Users\Mike\Documents\00 Volta\R&R\Town Center Main\VSG-TownCenter v1.05_archive\SS_ShadingController 2.0.clz...
7/19/2017 1:19:58 PM, Info: Saving project information...
7/19/2017 1:20:07 PM, Info: Commiting verification transaction...
7/19/2017 1:20:07 PM, Info: Saving project information...
7/19/2017 1:22:31 PM, Info: Initializing SIMPLSharp Services...
7/19/2017 1:22:31 PM, Info: ProjectInfo successfully initialized.
7/19/2017 1:22:31 PM, Info: Verifying archive C:\Users\Mike\Documents\00 Volta\R&R\Town Center Main\VSG-TownCenter v1.05_archive\SS_XMLCommunicator 2.0.clz...
7/19/2017 1:22:31 PM, Info: Saving project information...
7/19/2017 1:22:32 PM, Info: Verifying archive C:\Users\Mike\Documents\00 Volta\R&R\Town Center Main\VSG-TownCenter v1.05_archive\SS_CoreHubEvents 2.0.clz...
7/19/2017 1:22:32 PM, Info: Saving project information...
7/19/2017 1:22:33 PM, Info: Verifying archive C:\Users\Mike\Documents\00 Volta\R&R\Town Center Main\VSG-TownCenter v1.05_archive\SPlsWork\SonosLibrary_v2_2.clz...
7/19/2017 1:22:34 PM, Info: Saving project information...
7/19/2017 1:22:35 PM, Info: Verifying archive C:\Users\Mike\Documents\00 Volta\R&R\Town Center Main\VSG-TownCenter v1.05_archive\SS_RoviTVListings v2.0.clz...
7/19/2017 1:22:35 PM, Info: Saving project information...
7/19/2017 1:22:36 PM, Info: Verifying archive C:\Users\Mike\Documents\00 Volta\R&R\Town Center Main\VSG-TownCenter v1.05_archive\SS_RoviTVListings v2.0.clz...
7/19/2017 1:22:36 PM, Info: Saving project information...
7/19/2017 1:22:36 PM, Info: Verifying archive C:\Users\Mike\Documents\00 Volta\R&R\Town Center Main\VSG-TownCenter v1.05_archive\SS_DirecTVController.clz...
7/19/2017 1:22:36 PM, Info: Saving project information...
7/19/2017 1:22:39 PM, Info: Verifying archive C:\Users\Mike\Documents\00 Volta\R&R\Town Center Main\VSG-TownCenter v1.05_archive\SS_Passwords.clz...
7/19/2017 1:22:39 PM, Info: Saving project information...
7/19/2017 1:22:41 PM, Info: Verifying archive C:\Users\Mike\Documents\00 Volta\R&R\Town Center Main\VSG-TownCenter v1.05_archive\SS_ShadingController 2.0.clz...
7/19/2017 1:22:41 PM, Info: Saving project information...
7/19/2017 1:22:46 PM, Info: Verifying archive C:\Users\Mike\Documents\00 Volta\R&R\Town Center Main\VSG-TownCenter v1.05_archive\SPlsWork\Crestron.MediaPlayerValidator.clz...
7/19/2017 1:22:46 PM, Info: Saving project information...
7/19/2017 1:22:47 PM, Info: Verifying archive C:\Users\Mike\Documents\00 Volta\R&R\Town Center Main\VSG-TownCenter v1.05_archive\SS_ShadingController 2.0.clz...
7/19/2017 1:22:48 PM, Info: Saving project information...
7/19/2017 1:22:57 PM, Info: Commiting verification transaction...
7/19/2017 1:22:57 PM, Info: Saving project information...
7/19/2017 2:49:09 PM, Info: Initializing SIMPLSharp Services...
7/19/2017 2:49:09 PM, Info: ProjectInfo successfully initialized.
7/19/2017 2:49:09 PM, Info: Verifying archive C:\Users\Mike\Documents\00 Volta\R&R\Town Center Main\VSG-TownCenter v1.05_archive\SS_XMLCommunicator 2.0.clz...
7/19/2017 2:49:09 PM, Info: Saving project information...
7/19/2017 2:49:10 PM, Info: Verifying archive C:\Users\Mike\Documents\00 Volta\R&R\Town Center Main\VSG-TownCenter v1.05_archive\SS_CoreHubEvents 2.0.clz...
7/19/2017 2:49:10 PM, Info: Saving project information...
7/19/2017 2:49:11 PM, Info: Verifying archive C:\Users\Mike\Documents\00 Volta\R&R\Town Center Main\VSG-TownCenter v1.05_archive\SPlsWork\SonosLibrary_v2_2.clz...
7/19/2017 2:49:12 PM, Info: Saving project information...
7/19/2017 2:49:13 PM, Info: Verifying archive C:\Users\Mike\Documents\00 Volta\R&R\Town Center Main\VSG-TownCenter v1.05_archive\SS_RoviTVListings v2.0.clz...
7/19/2017 2:49:13 PM, Info: Saving project information...
7/19/2017 2:49:14 PM, Info: Verifying archive C:\Users\Mike\Documents\00 Volta\R&R\Town Center Main\VSG-TownCenter v1.05_archive\SS_RoviTVListings v2.0.clz...
7/19/2017 2:49:14 PM, Info: Saving project information...
7/19/2017 2:49:14 PM, Info: Verifying archive C:\Users\Mike\Documents\00 Volta\R&R\Town Center Main\VSG-TownCenter v1.05_archive\SS_DirecTVController.clz...
7/19/2017 2:49:14 PM, Info: Saving project information...
7/19/2017 2:49:17 PM, Info: Verifying archive C:\Users\Mike\Documents\00 Volta\R&R\Town Center Main\VSG-TownCenter v1.05_archive\SS_Passwords.clz...
