7/19/2017 2:49:17 PM, Info: Saving project information...
7/19/2017 2:49:20 PM, Info: Verifying archive C:\Users\Mike\Documents\00 Volta\R&R\Town Center Main\VSG-TownCenter v1.05_archive\SS_ShadingController 2.0.clz...
7/19/2017 2:49:20 PM, Info: Saving project information...
7/19/2017 2:49:25 PM, Info: Verifying archive C:\Users\Mike\Documents\00 Volta\R&R\Town Center Main\VSG-TownCenter v1.05_archive\SPlsWork\Crestron.MediaPlayerValidator.clz...
7/19/2017 2:49:25 PM, Info: Saving project information...
7/19/2017 2:49:26 PM, Info: Verifying archive C:\Users\Mike\Documents\00 Volta\R&R\Town Center Main\VSG-TownCenter v1.05_archive\SS_ShadingController 2.0.clz...
7/19/2017 2:49:27 PM, Info: Saving project information...
7/19/2017 2:49:41 PM, Info: Commiting verification transaction...
7/19/2017 2:49:41 PM, Info: Saving project information...
7/19/2017 2:57:56 PM, Info: Initializing SIMPLSharp Services...
7/19/2017 2:57:56 PM, Info: ProjectInfo successfully initialized.
7/19/2017 2:57:56 PM, Info: Verifying archive C:\Users\Mike\Documents\00 Volta\R&R\Town Center Main\VSG-TownCenter v1.05_archive\SS_XMLCommunicator 2.0.clz...
7/19/2017 2:57:57 PM, Info: Saving project information...
7/19/2017 2:57:57 PM, Info: Verifying archive C:\Users\Mike\Documents\00 Volta\R&R\Town Center Main\VSG-TownCenter v1.05_archive\SS_CoreHubEvents 2.0.clz...
7/19/2017 2:57:58 PM, Info: Saving project information...
7/19/2017 2:57:58 PM, Info: Verifying archive C:\Users\Mike\Documents\00 Volta\R&R\Town Center Main\VSG-TownCenter v1.05_archive\SPlsWork\SonosLibrary_v2_2.clz...
7/19/2017 2:58:00 PM, Info: Saving project information...
7/19/2017 2:58:00 PM, Info: Verifying archive C:\Users\Mike\Documents\00 Volta\R&R\Town Center Main\VSG-TownCenter v1.05_archive\SS_RoviTVListings v2.0.clz...
7/19/2017 2:58:00 PM, Info: Saving project information...
7/19/2017 2:58:01 PM, Info: Verifying archive C:\Users\Mike\Documents\00 Volta\R&R\Town Center Main\VSG-TownCenter v1.05_archive\SS_RoviTVListings v2.0.clz...
7/19/2017 2:58:01 PM, Info: Saving project information...
7/19/2017 2:58:01 PM, Info: Verifying archive C:\Users\Mike\Documents\00 Volta\R&R\Town Center Main\VSG-TownCenter v1.05_archive\SS_DirecTVController.clz...
7/19/2017 2:58:02 PM, Info: Saving project information...
7/19/2017 2:58:04 PM, Info: Verifying archive C:\Users\Mike\Documents\00 Volta\R&R\Town Center Main\VSG-TownCenter v1.05_archive\SS_Passwords.clz...
7/19/2017 2:58:04 PM, Info: Saving project information...
7/19/2017 2:58:07 PM, Info: Verifying archive C:\Users\Mike\Documents\00 Volta\R&R\Town Center Main\VSG-TownCenter v1.05_archive\SS_ShadingController 2.0.clz...
7/19/2017 2:58:07 PM, Info: Saving project information...
7/19/2017 2:58:12 PM, Info: Verifying archive C:\Users\Mike\Documents\00 Volta\R&R\Town Center Main\VSG-TownCenter v1.05_archive\SPlsWork\Crestron.MediaPlayerValidator.clz...
7/19/2017 2:58:12 PM, Info: Saving project information...
7/19/2017 2:58:13 PM, Info: Verifying archive C:\Users\Mike\Documents\00 Volta\R&R\Town Center Main\VSG-TownCenter v1.05_archive\SS_ShadingController 2.0.clz...
7/19/2017 2:58:14 PM, Info: Saving project information...
7/19/2017 2:58:23 PM, Info: Commiting verification transaction...
7/19/2017 2:58:23 PM, Info: Saving project information...
7/19/2017 4:21:40 PM, Info: Initializing SIMPLSharp Services...
7/19/2017 4:21:40 PM, Info: ProjectInfo successfully initialized.
7/19/2017 4:21:40 PM, Info: Verifying archive C:\Users\Mike\Documents\00 Volta\R&R\Town Center Main\VSG-TownCenter v1.05_archive\SS_XMLCommunicator 2.0.clz...
7/19/2017 4:21:40 PM, Info: Saving project information...
7/19/2017 4:21:41 PM, Info: Verifying archive C:\Users\Mike\Documents\00 Volta\R&R\Town Center Main\VSG-TownCenter v1.05_archive\SS_CoreHubEvents 2.0.clz...
7/19/2017 4:21:41 PM, Info: Saving project information...
7/19/2017 4:21:42 PM, Info: Verifying archive C:\Users\Mike\Documents\00 Volta\R&R\Town Center Main\VSG-TownCenter v1.05_archive\SPlsWork\SonosLibrary_v2_2.clz...
7/19/2017 4:21:44 PM, Info: Saving project information...
7/19/2017 4:21:44 PM, Info: Verifying archive C:\Users\Mike\Documents\00 Volta\R&R\Town Center Main\VSG-TownCenter v1.05_archive\SS_RoviTVListings v2.0.clz...
7/19/2017 4:21:44 PM, Info: Saving project information...
7/19/2017 4:21:45 PM, Info: Verifying archive C:\Users\Mike\Documents\00 Volta\R&R\Town Center Main\VSG-TownCenter v1.05_archive\SS_RoviTVListings v2.0.clz...
7/19/2017 4:21:45 PM, Info: Saving project information...
7/19/2017 4:21:46 PM, Info: Verifying archive C:\Users\Mike\Documents\00 Volta\R&R\Town Center Main\VSG-TownCenter v1.05_archive\SS_DirecTVController.clz...
7/19/2017 4:21:46 PM, Info: Saving project information...
7/19/2017 4:21:49 PM, Info: Verifying archive C:\Users\Mike\Documents\00 Volta\R&R\Town Center Main\VSG-TownCenter v1.05_archive\SS_Passwords.clz...
7/19/2017 4:21:49 PM, Info: Saving project information...
7/19/2017 4:21:51 PM, Info: Verifying archive C:\Users\Mike\Documents\00 Volta\R&R\Town Center Main\VSG-TownCenter v1.05_archive\SS_ShadingController 2.0.clz...
7/19/2017 4:21:52 PM, Info: Saving project information...
7/19/2017 4:21:57 PM, Info: Verifying archive C:\Users\Mike\Documents\00 Volta\R&R\Town Center Main\VSG-TownCenter v1.05_archive\SPlsWork\Crestron.MediaPlayerValidator.clz...
7/19/2017 4:21:57 PM, Info: Saving project information...
7/19/2017 4:21:59 PM, Info: Verifying archive C:\Users\Mike\Documents\00 Volta\R&R\Town Center Main\VSG-TownCenter v1.05_archive\SS_ShadingController 2.0.clz...
7/19/2017 4:21:59 PM, Info: Saving project information...
7/19/2017 4:22:11 PM, Info: Commiting verification transaction...
7/19/2017 4:22:11 PM, Info: Saving project information...
7/19/2017 4:22:46 PM, Info: Initializing SIMPLSharp Services...
7/19/2017 4:22:46 PM, Info: ProjectInfo successfully initialized.
7/19/2017 4:22:46 PM, Info: Verifying archive C:\Users\Mike\Documents\00 Volta\R&R\Town Center Main\VSG-TownCenter v1.05_archive\SS_XMLCommunicator 2.0.clz...
7/19/2017 4:22:47 PM, Info: Saving project information...
7/19/2017 4:22:47 PM, Info: Verifying archive C:\Users\Mike\Documents\00 Volta\R&R\Town Center Main\VSG-TownCenter v1.05_archive\SS_CoreHubEvents 2.0.clz...
7/19/2017 4:22:48 PM, Info: Saving project information...
7/19/2017 4:22:48 PM, Info: Verifying archive C:\Users\Mike\Documents\00 Volta\R&R\Town Center Main\VSG-TownCenter v1.05_archive\SPlsWork\SonosLibrary_v2_2.clz...
7/19/2017 4:22:50 PM, Info: Saving project information...
7/19/2017 4:22:51 PM, Info: Verifying archive C:\Users\Mike\Documents\00 Volta\R&R\Town Center Main\VSG-TownCenter v1.05_archive\SS_RoviTVListings v2.0.clz...
7/19/2017 4:22:51 PM, Info: Saving project information...
7/19/2017 4:22:51 PM, Info: Verifying archive C:\Users\Mike\Documents\00 Volta\R&R\Town Center Main\VSG-TownCenter v1.05_archive\SS_RoviTVListings v2.0.clz...
7/19/2017 4:22:52 PM, Info: Saving project information...
7/19/2017 4:22:52 PM, Info: Verifying archive C:\Users\Mike\Documents\00 Volta\R&R\Town Center Main\VSG-TownCenter v1.05_archive\SS_DirecTVController.clz...
7/19/2017 4:22:52 PM, Info: Saving project information...
7/19/2017 4:22:55 PM, Info: Verifying archive C:\Users\Mike\Documents\00 Volta\R&R\Town Center Main\VSG-TownCenter v1.05_archive\SS_Passwords.clz...
7/19/2017 4:22:55 PM, Info: Saving project information...
7/19/2017 4:22:58 PM, Info: Verifying archive C:\Users\Mike\Documents\00 Volta\R&R\Town Center Main\VSG-TownCenter v1.05_archive\SS_ShadingController 2.0.clz...
7/19/2017 4:22:59 PM, Info: Saving project information...
7/19/2017 4:23:05 PM, Info: Verifying archive C:\Users\Mike\Documents\00 Volta\R&R\Town Center Main\VSG-TownCenter v1.05_archive\SPlsWork\Crestron.MediaPlayerValidator.clz...
7/19/2017 4:23:05 PM, Info: Saving project information...
7/19/2017 4:23:07 PM, Info: Verifying archive C:\Users\Mike\Documents\00 Volta\R&R\Town Center Main\VSG-TownCenter v1.05_archive\SS_ShadingController 2.0.clz...
7/19/2017 4:23:07 PM, Info: Saving project information...
7/19/2017 4:23:19 PM, Info: Commiting verification transaction...
7/19/2017 4:23:19 PM, Info: Saving project information...
7/19/2017 4:24:19 PM, Info: Initializing SIMPLSharp Services...
7/19/2017 4:24:19 PM, Info: ProjectInfo successfully initialized.
7/19/2017 4:24:19 PM, Info: Verifying archive C:\Users\Mike\Documents\00 Volta\R&R\Town Center Main\VSG-TownCenter v1.05_archive\SS_XMLCommunicator 2.0.clz...
7/19/2017 4:24:20 PM, Info: Saving project information...
7/19/2017 4:24:20 PM, Info: Verifying archive C:\Users\Mike\Documents\00 Volta\R&R\Town Center Main\VSG-TownCenter v1.05_archive\SS_CoreHubEvents 2.0.clz...
7/19/2017 4:24:21 PM, Info: Saving project information...
7/19/2017 4:24:21 PM, Info: Verifying archive C:\Users\Mike\Documents\00 Volta\R&R\Town Center Main\VSG-TownCenter v1.05_archive\SPlsWork\SonosLibrary_v2_2.clz...
7/19/2017 4:24:23 PM, Info: Saving project information...
7/19/2017 4:24:24 PM, Info: Verifying archive C:\Users\Mike\Documents\00 Volta\R&R\Town Center Main\VSG-TownCenter v1.05_archive\SS_RoviTVListings v2.0.clz...
7/19/2017 4:24:24 PM, Info: Saving project information...
7/19/2017 4:24:25 PM, Info: Verifying archive C:\Users\Mike\Documents\00 Volta\R&R\Town Center Main\VSG-TownCenter v1.05_archive\SS_RoviTVListings v2.0.clz...
7/19/2017 4:24:25 PM, Info: Saving project information...
7/19/2017 4:24:25 PM, Info: Verifying archive C:\Users\Mike\Documents\00 Volta\R&R\Town Center Main\VSG-TownCenter v1.05_archive\SS_DirecTVController.clz...
7/19/2017 4:24:25 PM, Info: Saving project information...
7/19/2017 4:24:28 PM, Info: Verifying archive C:\Users\Mike\Documents\00 Volta\R&R\Town Center Main\VSG-TownCenter v1.05_archive\SS_Passwords.clz...
7/19/2017 4:24:29 PM, Info: Saving project information...
7/19/2017 4:24:31 PM, Info: Verifying archive C:\Users\Mike\Documents\00 Volta\R&R\Town Center Main\VSG-TownCenter v1.05_archive\SS_ShadingController 2.0.clz...
7/19/2017 4:24:32 PM, Info: Saving project information...
7/19/2017 4:24:37 PM, Info: Verifying archive C:\Users\Mike\Documents\00 Volta\R&R\Town Center Main\VSG-TownCenter v1.05_archive\SPlsWork\Crestron.MediaPlayerValidator.clz...
7/19/2017 4:24:38 PM, Info: Saving project information...
7/19/2017 4:24:39 PM, Info: Verifying archive C:\Users\Mike\Documents\00 Volta\R&R\Town Center Main\VSG-TownCenter v1.05_archive\SS_ShadingController 2.0.clz...
7/19/2017 4:24:40 PM, Info: Saving project information...
7/19/2017 4:24:52 PM, Info: Commiting verification transaction...
7/19/2017 4:24:52 PM, Info: Saving project information...
7/19/2017 4:26:25 PM, Info: Initializing SIMPLSharp Services...
7/19/2017 4:26:25 PM, Info: ProjectInfo successfully initialized.
7/19/2017 4:26:25 PM, Info: Verifying archive C:\Users\Mike\Documents\00 Volta\R&R\Town Center Main\VSG-TownCenter v1.05_archive\SS_XMLCommunicator 2.0.clz...
7/19/2017 4:26:26 PM, Info: Saving project information...
7/19/2017 4:26:26 PM, Info: Verifying archive C:\Users\Mike\Documents\00 Volta\R&R\Town Center Main\VSG-TownCenter v1.05_archive\SS_CoreHubEvents 2.0.clz...
7/19/2017 4:26:27 PM, Info: Saving project information...
7/19/2017 4:26:27 PM, Info: Verifying archive C:\Users\Mike\Documents\00 Volta\R&R\Town Center Main\VSG-TownCenter v1.05_archive\SPlsWork\SonosLibrary_v2_2.clz...
7/19/2017 4:26:29 PM, Info: Saving project information...
7/19/2017 4:26:30 PM, Info: Verifying archive C:\Users\Mike\Documents\00 Volta\R&R\Town Center Main\VSG-TownCenter v1.05_archive\SS_RoviTVListings v2.0.clz...
7/19/2017 4:26:30 PM, Info: Saving project information...
7/19/2017 4:26:31 PM, Info: Verifying archive C:\Users\Mike\Documents\00 Volta\R&R\Town Center Main\VSG-TownCenter v1.05_archive\SS_RoviTVListings v2.0.clz...
7/19/2017 4:26:31 PM, Info: Saving project information...
7/19/2017 4:26:31 PM, Info: Verifying archive C:\Users\Mike\Documents\00 Volta\R&R\Town Center Main\VSG-TownCenter v1.05_archive\SS_DirecTVController.clz...
7/19/2017 4:26:32 PM, Info: Saving project information...
7/19/2017 4:26:35 PM, Info: Verifying archive C:\Users\Mike\Documents\00 Volta\R&R\Town Center Main\VSG-TownCenter v1.05_archive\SS_Passwords.clz...
7/19/2017 4:26:35 PM, Info: Saving project information...
7/19/2017 4:26:38 PM, Info: Verifying archive C:\Users\Mike\Documents\00 Volta\R&R\Town Center Main\VSG-TownCenter v1.05_archive\SS_ShadingController 2.0.clz...
7/19/2017 4:26:38 PM, Info: Saving project information...
7/19/2017 4:26:45 PM, Info: Verifying archive C:\Users\Mike\Documents\00 Volta\R&R\Town Center Main\VSG-TownCenter v1.05_archive\SPlsWork\Crestron.MediaPlayerValidator.clz...
7/19/2017 4:26:45 PM, Info: Saving project information...
7/19/2017 4:26:47 PM, Info: Verifying archive C:\Users\Mike\Documents\00 Volta\R&R\Town Center Main\VSG-TownCenter v1.05_archive\SS_ShadingController 2.0.clz...
7/19/2017 4:26:48 PM, Info: Saving project information...
7/19/2017 4:27:01 PM, Info: Commiting verification transaction...
7/19/2017 4:27:01 PM, Info: Saving project information...
7/19/2017 5:07:48 PM, Info: Initializing SIMPLSharp Services...
7/19/2017 5:07:48 PM, Info: ProjectInfo successfully initialized.
7/19/2017 5:07:49 PM, Info: Verifying archive C:\Users\Mike\Documents\00 Volta\R&R\Town Center Main\VSG-TownCenter v1.05_archive\SS_XMLCommunicator 2.0.clz...
7/19/2017 5:07:49 PM, Info: Saving project information...
7/19/2017 5:07:50 PM, Info: Verifying archive C:\Users\Mike\Documents\00 Volta\R&R\Town Center Main\VSG-TownCenter v1.05_archive\SS_CoreHubEvents 2.0.clz...
7/19/2017 5:07:50 PM, Info: Saving project information...
7/19/2017 5:07:51 PM, Info: Verifying archive C:\Users\Mike\Documents\00 Volta\R&R\Town Center Main\VSG-TownCenter v1.05_archive\SPlsWork\SonosLibrary_v2_2.clz...
7/19/2017 5:07:52 PM, Info: Saving project information...
7/19/2017 5:07:53 PM, Info: Commiting verification transaction...
7/19/2017 5:07:53 PM, Info: Saving project information...
7/19/2017 5:17:44 PM, Info: Initializing SIMPLSharp Services...
7/19/2017 5:17:44 PM, Info: ProjectInfo successfully initialized.
7/19/2017 5:17:44 PM, Info: Verifying archive C:\Users\Mike\Documents\00 Volta\R&R\Town Center Main\VSG-TownCenter v1.05_archive\SS_XMLCommunicator 2.0.clz...
7/19/2017 5:17:44 PM, Info: Saving project information...
7/19/2017 5:17:45 PM, Info: Verifying archive C:\Users\Mike\Documents\00 Volta\R&R\Town Center Main\VSG-TownCenter v1.05_archive\SS_CoreHubEvents 2.0.clz...
7/19/2017 5:17:45 PM, Info: Saving project information...
7/19/2017 5:17:46 PM, Info: Verifying archive C:\Users\Mike\Documents\00 Volta\R&R\Town Center Main\VSG-TownCenter v1.05_archive\SPlsWork\SonosLibrary_v2_2.clz...
7/19/2017 5:17:47 PM, Info: Saving project information...
7/19/2017 5:17:48 PM, Info: Verifying archive C:\Users\Mike\Documents\00 Volta\R&R\Town Center Main\VSG-TownCenter v1.05_archive\SS_RoviTVListings v2.0.clz...
7/19/2017 5:17:48 PM, Info: Saving project information...
7/19/2017 5:17:49 PM, Info: Verifying archive C:\Users\Mike\Documents\00 Volta\R&R\Town Center Main\VSG-TownCenter v1.05_archive\SS_RoviTVListings v2.0.clz...
7/19/2017 5:17:49 PM, Info: Saving project information...
7/19/2017 5:17:49 PM, Info: Verifying archive C:\Users\Mike\Documents\00 Volta\R&R\Town Center Main\VSG-TownCenter v1.05_archive\SS_DirecTVController.clz...
7/19/2017 5:17:49 PM, Info: Saving project information...
7/19/2017 5:17:52 PM, Info: Verifying archive C:\Users\Mike\Documents\00 Volta\R&R\Town Center Main\VSG-TownCenter v1.05_archive\SS_Passwords.clz...
7/19/2017 5:17:52 PM, Info: Saving project information...
7/19/2017 5:17:55 PM, Info: Verifying archive C:\Users\Mike\Documents\00 Volta\R&R\Town Center Main\VSG-TownCenter v1.05_archive\SS_ShadingController 2.0.clz...
7/19/2017 5:17:55 PM, Info: Saving project information...
7/19/2017 5:18:00 PM, Info: Verifying archive C:\Users\Mike\Documents\00 Volta\R&R\Town Center Main\VSG-TownCenter v1.05_archive\SPlsWork\Crestron.MediaPlayerValidator.clz...
7/19/2017 5:18:00 PM, Info: Saving project information...
7/19/2017 5:18:01 PM, Info: Verifying archive C:\Users\Mike\Documents\00 Volta\R&R\Town Center Main\VSG-TownCenter v1.05_archive\SS_ShadingController 2.0.clz...
7/19/2017 5:18:02 PM, Info: Saving project information...
