11/6/2017 1:42:38 PM, Info: Saving project information...
11/6/2017 1:42:44 PM, Info: Verifying archive C:\Users\Mike\Desktop\R & R\Town Center Main\VSG-TownCenter v1.05_archive\SPlsWork\Crestron.MediaPlayerValidator.clz...
11/6/2017 1:42:44 PM, Info: Saving project information...
11/6/2017 1:42:45 PM, Info: Verifying archive C:\Users\Mike\Desktop\R & R\Town Center Main\VSG-TownCenter v1.05_archive\SS_ShadingController 2.0.clz...
11/6/2017 1:42:46 PM, Info: Saving project information...
11/6/2017 1:42:56 PM, Info: Commiting verification transaction...
11/6/2017 1:42:56 PM, Info: Saving project information...
11/6/2017 1:44:54 PM, Info: Initializing SIMPLSharp Services...
11/6/2017 1:44:54 PM, Info: ProjectInfo successfully initialized.
11/6/2017 1:44:54 PM, Info: Verifying archive C:\Users\Mike\Desktop\R & R\Town Center Main\VSG-TownCenter v1.05_archive\SS_XMLCommunicator 2.0.clz...
11/6/2017 1:44:54 PM, Info: Saving project information...
11/6/2017 1:44:55 PM, Info: Verifying archive C:\Users\Mike\Desktop\R & R\Town Center Main\VSG-TownCenter v1.05_archive\SS_CoreHubEvents 2.0.clz...
11/6/2017 1:44:55 PM, Info: Saving project information...
11/6/2017 1:44:56 PM, Info: Verifying archive C:\Users\Mike\Desktop\R & R\Town Center Main\VSG-TownCenter v1.05_archive\SPlsWork\SonosLibrary_v2_2.clz...
11/6/2017 1:44:57 PM, Info: Saving project information...
11/6/2017 1:44:58 PM, Info: Verifying archive C:\Users\Mike\Desktop\R & R\Town Center Main\VSG-TownCenter v1.05_archive\SS_RoviTVListings v2.0.clz...
11/6/2017 1:44:58 PM, Info: Saving project information...
11/6/2017 1:44:59 PM, Info: Verifying archive C:\Users\Mike\Desktop\R & R\Town Center Main\VSG-TownCenter v1.05_archive\SS_RoviTVListings v2.0.clz...
11/6/2017 1:44:59 PM, Info: Saving project information...
11/6/2017 1:44:59 PM, Info: Verifying archive C:\Users\Mike\Desktop\R & R\Town Center Main\VSG-TownCenter v1.05_archive\SS_DirecTVController.clz...
11/6/2017 1:44:59 PM, Info: Saving project information...
11/6/2017 1:45:02 PM, Info: Verifying archive C:\Users\Mike\Desktop\R & R\Town Center Main\VSG-TownCenter v1.05_archive\SS_Passwords.clz...
11/6/2017 1:45:02 PM, Info: Saving project information...
11/6/2017 1:45:04 PM, Info: Verifying archive C:\Users\Mike\Desktop\R & R\Town Center Main\VSG-TownCenter v1.05_archive\SS_ShadingController 2.0.clz...
11/6/2017 1:45:05 PM, Info: Saving project information...
11/6/2017 1:45:11 PM, Info: Verifying archive C:\Users\Mike\Desktop\R & R\Town Center Main\VSG-TownCenter v1.05_archive\SPlsWork\Crestron.MediaPlayerValidator.clz...
11/6/2017 1:45:11 PM, Info: Saving project information...
11/6/2017 1:45:12 PM, Info: Verifying archive C:\Users\Mike\Desktop\R & R\Town Center Main\VSG-TownCenter v1.05_archive\SS_ShadingController 2.0.clz...
11/6/2017 1:45:13 PM, Info: Saving project information...
11/6/2017 1:45:22 PM, Info: Commiting verification transaction...
11/6/2017 1:45:22 PM, Info: Saving project information...
11/6/2017 1:49:08 PM, Info: Initializing SIMPLSharp Services...
11/6/2017 1:49:08 PM, Info: ProjectInfo successfully initialized.
11/6/2017 1:49:09 PM, Info: Verifying archive C:\Users\Mike\Desktop\R & R\Town Center Main\VSG-TownCenter v1.05_archive\SS_XMLCommunicator 2.0.clz...
11/6/2017 1:49:09 PM, Info: Saving project information...
11/6/2017 1:49:10 PM, Info: Verifying archive C:\Users\Mike\Desktop\R & R\Town Center Main\VSG-TownCenter v1.05_archive\SS_CoreHubEvents 2.0.clz...
11/6/2017 1:49:10 PM, Info: Saving project information...
11/6/2017 1:49:11 PM, Info: Verifying archive C:\Users\Mike\Desktop\R & R\Town Center Main\VSG-TownCenter v1.05_archive\SPlsWork\SonosLibrary_v2_2.clz...
11/6/2017 1:49:12 PM, Info: Saving project information...
11/6/2017 1:49:13 PM, Info: Verifying archive C:\Users\Mike\Desktop\R & R\Town Center Main\VSG-TownCenter v1.05_archive\SS_RoviTVListings v2.0.clz...
11/6/2017 1:49:13 PM, Info: Saving project information...
11/6/2017 1:49:14 PM, Info: Verifying archive C:\Users\Mike\Desktop\R & R\Town Center Main\VSG-TownCenter v1.05_archive\SS_RoviTVListings v2.0.clz...
11/6/2017 1:49:14 PM, Info: Saving project information...
11/6/2017 1:49:14 PM, Info: Verifying archive C:\Users\Mike\Desktop\R & R\Town Center Main\VSG-TownCenter v1.05_archive\SS_DirecTVController.clz...
11/6/2017 1:49:14 PM, Info: Saving project information...
11/6/2017 1:49:17 PM, Info: Verifying archive C:\Users\Mike\Desktop\R & R\Town Center Main\VSG-TownCenter v1.05_archive\SS_Passwords.clz...
11/6/2017 1:49:17 PM, Info: Saving project information...
11/6/2017 1:49:19 PM, Info: Verifying archive C:\Users\Mike\Desktop\R & R\Town Center Main\VSG-TownCenter v1.05_archive\SS_ShadingController 2.0.clz...
11/6/2017 1:49:20 PM, Info: Saving project information...
11/6/2017 1:49:25 PM, Info: Verifying archive C:\Users\Mike\Desktop\R & R\Town Center Main\VSG-TownCenter v1.05_archive\SPlsWork\Crestron.MediaPlayerValidator.clz...
11/6/2017 1:49:26 PM, Info: Saving project information...
11/6/2017 1:49:27 PM, Info: Verifying archive C:\Users\Mike\Desktop\R & R\Town Center Main\VSG-TownCenter v1.05_archive\SS_ShadingController 2.0.clz...
11/6/2017 1:49:28 PM, Info: Saving project information...
11/6/2017 1:49:37 PM, Info: Commiting verification transaction...
11/6/2017 1:49:37 PM, Info: Saving project information...
11/6/2017 3:56:36 PM, Info: Terminating SIMPLSharp Services
11/6/2017 3:56:36 PM, Info: Saving project information...
11/6/2017 3:56:36 PM, Info: Terminating SIMPLSharp Services
11/6/2017 3:56:36 PM, Info: Saving project information...
11/6/2017 3:56:36 PM, Info: Terminating SIMPLSharp Services
11/6/2017 3:56:36 PM, Info: Saving project information...
11/6/2017 3:56:36 PM, Info: Terminating SIMPLSharp Services
11/6/2017 3:56:36 PM, Info: Saving project information...
11/6/2017 3:56:36 PM, Info: Terminating SIMPLSharp Services
11/6/2017 3:56:36 PM, Info: Saving project information...
11/6/2017 3:56:36 PM, Info: Terminating SIMPLSharp Services
11/6/2017 3:56:36 PM, Info: Saving project information...
11/6/2017 3:56:36 PM, Info: Terminating SIMPLSharp Services
11/6/2017 3:56:36 PM, Info: Saving project information...
11/6/2017 3:56:36 PM, Info: Terminating SIMPLSharp Services
11/6/2017 3:56:36 PM, Info: Saving project information...
11/6/2017 3:56:36 PM, Info: Terminating SIMPLSharp Services
