9/6/2017 1:20:30 PM, Info: Initializing SIMPLSharp Services...
9/6/2017 1:20:30 PM, Info: ProjectInfo successfully initialized.
9/6/2017 1:20:31 PM, Info: Verifying archive C:\Users\Mike\Desktop\R & R\Town Center Main\VSG-TownCenter v1.05_archive\SS_XMLCommunicator 2.0.clz...
9/6/2017 1:20:31 PM, Info: Saving project information...
9/6/2017 1:20:32 PM, Info: Verifying archive C:\Users\Mike\Desktop\R & R\Town Center Main\VSG-TownCenter v1.05_archive\SS_CoreHubEvents 2.0.clz...
9/6/2017 1:20:32 PM, Info: Saving project information...
9/6/2017 1:20:33 PM, Info: Verifying archive C:\Users\Mike\Desktop\R & R\Town Center Main\VSG-TownCenter v1.05_archive\SPlsWork\SonosLibrary_v2_2.clz...
9/6/2017 1:20:35 PM, Info: Saving project information...
9/6/2017 1:20:35 PM, Info: Commiting verification transaction...
9/6/2017 1:20:35 PM, Info: Saving project information...
9/6/2017 1:21:31 PM, Info: Initializing SIMPLSharp Services...
9/6/2017 1:21:31 PM, Info: ProjectInfo successfully initialized.
9/6/2017 1:21:31 PM, Info: Verifying archive C:\Users\Mike\Desktop\R & R\Town Center Main\VSG-TownCenter v1.05_archive\SS_XMLCommunicator 2.0.clz...
9/6/2017 1:21:32 PM, Info: Saving project information...
9/6/2017 1:21:32 PM, Info: Verifying archive C:\Users\Mike\Desktop\R & R\Town Center Main\VSG-TownCenter v1.05_archive\SS_CoreHubEvents 2.0.clz...
9/6/2017 1:21:33 PM, Info: Saving project information...
9/6/2017 1:21:33 PM, Info: Verifying archive C:\Users\Mike\Desktop\R & R\Town Center Main\VSG-TownCenter v1.05_archive\SPlsWork\SonosLibrary_v2_2.clz...
9/6/2017 1:21:35 PM, Info: Saving project information...
9/6/2017 1:21:35 PM, Info: Verifying archive C:\Users\Mike\Desktop\R & R\Town Center Main\VSG-TownCenter v1.05_archive\SS_RoviTVListings v2.0.clz...
9/6/2017 1:21:36 PM, Info: Saving project information...
9/6/2017 1:21:36 PM, Info: Verifying archive C:\Users\Mike\Desktop\R & R\Town Center Main\VSG-TownCenter v1.05_archive\SS_RoviTVListings v2.0.clz...
9/6/2017 1:21:36 PM, Info: Saving project information...
9/6/2017 1:21:37 PM, Info: Verifying archive C:\Users\Mike\Desktop\R & R\Town Center Main\VSG-TownCenter v1.05_archive\SS_DirecTVController.clz...
9/6/2017 1:21:37 PM, Info: Saving project information...
9/6/2017 1:21:39 PM, Info: Verifying archive C:\Users\Mike\Desktop\R & R\Town Center Main\VSG-TownCenter v1.05_archive\SS_Passwords.clz...
9/6/2017 1:21:40 PM, Info: Saving project information...
9/6/2017 1:21:42 PM, Info: Verifying archive C:\Users\Mike\Desktop\R & R\Town Center Main\VSG-TownCenter v1.05_archive\SS_ShadingController 2.0.clz...
9/6/2017 1:21:43 PM, Info: Saving project information...
9/6/2017 1:21:47 PM, Info: Verifying archive C:\Users\Mike\Desktop\R & R\Town Center Main\VSG-TownCenter v1.05_archive\SPlsWork\Crestron.MediaPlayerValidator.clz...
9/6/2017 1:21:48 PM, Info: Saving project information...
9/6/2017 1:21:49 PM, Info: Verifying archive C:\Users\Mike\Desktop\R & R\Town Center Main\VSG-TownCenter v1.05_archive\SS_ShadingController 2.0.clz...
9/6/2017 1:21:49 PM, Info: Saving project information...
9/6/2017 1:21:59 PM, Info: Commiting verification transaction...
9/6/2017 1:21:59 PM, Info: Saving project information...
9/6/2017 1:40:37 PM, Info: Initializing SIMPLSharp Services...
9/6/2017 1:40:37 PM, Info: ProjectInfo successfully initialized.
9/6/2017 1:40:38 PM, Info: Verifying archive C:\Users\Mike\Desktop\R & R\Town Center Main\VSG-TownCenter v1.05_archive\SS_XMLCommunicator 2.0.clz...
9/6/2017 1:40:38 PM, Info: Saving project information...
9/6/2017 1:40:39 PM, Info: Verifying archive C:\Users\Mike\Desktop\R & R\Town Center Main\VSG-TownCenter v1.05_archive\SS_CoreHubEvents 2.0.clz...
9/6/2017 1:40:39 PM, Info: Saving project information...
9/6/2017 1:40:40 PM, Info: Verifying archive C:\Users\Mike\Desktop\R & R\Town Center Main\VSG-TownCenter v1.05_archive\SPlsWork\SonosLibrary_v2_2.clz...
9/6/2017 1:40:41 PM, Info: Saving project information...
9/6/2017 1:40:42 PM, Info: Verifying archive C:\Users\Mike\Desktop\R & R\Town Center Main\VSG-TownCenter v1.05_archive\SS_RoviTVListings v2.0.clz...
9/6/2017 1:40:42 PM, Info: Saving project information...
9/6/2017 1:40:42 PM, Info: Verifying archive C:\Users\Mike\Desktop\R & R\Town Center Main\VSG-TownCenter v1.05_archive\SS_RoviTVListings v2.0.clz...
9/6/2017 1:40:43 PM, Info: Saving project information...
9/6/2017 1:40:43 PM, Info: Verifying archive C:\Users\Mike\Desktop\R & R\Town Center Main\VSG-TownCenter v1.05_archive\SS_DirecTVController.clz...
9/6/2017 1:40:43 PM, Info: Saving project information...
9/6/2017 1:40:46 PM, Info: Verifying archive C:\Users\Mike\Desktop\R & R\Town Center Main\VSG-TownCenter v1.05_archive\SS_Passwords.clz...
9/6/2017 1:40:46 PM, Info: Saving project information...
9/6/2017 1:40:48 PM, Info: Verifying archive C:\Users\Mike\Desktop\R & R\Town Center Main\VSG-TownCenter v1.05_archive\SS_ShadingController 2.0.clz...
9/6/2017 1:40:48 PM, Info: Saving project information...
9/6/2017 1:40:54 PM, Info: Verifying archive C:\Users\Mike\Desktop\R & R\Town Center Main\VSG-TownCenter v1.05_archive\SPlsWork\Crestron.MediaPlayerValidator.clz...
9/6/2017 1:40:54 PM, Info: Saving project information...
9/6/2017 1:40:55 PM, Info: Verifying archive C:\Users\Mike\Desktop\R & R\Town Center Main\VSG-TownCenter v1.05_archive\SS_ShadingController 2.0.clz...
9/6/2017 1:40:55 PM, Info: Saving project information...
9/6/2017 1:41:05 PM, Info: Commiting verification transaction...
9/6/2017 1:41:05 PM, Info: Saving project information...
9/6/2017 1:48:13 PM, Info: Initializing SIMPLSharp Services...
9/6/2017 1:48:13 PM, Info: ProjectInfo successfully initialized.
9/6/2017 1:48:13 PM, Info: Verifying archive C:\Users\Mike\Desktop\R & R\Town Center Main\VSG-TownCenter v1.05_archive\SS_XMLCommunicator 2.0.clz...
9/6/2017 1:48:14 PM, Info: Saving project information...
9/6/2017 1:48:14 PM, Info: Verifying archive C:\Users\Mike\Desktop\R & R\Town Center Main\VSG-TownCenter v1.05_archive\SS_CoreHubEvents 2.0.clz...
9/6/2017 1:48:15 PM, Info: Saving project information...
9/6/2017 1:48:15 PM, Info: Verifying archive C:\Users\Mike\Desktop\R & R\Town Center Main\VSG-TownCenter v1.05_archive\SPlsWork\SonosLibrary_v2_2.clz...
9/6/2017 1:48:17 PM, Info: Saving project information...
9/6/2017 1:48:17 PM, Info: Verifying archive C:\Users\Mike\Desktop\R & R\Town Center Main\VSG-TownCenter v1.05_archive\SS_RoviTVListings v2.0.clz...
9/6/2017 1:48:18 PM, Info: Saving project information...
9/6/2017 1:48:18 PM, Info: Verifying archive C:\Users\Mike\Desktop\R & R\Town Center Main\VSG-TownCenter v1.05_archive\SS_RoviTVListings v2.0.clz...
9/6/2017 1:48:19 PM, Info: Saving project information...
9/6/2017 1:48:19 PM, Info: Verifying archive C:\Users\Mike\Desktop\R & R\Town Center Main\VSG-TownCenter v1.05_archive\SS_DirecTVController.clz...
9/6/2017 1:48:19 PM, Info: Saving project information...
9/6/2017 1:48:22 PM, Info: Verifying archive C:\Users\Mike\Desktop\R & R\Town Center Main\VSG-TownCenter v1.05_archive\SS_Passwords.clz...
9/6/2017 1:48:22 PM, Info: Saving project information...
9/6/2017 1:48:24 PM, Info: Verifying archive C:\Users\Mike\Desktop\R & R\Town Center Main\VSG-TownCenter v1.05_archive\SS_ShadingController 2.0.clz...
9/6/2017 1:48:25 PM, Info: Saving project information...
9/6/2017 1:48:30 PM, Info: Verifying archive C:\Users\Mike\Desktop\R & R\Town Center Main\VSG-TownCenter v1.05_archive\SPlsWork\Crestron.MediaPlayerValidator.clz...
9/6/2017 1:48:30 PM, Info: Saving project information...
9/6/2017 1:48:31 PM, Info: Verifying archive C:\Users\Mike\Desktop\R & R\Town Center Main\VSG-TownCenter v1.05_archive\SS_ShadingController 2.0.clz...
9/6/2017 1:48:32 PM, Info: Saving project information...
9/6/2017 1:48:42 PM, Info: Commiting verification transaction...
9/6/2017 1:48:42 PM, Info: Saving project information...
9/6/2017 1:49:19 PM, Info: Initializing SIMPLSharp Services...
9/6/2017 1:49:19 PM, Info: ProjectInfo successfully initialized.
9/6/2017 1:49:20 PM, Info: Verifying archive C:\Users\Mike\Desktop\R & R\Town Center Main\VSG-TownCenter v1.05_archive\SS_XMLCommunicator 2.0.clz...
9/6/2017 1:49:20 PM, Info: Saving project information...
9/6/2017 1:49:21 PM, Info: Verifying archive C:\Users\Mike\Desktop\R & R\Town Center Main\VSG-TownCenter v1.05_archive\SS_CoreHubEvents 2.0.clz...
9/6/2017 1:49:21 PM, Info: Saving project information...
9/6/2017 1:49:21 PM, Info: Verifying archive C:\Users\Mike\Desktop\R & R\Town Center Main\VSG-TownCenter v1.05_archive\SPlsWork\SonosLibrary_v2_2.clz...
9/6/2017 1:49:23 PM, Info: Saving project information...
9/6/2017 1:49:23 PM, Info: Verifying archive C:\Users\Mike\Desktop\R & R\Town Center Main\VSG-TownCenter v1.05_archive\SS_RoviTVListings v2.0.clz...
9/6/2017 1:49:24 PM, Info: Saving project information...
9/6/2017 1:49:24 PM, Info: Verifying archive C:\Users\Mike\Desktop\R & R\Town Center Main\VSG-TownCenter v1.05_archive\SS_RoviTVListings v2.0.clz...
9/6/2017 1:49:24 PM, Info: Saving project information...
9/6/2017 1:49:25 PM, Info: Verifying archive C:\Users\Mike\Desktop\R & R\Town Center Main\VSG-TownCenter v1.05_archive\SS_DirecTVController.clz...
9/6/2017 1:49:25 PM, Info: Saving project information...
9/6/2017 1:49:27 PM, Info: Verifying archive C:\Users\Mike\Desktop\R & R\Town Center Main\VSG-TownCenter v1.05_archive\SS_Passwords.clz...
9/6/2017 1:49:27 PM, Info: Saving project information...
9/6/2017 1:49:29 PM, Info: Verifying archive C:\Users\Mike\Desktop\R & R\Town Center Main\VSG-TownCenter v1.05_archive\SS_ShadingController 2.0.clz...
9/6/2017 1:49:30 PM, Info: Saving project information...
9/6/2017 1:49:35 PM, Info: Verifying archive C:\Users\Mike\Desktop\R & R\Town Center Main\VSG-TownCenter v1.05_archive\SPlsWork\Crestron.MediaPlayerValidator.clz...
9/6/2017 1:49:35 PM, Info: Saving project information...
9/6/2017 1:49:36 PM, Info: Verifying archive C:\Users\Mike\Desktop\R & R\Town Center Main\VSG-TownCenter v1.05_archive\SS_ShadingController 2.0.clz...
9/6/2017 1:49:37 PM, Info: Saving project information...
9/6/2017 1:49:46 PM, Info: Commiting verification transaction...
9/6/2017 1:49:46 PM, Info: Saving project information...
9/6/2017 1:51:56 PM, Info: Initializing SIMPLSharp Services...
9/6/2017 1:51:56 PM, Info: ProjectInfo successfully initialized.
9/6/2017 1:51:56 PM, Info: Verifying archive C:\Users\Mike\Desktop\R & R\Town Center Main\VSG-TownCenter v1.05_archive\SS_XMLCommunicator 2.0.clz...
9/6/2017 1:51:57 PM, Info: Saving project information...
9/6/2017 1:51:57 PM, Info: Verifying archive C:\Users\Mike\Desktop\R & R\Town Center Main\VSG-TownCenter v1.05_archive\SS_CoreHubEvents 2.0.clz...
9/6/2017 1:51:58 PM, Info: Saving project information...
9/6/2017 1:51:58 PM, Info: Verifying archive C:\Users\Mike\Desktop\R & R\Town Center Main\VSG-TownCenter v1.05_archive\SPlsWork\SonosLibrary_v2_2.clz...
9/6/2017 1:52:00 PM, Info: Saving project information...
9/6/2017 1:52:00 PM, Info: Verifying archive C:\Users\Mike\Desktop\R & R\Town Center Main\VSG-TownCenter v1.05_archive\SS_RoviTVListings v2.0.clz...
9/6/2017 1:52:00 PM, Info: Saving project information...
9/6/2017 1:52:01 PM, Info: Verifying archive C:\Users\Mike\Desktop\R & R\Town Center Main\VSG-TownCenter v1.05_archive\SS_RoviTVListings v2.0.clz...
9/6/2017 1:52:01 PM, Info: Saving project information...
9/6/2017 1:52:01 PM, Info: Verifying archive C:\Users\Mike\Desktop\R & R\Town Center Main\VSG-TownCenter v1.05_archive\SS_DirecTVController.clz...
9/6/2017 1:52:02 PM, Info: Saving project information...
9/6/2017 1:52:04 PM, Info: Verifying archive C:\Users\Mike\Desktop\R & R\Town Center Main\VSG-TownCenter v1.05_archive\SS_Passwords.clz...
9/6/2017 1:52:04 PM, Info: Saving project information...
9/6/2017 1:52:06 PM, Info: Verifying archive C:\Users\Mike\Desktop\R & R\Town Center Main\VSG-TownCenter v1.05_archive\SS_ShadingController 2.0.clz...
9/6/2017 1:52:07 PM, Info: Saving project information...
9/6/2017 1:52:12 PM, Info: Verifying archive C:\Users\Mike\Desktop\R & R\Town Center Main\VSG-TownCenter v1.05_archive\SPlsWork\Crestron.MediaPlayerValidator.clz...
9/6/2017 1:52:12 PM, Info: Saving project information...
9/6/2017 1:52:13 PM, Info: Verifying archive C:\Users\Mike\Desktop\R & R\Town Center Main\VSG-TownCenter v1.05_archive\SS_ShadingController 2.0.clz...
9/6/2017 1:52:14 PM, Info: Saving project information...
9/6/2017 1:52:23 PM, Info: Commiting verification transaction...
9/6/2017 1:52:23 PM, Info: Saving project information...
9/6/2017 1:58:12 PM, Info: Initializing SIMPLSharp Services...
9/6/2017 1:58:12 PM, Info: ProjectInfo successfully initialized.
9/6/2017 1:58:12 PM, Info: Verifying archive C:\Users\Mike\Desktop\R & R\Town Center Main\VSG-TownCenter v1.05_archive\SS_XMLCommunicator 2.0.clz...
9/6/2017 1:58:13 PM, Info: Saving project information...
9/6/2017 1:58:13 PM, Info: Verifying archive C:\Users\Mike\Desktop\R & R\Town Center Main\VSG-TownCenter v1.05_archive\SS_CoreHubEvents 2.0.clz...
9/6/2017 1:58:14 PM, Info: Saving project information...
9/6/2017 1:58:14 PM, Info: Verifying archive C:\Users\Mike\Desktop\R & R\Town Center Main\VSG-TownCenter v1.05_archive\SPlsWork\SonosLibrary_v2_2.clz...
9/6/2017 1:58:16 PM, Info: Saving project information...
9/6/2017 1:58:17 PM, Info: Verifying archive C:\Users\Mike\Desktop\R & R\Town Center Main\VSG-TownCenter v1.05_archive\SS_RoviTVListings v2.0.clz...
9/6/2017 1:58:17 PM, Info: Saving project information...
9/6/2017 1:58:17 PM, Info: Verifying archive C:\Users\Mike\Desktop\R & R\Town Center Main\VSG-TownCenter v1.05_archive\SS_RoviTVListings v2.0.clz...
9/6/2017 1:58:18 PM, Info: Saving project information...
9/6/2017 1:58:18 PM, Info: Verifying archive C:\Users\Mike\Desktop\R & R\Town Center Main\VSG-TownCenter v1.05_archive\SS_DirecTVController.clz...
9/6/2017 1:58:18 PM, Info: Saving project information...
9/6/2017 1:58:21 PM, Info: Verifying archive C:\Users\Mike\Desktop\R & R\Town Center Main\VSG-TownCenter v1.05_archive\SS_Passwords.clz...
9/6/2017 1:58:21 PM, Info: Saving project information...
9/6/2017 1:58:24 PM, Info: Verifying archive C:\Users\Mike\Desktop\R & R\Town Center Main\VSG-TownCenter v1.05_archive\SS_ShadingController 2.0.clz...
9/6/2017 1:58:24 PM, Info: Saving project information...
9/6/2017 1:58:30 PM, Info: Verifying archive C:\Users\Mike\Desktop\R & R\Town Center Main\VSG-TownCenter v1.05_archive\SPlsWork\Crestron.MediaPlayerValidator.clz...
9/6/2017 1:58:30 PM, Info: Saving project information...
9/6/2017 1:58:31 PM, Info: Verifying archive C:\Users\Mike\Desktop\R & R\Town Center Main\VSG-TownCenter v1.05_archive\SS_ShadingController 2.0.clz...
9/6/2017 1:58:32 PM, Info: Saving project information...
9/6/2017 1:58:43 PM, Info: Commiting verification transaction...
9/6/2017 1:58:43 PM, Info: Saving project information...
9/6/2017 2:08:35 PM, Info: Terminating SIMPLSharp Services
9/6/2017 2:08:35 PM, Info: Saving project information...
9/6/2017 2:08:35 PM, Info: Terminating SIMPLSharp Services
9/6/2017 2:08:35 PM, Info: Saving project information...
9/6/2017 2:08:35 PM, Info: Terminating SIMPLSharp Services
9/6/2017 2:08:35 PM, Info: Saving project information...
9/6/2017 2:08:35 PM, Info: Terminating SIMPLSharp Services
9/6/2017 2:08:35 PM, Info: Saving project information...
9/6/2017 2:08:35 PM, Info: Terminating SIMPLSharp Services
9/6/2017 2:08:35 PM, Info: Saving project information...
9/6/2017 2:08:35 PM, Info: Terminating SIMPLSharp Services
9/6/2017 2:08:35 PM, Info: Saving project information...
9/6/2017 2:08:35 PM, Info: Terminating SIMPLSharp Services
