6/15/2017 8:21:50 PM, Info: Initializing SIMPLSharp Services...
6/15/2017 8:21:50 PM, Info: ProjectInfo successfully initialized.
6/15/2017 8:21:51 PM, Info: Verifying archive C:\Users\Mike\Documents\00 Volta\R&R\Town Center Main\VSG-TownCenter v1.05_archive\SS_XMLCommunicator 2.0.clz...
6/15/2017 8:21:51 PM, Info: Saving project information...
6/15/2017 8:21:52 PM, Info: Verifying archive C:\Users\Mike\Documents\00 Volta\R&R\Town Center Main\VSG-TownCenter v1.05_archive\SS_CoreHubEvents 2.0.clz...
6/15/2017 8:21:53 PM, Info: Saving project information...
6/15/2017 8:21:54 PM, Info: Verifying archive C:\Users\Mike\Documents\00 Volta\R&R\Town Center Main\VSG-TownCenter v1.05_archive\SPlsWork\SonosLibrary_v2_2.clz...
6/15/2017 8:21:57 PM, Info: Saving project information...
6/15/2017 8:21:57 PM, Info: Verifying archive C:\Users\Mike\Documents\00 Volta\R&R\Town Center Main\VSG-TownCenter v1.05_archive\SS_RoviTVListings v2.0.clz...
6/15/2017 8:21:58 PM, Info: Saving project information...
6/15/2017 8:21:59 PM, Info: Verifying archive C:\Users\Mike\Documents\00 Volta\R&R\Town Center Main\VSG-TownCenter v1.05_archive\SS_RoviTVListings v2.0.clz...
6/15/2017 8:21:59 PM, Info: Saving project information...
6/15/2017 8:22:00 PM, Info: Verifying archive C:\Users\Mike\Documents\00 Volta\R&R\Town Center Main\VSG-TownCenter v1.05_archive\SS_DirecTVController.clz...
6/15/2017 8:22:00 PM, Info: Saving project information...
6/15/2017 8:22:03 PM, Info: Verifying archive C:\Users\Mike\Documents\00 Volta\R&R\Town Center Main\VSG-TownCenter v1.05_archive\SPlsWork\SonosLibrary_v2_2.clz...
6/15/2017 8:22:07 PM, Info: Saving project information...
6/15/2017 8:22:07 PM, Info: Verifying archive C:\Users\Mike\Documents\00 Volta\R&R\Town Center Main\VSG-TownCenter v1.05_archive\SS_Passwords.clz...
6/15/2017 8:22:08 PM, Info: Saving project information...
6/15/2017 8:22:14 PM, Info: Verifying archive C:\Users\Mike\Documents\00 Volta\R&R\Town Center Main\VSG-TownCenter v1.05_archive\SS_ShadingController 2.0.clz...
6/15/2017 8:22:15 PM, Info: Saving project information...
6/15/2017 8:22:24 PM, Info: Verifying archive C:\Users\Mike\Documents\00 Volta\R&R\Town Center Main\VSG-TownCenter v1.05_archive\SPlsWork\AppHelperClasses v2_0.clz...
6/15/2017 8:22:24 PM, Info: Saving project information...
6/15/2017 8:22:25 PM, Info: Verifying archive C:\Users\Mike\Documents\00 Volta\R&R\Town Center Main\VSG-TownCenter v1.05_archive\SPlsWork\Crestron.MediaPlayerValidator.clz...
6/15/2017 8:22:25 PM, Info: Saving project information...
6/15/2017 8:22:28 PM, Info: Verifying archive C:\Users\Mike\Documents\00 Volta\R&R\Town Center Main\VSG-TownCenter v1.05_archive\SS_ShadingController 2.0.clz...
6/15/2017 8:22:29 PM, Info: Saving project information...
6/15/2017 8:22:33 PM, Info: Commiting verification transaction...
6/15/2017 8:22:33 PM, Info: Saving project information...
6/15/2017 8:25:14 PM, Info: Initializing SIMPLSharp Services...
6/15/2017 8:25:15 PM, Info: ProjectInfo successfully initialized.
6/15/2017 8:25:15 PM, Info: Verifying archive C:\Users\Mike\Documents\00 Volta\R&R\Town Center Main\VSG-TownCenter v1.05_archive\SS_XMLCommunicator 2.0.clz...
6/15/2017 8:25:16 PM, Info: Saving project information...
6/15/2017 8:25:17 PM, Info: Verifying archive C:\Users\Mike\Documents\00 Volta\R&R\Town Center Main\VSG-TownCenter v1.05_archive\SS_CoreHubEvents 2.0.clz...
6/15/2017 8:25:17 PM, Info: Saving project information...
6/15/2017 8:25:18 PM, Info: Verifying archive C:\Users\Mike\Documents\00 Volta\R&R\Town Center Main\VSG-TownCenter v1.05_archive\SPlsWork\SonosLibrary_v2_2.clz...
6/15/2017 8:25:21 PM, Info: Saving project information...
6/15/2017 8:25:22 PM, Info: Verifying archive C:\Users\Mike\Documents\00 Volta\R&R\Town Center Main\VSG-TownCenter v1.05_archive\SS_RoviTVListings v2.0.clz...
6/15/2017 8:25:23 PM, Info: Saving project information...
6/15/2017 8:25:23 PM, Info: Verifying archive C:\Users\Mike\Documents\00 Volta\R&R\Town Center Main\VSG-TownCenter v1.05_archive\SS_RoviTVListings v2.0.clz...
6/15/2017 8:25:24 PM, Info: Saving project information...
6/15/2017 8:25:24 PM, Info: Verifying archive C:\Users\Mike\Documents\00 Volta\R&R\Town Center Main\VSG-TownCenter v1.05_archive\SS_DirecTVController.clz...
6/15/2017 8:25:24 PM, Info: Saving project information...
6/15/2017 8:25:27 PM, Info: Verifying archive C:\Users\Mike\Documents\00 Volta\R&R\Town Center Main\VSG-TownCenter v1.05_archive\SPlsWork\SonosLibrary_v2_2.clz...
6/15/2017 8:25:29 PM, Info: Saving project information...
6/15/2017 8:25:30 PM, Info: Verifying archive C:\Users\Mike\Documents\00 Volta\R&R\Town Center Main\VSG-TownCenter v1.05_archive\SS_Passwords.clz...
6/15/2017 8:25:30 PM, Info: Saving project information...
6/15/2017 8:25:36 PM, Info: Verifying archive C:\Users\Mike\Documents\00 Volta\R&R\Town Center Main\VSG-TownCenter v1.05_archive\SS_ShadingController 2.0.clz...
6/15/2017 8:25:36 PM, Info: Saving project information...
6/15/2017 8:25:44 PM, Info: Verifying archive C:\Users\Mike\Documents\00 Volta\R&R\Town Center Main\VSG-TownCenter v1.05_archive\SPlsWork\AppHelperClasses v2_0.clz...
6/15/2017 8:25:44 PM, Info: Saving project information...
6/15/2017 8:25:45 PM, Info: Verifying archive C:\Users\Mike\Documents\00 Volta\R&R\Town Center Main\VSG-TownCenter v1.05_archive\SPlsWork\Crestron.MediaPlayerValidator.clz...
6/15/2017 8:25:45 PM, Info: Saving project information...
6/15/2017 8:25:47 PM, Info: Verifying archive C:\Users\Mike\Documents\00 Volta\R&R\Town Center Main\VSG-TownCenter v1.05_archive\SS_ShadingController 2.0.clz...
6/15/2017 8:25:48 PM, Info: Saving project information...
6/15/2017 8:25:52 PM, Info: Commiting verification transaction...
6/15/2017 8:25:52 PM, Info: Saving project information...
6/15/2017 8:28:14 PM, Info: Initializing SIMPLSharp Services...
6/15/2017 8:28:14 PM, Info: ProjectInfo successfully initialized.
6/15/2017 8:28:15 PM, Info: Verifying archive C:\Users\Mike\Documents\00 Volta\R&R\Town Center Main\VSG-TownCenter v1.05_archive\SS_XMLCommunicator 2.0.clz...
6/15/2017 8:28:15 PM, Info: Saving project information...
6/15/2017 8:28:16 PM, Info: Verifying archive C:\Users\Mike\Documents\00 Volta\R&R\Town Center Main\VSG-TownCenter v1.05_archive\SS_CoreHubEvents 2.0.clz...
6/15/2017 8:28:16 PM, Info: Saving project information...
6/15/2017 8:28:17 PM, Info: Verifying archive C:\Users\Mike\Documents\00 Volta\R&R\Town Center Main\VSG-TownCenter v1.05_archive\SPlsWork\SonosLibrary_v2_2.clz...
6/15/2017 8:28:19 PM, Info: Saving project information...
6/15/2017 8:28:19 PM, Info: Verifying archive C:\Users\Mike\Documents\00 Volta\R&R\Town Center Main\VSG-TownCenter v1.05_archive\SS_RoviTVListings v2.0.clz...
6/15/2017 8:28:19 PM, Info: Saving project information...
6/15/2017 8:28:20 PM, Info: Verifying archive C:\Users\Mike\Documents\00 Volta\R&R\Town Center Main\VSG-TownCenter v1.05_archive\SS_RoviTVListings v2.0.clz...
6/15/2017 8:28:20 PM, Info: Saving project information...
6/15/2017 8:28:21 PM, Info: Verifying archive C:\Users\Mike\Documents\00 Volta\R&R\Town Center Main\VSG-TownCenter v1.05_archive\SS_DirecTVController.clz...
6/15/2017 8:28:21 PM, Info: Saving project information...
6/15/2017 8:28:23 PM, Info: Verifying archive C:\Users\Mike\Documents\00 Volta\R&R\Town Center Main\VSG-TownCenter v1.05_archive\SS_Passwords.clz...
6/15/2017 8:28:23 PM, Info: Saving project information...
6/15/2017 8:28:25 PM, Info: Verifying archive C:\Users\Mike\Documents\00 Volta\R&R\Town Center Main\VSG-TownCenter v1.05_archive\SS_ShadingController 2.0.clz...
6/15/2017 8:28:26 PM, Info: Saving project information...
6/15/2017 8:28:31 PM, Info: Verifying archive C:\Users\Mike\Documents\00 Volta\R&R\Town Center Main\VSG-TownCenter v1.05_archive\SPlsWork\Crestron.MediaPlayerValidator.clz...
6/15/2017 8:28:31 PM, Info: Saving project information...
6/15/2017 8:28:32 PM, Info: Verifying archive C:\Users\Mike\Documents\00 Volta\R&R\Town Center Main\VSG-TownCenter v1.05_archive\SS_ShadingController 2.0.clz...
6/15/2017 8:28:33 PM, Info: Saving project information...
6/15/2017 8:28:36 PM, Info: Commiting verification transaction...
6/15/2017 8:28:36 PM, Info: Saving project information...
6/15/2017 8:32:50 PM, Info: Initializing SIMPLSharp Services...
6/15/2017 8:32:50 PM, Info: ProjectInfo successfully initialized.
6/15/2017 8:32:51 PM, Info: Verifying archive C:\Users\Mike\Documents\00 Volta\R&R\Town Center Main\VSG-TownCenter v1.05_archive\SS_XMLCommunicator 2.0.clz...
6/15/2017 8:32:51 PM, Info: Saving project information...
6/15/2017 8:32:52 PM, Info: Verifying archive C:\Users\Mike\Documents\00 Volta\R&R\Town Center Main\VSG-TownCenter v1.05_archive\SS_CoreHubEvents 2.0.clz...
6/15/2017 8:32:52 PM, Info: Saving project information...
6/15/2017 8:32:53 PM, Info: Verifying archive C:\Users\Mike\Documents\00 Volta\R&R\Town Center Main\VSG-TownCenter v1.05_archive\SPlsWork\SonosLibrary_v2_2.clz...
6/15/2017 8:32:54 PM, Info: Saving project information...
6/15/2017 8:32:55 PM, Info: Verifying archive C:\Users\Mike\Documents\00 Volta\R&R\Town Center Main\VSG-TownCenter v1.05_archive\SS_RoviTVListings v2.0.clz...
6/15/2017 8:32:55 PM, Info: Saving project information...
6/15/2017 8:32:56 PM, Info: Verifying archive C:\Users\Mike\Documents\00 Volta\R&R\Town Center Main\VSG-TownCenter v1.05_archive\SS_RoviTVListings v2.0.clz...
6/15/2017 8:32:56 PM, Info: Saving project information...
6/15/2017 8:32:56 PM, Info: Verifying archive C:\Users\Mike\Documents\00 Volta\R&R\Town Center Main\VSG-TownCenter v1.05_archive\SS_DirecTVController.clz...
6/15/2017 8:32:57 PM, Info: Saving project information...
6/15/2017 8:32:59 PM, Info: Verifying archive C:\Users\Mike\Documents\00 Volta\R&R\Town Center Main\VSG-TownCenter v1.05_archive\SS_Passwords.clz...
6/15/2017 8:32:59 PM, Info: Saving project information...
6/15/2017 8:33:01 PM, Info: Verifying archive C:\Users\Mike\Documents\00 Volta\R&R\Town Center Main\VSG-TownCenter v1.05_archive\SS_ShadingController 2.0.clz...
6/15/2017 8:33:02 PM, Info: Saving project information...
6/15/2017 8:33:06 PM, Info: Verifying archive C:\Users\Mike\Documents\00 Volta\R&R\Town Center Main\VSG-TownCenter v1.05_archive\SPlsWork\Crestron.MediaPlayerValidator.clz...
6/15/2017 8:33:06 PM, Info: Saving project information...
6/15/2017 8:33:08 PM, Info: Verifying archive C:\Users\Mike\Documents\00 Volta\R&R\Town Center Main\VSG-TownCenter v1.05_archive\SS_ShadingController 2.0.clz...
6/15/2017 8:33:09 PM, Info: Saving project information...
6/15/2017 8:33:11 PM, Info: Commiting verification transaction...
6/15/2017 8:33:11 PM, Info: Saving project information...
6/15/2017 8:37:12 PM, Info: Initializing SIMPLSharp Services...
6/15/2017 8:37:12 PM, Info: ProjectInfo successfully initialized.
6/15/2017 8:37:13 PM, Info: Verifying archive C:\Users\Mike\Documents\00 Volta\R&R\Town Center Main\VSG-TownCenter v1.05_archive\SS_XMLCommunicator 2.0.clz...
6/15/2017 8:37:13 PM, Info: Saving project information...
6/15/2017 8:37:14 PM, Info: Verifying archive C:\Users\Mike\Documents\00 Volta\R&R\Town Center Main\VSG-TownCenter v1.05_archive\SS_CoreHubEvents 2.0.clz...
6/15/2017 8:37:14 PM, Info: Saving project information...
6/15/2017 8:37:15 PM, Info: Verifying archive C:\Users\Mike\Documents\00 Volta\R&R\Town Center Main\VSG-TownCenter v1.05_archive\SPlsWork\SonosLibrary_v2_2.clz...
6/15/2017 8:37:17 PM, Info: Saving project information...
6/15/2017 8:37:17 PM, Info: Verifying archive C:\Users\Mike\Documents\00 Volta\R&R\Town Center Main\VSG-TownCenter v1.05_archive\SS_RoviTVListings v2.0.clz...
6/15/2017 8:37:18 PM, Info: Saving project information...
6/15/2017 8:37:18 PM, Info: Verifying archive C:\Users\Mike\Documents\00 Volta\R&R\Town Center Main\VSG-TownCenter v1.05_archive\SS_RoviTVListings v2.0.clz...
6/15/2017 8:37:18 PM, Info: Saving project information...
6/15/2017 8:37:19 PM, Info: Verifying archive C:\Users\Mike\Documents\00 Volta\R&R\Town Center Main\VSG-TownCenter v1.05_archive\SS_DirecTVController.clz...
6/15/2017 8:37:19 PM, Info: Saving project information...
6/15/2017 8:37:21 PM, Info: Verifying archive C:\Users\Mike\Documents\00 Volta\R&R\Town Center Main\VSG-TownCenter v1.05_archive\SS_Passwords.clz...
6/15/2017 8:37:21 PM, Info: Saving project information...
6/15/2017 8:37:24 PM, Info: Verifying archive C:\Users\Mike\Documents\00 Volta\R&R\Town Center Main\VSG-TownCenter v1.05_archive\SS_ShadingController 2.0.clz...
6/15/2017 8:37:24 PM, Info: Saving project information...
6/15/2017 8:37:29 PM, Info: Verifying archive C:\Users\Mike\Documents\00 Volta\R&R\Town Center Main\VSG-TownCenter v1.05_archive\SPlsWork\Crestron.MediaPlayerValidator.clz...
6/15/2017 8:37:29 PM, Info: Saving project information...
6/15/2017 8:37:30 PM, Info: Verifying archive C:\Users\Mike\Documents\00 Volta\R&R\Town Center Main\VSG-TownCenter v1.05_archive\SS_ShadingController 2.0.clz...
6/15/2017 8:37:31 PM, Info: Saving project information...
6/15/2017 8:37:34 PM, Info: Commiting verification transaction...
6/15/2017 8:37:34 PM, Info: Saving project information...
6/15/2017 8:39:16 PM, Info: Initializing SIMPLSharp Services...
6/15/2017 8:39:16 PM, Info: ProjectInfo successfully initialized.
6/15/2017 8:39:16 PM, Info: Verifying archive C:\Users\Mike\Documents\00 Volta\R&R\Town Center Main\VSG-TownCenter v1.05_archive\SS_XMLCommunicator 2.0.clz...
6/15/2017 8:39:17 PM, Info: Saving project information...
6/15/2017 8:39:17 PM, Info: Verifying archive C:\Users\Mike\Documents\00 Volta\R&R\Town Center Main\VSG-TownCenter v1.05_archive\SS_CoreHubEvents 2.0.clz...
6/15/2017 8:39:18 PM, Info: Saving project information...
6/15/2017 8:39:18 PM, Info: Verifying archive C:\Users\Mike\Documents\00 Volta\R&R\Town Center Main\VSG-TownCenter v1.05_archive\SPlsWork\SonosLibrary_v2_2.clz...
6/15/2017 8:39:20 PM, Info: Saving project information...
6/15/2017 8:39:21 PM, Info: Verifying archive C:\Users\Mike\Documents\00 Volta\R&R\Town Center Main\VSG-TownCenter v1.05_archive\SS_RoviTVListings v2.0.clz...
6/15/2017 8:39:21 PM, Info: Saving project information...
6/15/2017 8:39:22 PM, Info: Verifying archive C:\Users\Mike\Documents\00 Volta\R&R\Town Center Main\VSG-TownCenter v1.05_archive\SS_RoviTVListings v2.0.clz...
6/15/2017 8:39:22 PM, Info: Saving project information...
6/15/2017 8:39:22 PM, Info: Verifying archive C:\Users\Mike\Documents\00 Volta\R&R\Town Center Main\VSG-TownCenter v1.05_archive\SS_DirecTVController.clz...
6/15/2017 8:39:23 PM, Info: Saving project information...
6/15/2017 8:39:25 PM, Info: Verifying archive C:\Users\Mike\Documents\00 Volta\R&R\Town Center Main\VSG-TownCenter v1.05_archive\SS_Passwords.clz...
6/15/2017 8:39:25 PM, Info: Saving project information...
6/15/2017 8:39:27 PM, Info: Verifying archive C:\Users\Mike\Documents\00 Volta\R&R\Town Center Main\VSG-TownCenter v1.05_archive\SS_ShadingController 2.0.clz...
6/15/2017 8:39:28 PM, Info: Saving project information...
6/15/2017 8:39:32 PM, Info: Verifying archive C:\Users\Mike\Documents\00 Volta\R&R\Town Center Main\VSG-TownCenter v1.05_archive\SPlsWork\Crestron.MediaPlayerValidator.clz...
6/15/2017 8:39:33 PM, Info: Saving project information...
6/15/2017 8:39:34 PM, Info: Verifying archive C:\Users\Mike\Documents\00 Volta\R&R\Town Center Main\VSG-TownCenter v1.05_archive\SS_ShadingController 2.0.clz...
6/15/2017 8:39:35 PM, Info: Saving project information...
6/15/2017 8:39:38 PM, Info: Commiting verification transaction...
6/15/2017 8:39:38 PM, Info: Saving project information...
6/15/2017 8:58:15 PM, Info: Terminating SIMPLSharp Services
6/15/2017 8:58:15 PM, Info: Saving project information...
6/15/2017 8:58:15 PM, Info: Terminating SIMPLSharp Services
6/15/2017 8:58:15 PM, Info: Saving project information...
6/15/2017 8:58:15 PM, Info: Terminating SIMPLSharp Services
6/15/2017 8:58:15 PM, Info: Saving project information...
6/15/2017 8:58:15 PM, Info: Terminating SIMPLSharp Services
6/15/2017 8:58:15 PM, Info: Saving project information...
6/15/2017 8:58:15 PM, Info: Terminating SIMPLSharp Services
6/15/2017 8:58:15 PM, Info: Saving project information...
6/15/2017 8:58:15 PM, Info: Terminating SIMPLSharp Services
