9/6/2017 10:56:30 AM, Info: Saving project information...
9/6/2017 10:56:33 AM, Info: Verifying archive C:\Users\Mike\Desktop\R & R\Town Center Main\VSG-TownCenter v1.05_archive\SS_Passwords.clz...
9/6/2017 10:56:33 AM, Info: Saving project information...
9/6/2017 10:56:36 AM, Info: Verifying archive C:\Users\Mike\Desktop\R & R\Town Center Main\VSG-TownCenter v1.05_archive\SS_ShadingController 2.0.clz...
9/6/2017 10:56:37 AM, Info: Saving project information...
9/6/2017 10:56:42 AM, Info: Verifying archive C:\Users\Mike\Desktop\R & R\Town Center Main\VSG-TownCenter v1.05_archive\SPlsWork\Crestron.MediaPlayerValidator.clz...
9/6/2017 10:56:42 AM, Info: Saving project information...
9/6/2017 10:56:43 AM, Info: Verifying archive C:\Users\Mike\Desktop\R & R\Town Center Main\VSG-TownCenter v1.05_archive\SS_ShadingController 2.0.clz...
9/6/2017 10:56:44 AM, Info: Saving project information...
9/6/2017 10:56:47 AM, Info: Commiting verification transaction...
9/6/2017 10:56:47 AM, Info: Saving project information...
9/6/2017 10:58:35 AM, Info: Initializing SIMPLSharp Services...
9/6/2017 10:58:35 AM, Info: ProjectInfo successfully initialized.
9/6/2017 10:58:36 AM, Info: Verifying archive C:\Users\Mike\Desktop\R & R\Town Center Main\VSG-TownCenter v1.05_archive\SS_XMLCommunicator 2.0.clz...
9/6/2017 10:58:36 AM, Info: Saving project information...
9/6/2017 10:58:36 AM, Info: Verifying archive C:\Users\Mike\Desktop\R & R\Town Center Main\VSG-TownCenter v1.05_archive\SS_CoreHubEvents 2.0.clz...
9/6/2017 10:58:37 AM, Info: Saving project information...
9/6/2017 10:58:37 AM, Info: Verifying archive C:\Users\Mike\Desktop\R & R\Town Center Main\VSG-TownCenter v1.05_archive\SPlsWork\SonosLibrary_v2_2.clz...
9/6/2017 10:58:39 AM, Info: Saving project information...
9/6/2017 10:58:39 AM, Info: Verifying archive C:\Users\Mike\Desktop\R & R\Town Center Main\VSG-TownCenter v1.05_archive\SS_RoviTVListings v2.0.clz...
9/6/2017 10:58:40 AM, Info: Saving project information...
9/6/2017 10:58:40 AM, Info: Verifying archive C:\Users\Mike\Desktop\R & R\Town Center Main\VSG-TownCenter v1.05_archive\SS_RoviTVListings v2.0.clz...
9/6/2017 10:58:40 AM, Info: Saving project information...
9/6/2017 10:58:41 AM, Info: Verifying archive C:\Users\Mike\Desktop\R & R\Town Center Main\VSG-TownCenter v1.05_archive\SS_DirecTVController.clz...
9/6/2017 10:58:41 AM, Info: Saving project information...
9/6/2017 10:58:43 AM, Info: Verifying archive C:\Users\Mike\Desktop\R & R\Town Center Main\VSG-TownCenter v1.05_archive\SS_Passwords.clz...
9/6/2017 10:58:43 AM, Info: Saving project information...
9/6/2017 10:58:45 AM, Info: Verifying archive C:\Users\Mike\Desktop\R & R\Town Center Main\VSG-TownCenter v1.05_archive\SS_ShadingController 2.0.clz...
9/6/2017 10:58:46 AM, Info: Saving project information...
9/6/2017 10:58:51 AM, Info: Verifying archive C:\Users\Mike\Desktop\R & R\Town Center Main\VSG-TownCenter v1.05_archive\SPlsWork\Crestron.MediaPlayerValidator.clz...
9/6/2017 10:58:51 AM, Info: Saving project information...
9/6/2017 10:58:52 AM, Info: Verifying archive C:\Users\Mike\Desktop\R & R\Town Center Main\VSG-TownCenter v1.05_archive\SS_ShadingController 2.0.clz...
9/6/2017 10:58:53 AM, Info: Saving project information...
9/6/2017 10:59:03 AM, Info: Commiting verification transaction...
9/6/2017 10:59:03 AM, Info: Saving project information...
9/6/2017 11:06:54 AM, Info: Initializing SIMPLSharp Services...
9/6/2017 11:06:54 AM, Info: ProjectInfo successfully initialized.
9/6/2017 11:06:54 AM, Info: Verifying archive C:\Users\Mike\Desktop\R & R\Town Center Main\VSG-TownCenter v1.05_archive\SS_XMLCommunicator 2.0.clz...
9/6/2017 11:06:54 AM, Info: Saving project information...
9/6/2017 11:06:55 AM, Info: Verifying archive C:\Users\Mike\Desktop\R & R\Town Center Main\VSG-TownCenter v1.05_archive\SS_CoreHubEvents 2.0.clz...
9/6/2017 11:06:55 AM, Info: Saving project information...
9/6/2017 11:06:56 AM, Info: Verifying archive C:\Users\Mike\Desktop\R & R\Town Center Main\VSG-TownCenter v1.05_archive\SPlsWork\SonosLibrary_v2_2.clz...
9/6/2017 11:06:57 AM, Info: Saving project information...
9/6/2017 11:06:58 AM, Info: Verifying archive C:\Users\Mike\Desktop\R & R\Town Center Main\VSG-TownCenter v1.05_archive\SS_RoviTVListings v2.0.clz...
9/6/2017 11:06:58 AM, Info: Saving project information...
9/6/2017 11:06:58 AM, Info: Verifying archive C:\Users\Mike\Desktop\R & R\Town Center Main\VSG-TownCenter v1.05_archive\SS_RoviTVListings v2.0.clz...
9/6/2017 11:06:59 AM, Info: Saving project information...
9/6/2017 11:06:59 AM, Info: Verifying archive C:\Users\Mike\Desktop\R & R\Town Center Main\VSG-TownCenter v1.05_archive\SS_DirecTVController.clz...
9/6/2017 11:06:59 AM, Info: Saving project information...
9/6/2017 11:07:01 AM, Info: Verifying archive C:\Users\Mike\Desktop\R & R\Town Center Main\VSG-TownCenter v1.05_archive\SS_Passwords.clz...
9/6/2017 11:07:02 AM, Info: Saving project information...
9/6/2017 11:07:04 AM, Info: Verifying archive C:\Users\Mike\Desktop\R & R\Town Center Main\VSG-TownCenter v1.05_archive\SS_ShadingController 2.0.clz...
9/6/2017 11:07:04 AM, Info: Saving project information...
9/6/2017 11:07:09 AM, Info: Verifying archive C:\Users\Mike\Desktop\R & R\Town Center Main\VSG-TownCenter v1.05_archive\SPlsWork\Crestron.MediaPlayerValidator.clz...
9/6/2017 11:07:09 AM, Info: Saving project information...
9/6/2017 11:07:11 AM, Info: Verifying archive C:\Users\Mike\Desktop\R & R\Town Center Main\VSG-TownCenter v1.05_archive\SS_ShadingController 2.0.clz...
9/6/2017 11:07:11 AM, Info: Saving project information...
9/6/2017 11:07:21 AM, Info: Commiting verification transaction...
9/6/2017 11:07:21 AM, Info: Saving project information...
9/6/2017 11:22:25 AM, Info: Initializing SIMPLSharp Services...
9/6/2017 11:22:25 AM, Info: ProjectInfo successfully initialized.
9/6/2017 11:22:26 AM, Info: Verifying archive C:\Users\Mike\Desktop\R & R\Town Center Main\VSG-TownCenter v1.05_archive\SS_XMLCommunicator 2.0.clz...
9/6/2017 11:22:26 AM, Info: Saving project information...
9/6/2017 11:22:27 AM, Info: Verifying archive C:\Users\Mike\Desktop\R & R\Town Center Main\VSG-TownCenter v1.05_archive\SS_CoreHubEvents 2.0.clz...
9/6/2017 11:22:27 AM, Info: Saving project information...
9/6/2017 11:22:28 AM, Info: Verifying archive C:\Users\Mike\Desktop\R & R\Town Center Main\VSG-TownCenter v1.05_archive\SPlsWork\SonosLibrary_v2_2.clz...
9/6/2017 11:22:29 AM, Info: Saving project information...
9/6/2017 11:22:30 AM, Info: Verifying archive C:\Users\Mike\Desktop\R & R\Town Center Main\VSG-TownCenter v1.05_archive\SS_RoviTVListings v2.0.clz...
9/6/2017 11:22:30 AM, Info: Saving project information...
9/6/2017 11:22:30 AM, Info: Verifying archive C:\Users\Mike\Desktop\R & R\Town Center Main\VSG-TownCenter v1.05_archive\SS_RoviTVListings v2.0.clz...
9/6/2017 11:22:31 AM, Info: Saving project information...
9/6/2017 11:22:31 AM, Info: Verifying archive C:\Users\Mike\Desktop\R & R\Town Center Main\VSG-TownCenter v1.05_archive\SS_DirecTVController.clz...
9/6/2017 11:22:31 AM, Info: Saving project information...
9/6/2017 11:22:33 AM, Info: Verifying archive C:\Users\Mike\Desktop\R & R\Town Center Main\VSG-TownCenter v1.05_archive\SS_Passwords.clz...
9/6/2017 11:22:34 AM, Info: Saving project information...
9/6/2017 11:22:36 AM, Info: Verifying archive C:\Users\Mike\Desktop\R & R\Town Center Main\VSG-TownCenter v1.05_archive\SS_ShadingController 2.0.clz...
9/6/2017 11:22:36 AM, Info: Saving project information...
9/6/2017 11:22:41 AM, Info: Verifying archive C:\Users\Mike\Desktop\R & R\Town Center Main\VSG-TownCenter v1.05_archive\SPlsWork\Crestron.MediaPlayerValidator.clz...
9/6/2017 11:22:42 AM, Info: Saving project information...
9/6/2017 11:22:43 AM, Info: Verifying archive C:\Users\Mike\Desktop\R & R\Town Center Main\VSG-TownCenter v1.05_archive\SS_ShadingController 2.0.clz...
9/6/2017 11:22:43 AM, Info: Saving project information...
9/6/2017 11:22:53 AM, Info: Commiting verification transaction...
9/6/2017 11:22:53 AM, Info: Saving project information...
9/6/2017 12:02:32 PM, Info: Initializing SIMPLSharp Services...
9/6/2017 12:02:32 PM, Info: ProjectInfo successfully initialized.
9/6/2017 12:02:32 PM, Info: Verifying archive C:\Users\Mike\Desktop\R & R\Town Center Main\VSG-TownCenter v1.05_archive\SS_XMLCommunicator 2.0.clz...
9/6/2017 12:02:33 PM, Info: Saving project information...
9/6/2017 12:02:33 PM, Info: Verifying archive C:\Users\Mike\Desktop\R & R\Town Center Main\VSG-TownCenter v1.05_archive\SS_CoreHubEvents 2.0.clz...
9/6/2017 12:02:34 PM, Info: Saving project information...
9/6/2017 12:02:34 PM, Info: Verifying archive C:\Users\Mike\Desktop\R & R\Town Center Main\VSG-TownCenter v1.05_archive\SPlsWork\SonosLibrary_v2_2.clz...
9/6/2017 12:02:36 PM, Info: Saving project information...
9/6/2017 12:02:36 PM, Info: Verifying archive C:\Users\Mike\Desktop\R & R\Town Center Main\VSG-TownCenter v1.05_archive\SS_RoviTVListings v2.0.clz...
9/6/2017 12:02:36 PM, Info: Saving project information...
9/6/2017 12:02:37 PM, Info: Verifying archive C:\Users\Mike\Desktop\R & R\Town Center Main\VSG-TownCenter v1.05_archive\SS_RoviTVListings v2.0.clz...
9/6/2017 12:02:37 PM, Info: Saving project information...
9/6/2017 12:02:37 PM, Info: Verifying archive C:\Users\Mike\Desktop\R & R\Town Center Main\VSG-TownCenter v1.05_archive\SS_DirecTVController.clz...
9/6/2017 12:02:37 PM, Info: Saving project information...
9/6/2017 12:02:40 PM, Info: Verifying archive C:\Users\Mike\Desktop\R & R\Town Center Main\VSG-TownCenter v1.05_archive\SS_Passwords.clz...
9/6/2017 12:02:40 PM, Info: Saving project information...
9/6/2017 12:02:42 PM, Info: Verifying archive C:\Users\Mike\Desktop\R & R\Town Center Main\VSG-TownCenter v1.05_archive\SS_ShadingController 2.0.clz...
9/6/2017 12:02:43 PM, Info: Saving project information...
9/6/2017 12:02:48 PM, Info: Verifying archive C:\Users\Mike\Desktop\R & R\Town Center Main\VSG-TownCenter v1.05_archive\SPlsWork\Crestron.MediaPlayerValidator.clz...
9/6/2017 12:02:48 PM, Info: Saving project information...
9/6/2017 12:02:49 PM, Info: Verifying archive C:\Users\Mike\Desktop\R & R\Town Center Main\VSG-TownCenter v1.05_archive\SS_ShadingController 2.0.clz...
9/6/2017 12:02:49 PM, Info: Saving project information...
9/6/2017 12:02:59 PM, Info: Commiting verification transaction...
9/6/2017 12:02:59 PM, Info: Saving project information...
9/6/2017 1:05:30 PM, Info: Initializing SIMPLSharp Services...
9/6/2017 1:05:30 PM, Info: ProjectInfo successfully initialized.
9/6/2017 1:05:31 PM, Info: Verifying archive C:\Users\Mike\Desktop\R & R\Town Center Main\VSG-TownCenter v1.05_archive\SS_XMLCommunicator 2.0.clz...
9/6/2017 1:05:31 PM, Info: Saving project information...
9/6/2017 1:05:32 PM, Info: Verifying archive C:\Users\Mike\Desktop\R & R\Town Center Main\VSG-TownCenter v1.05_archive\SS_CoreHubEvents 2.0.clz...
9/6/2017 1:05:32 PM, Info: Saving project information...
9/6/2017 1:05:32 PM, Info: Verifying archive C:\Users\Mike\Desktop\R & R\Town Center Main\VSG-TownCenter v1.05_archive\SPlsWork\SonosLibrary_v2_2.clz...
9/6/2017 1:05:34 PM, Info: Saving project information...
9/6/2017 1:05:34 PM, Info: Verifying archive C:\Users\Mike\Desktop\R & R\Town Center Main\VSG-TownCenter v1.05_archive\SS_RoviTVListings v2.0.clz...
9/6/2017 1:05:35 PM, Info: Saving project information...
9/6/2017 1:05:35 PM, Info: Verifying archive C:\Users\Mike\Desktop\R & R\Town Center Main\VSG-TownCenter v1.05_archive\SS_RoviTVListings v2.0.clz...
9/6/2017 1:05:35 PM, Info: Saving project information...
9/6/2017 1:05:36 PM, Info: Verifying archive C:\Users\Mike\Desktop\R & R\Town Center Main\VSG-TownCenter v1.05_archive\SS_DirecTVController.clz...
9/6/2017 1:05:36 PM, Info: Saving project information...
9/6/2017 1:05:38 PM, Info: Verifying archive C:\Users\Mike\Desktop\R & R\Town Center Main\VSG-TownCenter v1.05_archive\SS_Passwords.clz...
9/6/2017 1:05:38 PM, Info: Saving project information...
9/6/2017 1:05:40 PM, Info: Verifying archive C:\Users\Mike\Desktop\R & R\Town Center Main\VSG-TownCenter v1.05_archive\SS_ShadingController 2.0.clz...
9/6/2017 1:05:41 PM, Info: Saving project information...
9/6/2017 1:05:46 PM, Info: Verifying archive C:\Users\Mike\Desktop\R & R\Town Center Main\VSG-TownCenter v1.05_archive\SPlsWork\Crestron.MediaPlayerValidator.clz...
9/6/2017 1:05:46 PM, Info: Saving project information...
9/6/2017 1:05:47 PM, Info: Verifying archive C:\Users\Mike\Desktop\R & R\Town Center Main\VSG-TownCenter v1.05_archive\SS_ShadingController 2.0.clz...
9/6/2017 1:05:48 PM, Info: Saving project information...
9/6/2017 1:05:57 PM, Info: Commiting verification transaction...
9/6/2017 1:05:57 PM, Info: Saving project information...
9/6/2017 1:12:41 PM, Info: Initializing SIMPLSharp Services...
9/6/2017 1:12:41 PM, Info: ProjectInfo successfully initialized.
9/6/2017 1:12:41 PM, Info: Verifying archive C:\Users\Mike\Desktop\R & R\Town Center Main\VSG-TownCenter v1.05_archive\SS_XMLCommunicator 2.0.clz...
9/6/2017 1:12:41 PM, Info: Saving project information...
9/6/2017 1:12:42 PM, Info: Verifying archive C:\Users\Mike\Desktop\R & R\Town Center Main\VSG-TownCenter v1.05_archive\SS_CoreHubEvents 2.0.clz...
9/6/2017 1:12:42 PM, Info: Saving project information...
9/6/2017 1:12:43 PM, Info: Verifying archive C:\Users\Mike\Desktop\R & R\Town Center Main\VSG-TownCenter v1.05_archive\SPlsWork\SonosLibrary_v2_2.clz...
9/6/2017 1:12:44 PM, Info: Saving project information...
9/6/2017 1:12:45 PM, Info: Verifying archive C:\Users\Mike\Desktop\R & R\Town Center Main\VSG-TownCenter v1.05_archive\SS_RoviTVListings v2.0.clz...
9/6/2017 1:12:45 PM, Info: Saving project information...
9/6/2017 1:12:46 PM, Info: Verifying archive C:\Users\Mike\Desktop\R & R\Town Center Main\VSG-TownCenter v1.05_archive\SS_RoviTVListings v2.0.clz...
9/6/2017 1:12:46 PM, Info: Saving project information...
9/6/2017 1:12:46 PM, Info: Verifying archive C:\Users\Mike\Desktop\R & R\Town Center Main\VSG-TownCenter v1.05_archive\SS_DirecTVController.clz...
9/6/2017 1:12:46 PM, Info: Saving project information...
9/6/2017 1:12:49 PM, Info: Verifying archive C:\Users\Mike\Desktop\R & R\Town Center Main\VSG-TownCenter v1.05_archive\SS_Passwords.clz...
9/6/2017 1:12:49 PM, Info: Saving project information...
9/6/2017 1:12:51 PM, Info: Verifying archive C:\Users\Mike\Desktop\R & R\Town Center Main\VSG-TownCenter v1.05_archive\SS_ShadingController 2.0.clz...
9/6/2017 1:12:51 PM, Info: Saving project information...
9/6/2017 1:12:57 PM, Info: Verifying archive C:\Users\Mike\Desktop\R & R\Town Center Main\VSG-TownCenter v1.05_archive\SPlsWork\Crestron.MediaPlayerValidator.clz...
9/6/2017 1:12:57 PM, Info: Saving project information...
9/6/2017 1:12:58 PM, Info: Verifying archive C:\Users\Mike\Desktop\R & R\Town Center Main\VSG-TownCenter v1.05_archive\SS_ShadingController 2.0.clz...
9/6/2017 1:12:59 PM, Info: Saving project information...
9/6/2017 1:13:08 PM, Info: Commiting verification transaction...
9/6/2017 1:13:08 PM, Info: Saving project information...
9/6/2017 1:18:43 PM, Info: Terminating SIMPLSharp Services
9/6/2017 1:18:43 PM, Info: Saving project information...
9/6/2017 1:18:43 PM, Info: Terminating SIMPLSharp Services
9/6/2017 1:18:43 PM, Info: Saving project information...
9/6/2017 1:18:43 PM, Info: Terminating SIMPLSharp Services
9/6/2017 1:18:43 PM, Info: Saving project information...
9/6/2017 1:18:43 PM, Info: Terminating SIMPLSharp Services
9/6/2017 1:18:43 PM, Info: Saving project information...
9/6/2017 1:18:43 PM, Info: Terminating SIMPLSharp Services
9/6/2017 1:18:43 PM, Info: Saving project information...
9/6/2017 1:18:43 PM, Info: Terminating SIMPLSharp Services
9/6/2017 1:18:43 PM, Info: Saving project information...
9/6/2017 1:18:43 PM, Info: Terminating SIMPLSharp Services
9/6/2017 1:18:43 PM, Info: Saving project information...
9/6/2017 1:18:43 PM, Info: Terminating SIMPLSharp Services
9/6/2017 1:18:43 PM, Info: Saving project information...
9/6/2017 1:18:43 PM, Info: Terminating SIMPLSharp Services
9/6/2017 1:18:43 PM, Info: Saving project information...
9/6/2017 1:18:43 PM, Info: Terminating SIMPLSharp Services
9/6/2017 1:18:43 PM, Info: Saving project information...
9/6/2017 1:18:43 PM, Info: Terminating SIMPLSharp Services
9/6/2017 1:18:43 PM, Info: Saving project information...
9/6/2017 1:18:43 PM, Info: Terminating SIMPLSharp Services
9/6/2017 1:18:43 PM, Info: Saving project information...
9/6/2017 1:18:43 PM, Info: Terminating SIMPLSharp Services
9/6/2017 1:18:43 PM, Info: Saving project information...
9/6/2017 1:18:43 PM, Info: Terminating SIMPLSharp Services
9/6/2017 1:18:43 PM, Info: Saving project information...
9/6/2017 1:18:43 PM, Info: Terminating SIMPLSharp Services
9/6/2017 1:18:43 PM, Info: Saving project information...
9/6/2017 1:18:43 PM, Info: Terminating SIMPLSharp Services
9/6/2017 1:18:43 PM, Info: Saving project information...
9/6/2017 1:18:43 PM, Info: Terminating SIMPLSharp Services
9/6/2017 1:18:43 PM, Info: Saving project information...
9/6/2017 1:18:43 PM, Info: Terminating SIMPLSharp Services
9/6/2017 1:18:43 PM, Info: Saving project information...
9/6/2017 1:18:43 PM, Info: Terminating SIMPLSharp Services
9/6/2017 1:18:43 PM, Info: Saving project information...
9/6/2017 1:18:43 PM, Info: Terminating SIMPLSharp Services
