9/6/2017 2:09:01 PM, Info: Initializing SIMPLSharp Services...
9/6/2017 2:09:01 PM, Info: ProjectInfo successfully initialized.
9/6/2017 2:09:02 PM, Info: Verifying archive C:\Users\Mike\Desktop\R & R\Town Center Main\VSG-TownCenter v1.05_archive\SS_XMLCommunicator 2.0.clz...
9/6/2017 2:09:02 PM, Info: Saving project information...
9/6/2017 2:09:03 PM, Info: Verifying archive C:\Users\Mike\Desktop\R & R\Town Center Main\VSG-TownCenter v1.05_archive\SS_CoreHubEvents 2.0.clz...
9/6/2017 2:09:03 PM, Info: Saving project information...
9/6/2017 2:09:04 PM, Info: Verifying archive C:\Users\Mike\Desktop\R & R\Town Center Main\VSG-TownCenter v1.05_archive\SPlsWork\SonosLibrary_v2_2.clz...
9/6/2017 2:09:06 PM, Info: Saving project information...
9/6/2017 2:09:06 PM, Info: Verifying archive C:\Users\Mike\Desktop\R & R\Town Center Main\VSG-TownCenter v1.05_archive\SS_RoviTVListings v2.0.clz...
9/6/2017 2:09:06 PM, Info: Saving project information...
9/6/2017 2:09:07 PM, Info: Verifying archive C:\Users\Mike\Desktop\R & R\Town Center Main\VSG-TownCenter v1.05_archive\SS_RoviTVListings v2.0.clz...
9/6/2017 2:09:07 PM, Info: Saving project information...
9/6/2017 2:09:08 PM, Info: Verifying archive C:\Users\Mike\Desktop\R & R\Town Center Main\VSG-TownCenter v1.05_archive\SS_DirecTVController.clz...
9/6/2017 2:09:08 PM, Info: Saving project information...
9/6/2017 2:09:11 PM, Info: Verifying archive C:\Users\Mike\Desktop\R & R\Town Center Main\VSG-TownCenter v1.05_archive\SS_Passwords.clz...
9/6/2017 2:09:11 PM, Info: Saving project information...
9/6/2017 2:09:14 PM, Info: Verifying archive C:\Users\Mike\Desktop\R & R\Town Center Main\VSG-TownCenter v1.05_archive\SS_ShadingController 2.0.clz...
9/6/2017 2:09:14 PM, Info: Saving project information...
9/6/2017 2:09:20 PM, Info: Verifying archive C:\Users\Mike\Desktop\R & R\Town Center Main\VSG-TownCenter v1.05_archive\SPlsWork\Crestron.MediaPlayerValidator.clz...
9/6/2017 2:09:20 PM, Info: Saving project information...
9/6/2017 2:09:21 PM, Info: Verifying archive C:\Users\Mike\Desktop\R & R\Town Center Main\VSG-TownCenter v1.05_archive\SS_ShadingController 2.0.clz...
9/6/2017 2:09:22 PM, Info: Saving project information...
9/6/2017 2:09:33 PM, Info: Commiting verification transaction...
9/6/2017 2:09:33 PM, Info: Saving project information...
9/6/2017 2:18:02 PM, Info: Initializing SIMPLSharp Services...
9/6/2017 2:18:02 PM, Info: ProjectInfo successfully initialized.
9/6/2017 2:18:02 PM, Info: Verifying archive C:\Users\Mike\Desktop\R & R\Town Center Main\VSG-TownCenter v1.05_archive\SS_XMLCommunicator 2.0.clz...
9/6/2017 2:18:02 PM, Info: Saving project information...
9/6/2017 2:18:03 PM, Info: Verifying archive C:\Users\Mike\Desktop\R & R\Town Center Main\VSG-TownCenter v1.05_archive\SS_CoreHubEvents 2.0.clz...
9/6/2017 2:18:04 PM, Info: Saving project information...
9/6/2017 2:18:04 PM, Info: Verifying archive C:\Users\Mike\Desktop\R & R\Town Center Main\VSG-TownCenter v1.05_archive\SPlsWork\SonosLibrary_v2_2.clz...
9/6/2017 2:18:06 PM, Info: Saving project information...
9/6/2017 2:18:06 PM, Info: Verifying archive C:\Users\Mike\Desktop\R & R\Town Center Main\VSG-TownCenter v1.05_archive\SS_RoviTVListings v2.0.clz...
9/6/2017 2:18:06 PM, Info: Saving project information...
9/6/2017 2:18:07 PM, Info: Verifying archive C:\Users\Mike\Desktop\R & R\Town Center Main\VSG-TownCenter v1.05_archive\SS_RoviTVListings v2.0.clz...
9/6/2017 2:18:07 PM, Info: Saving project information...
9/6/2017 2:18:08 PM, Info: Verifying archive C:\Users\Mike\Desktop\R & R\Town Center Main\VSG-TownCenter v1.05_archive\SS_DirecTVController.clz...
9/6/2017 2:18:08 PM, Info: Saving project information...
9/6/2017 2:18:10 PM, Info: Verifying archive C:\Users\Mike\Desktop\R & R\Town Center Main\VSG-TownCenter v1.05_archive\SS_Passwords.clz...
9/6/2017 2:18:10 PM, Info: Saving project information...
9/6/2017 2:18:13 PM, Info: Verifying archive C:\Users\Mike\Desktop\R & R\Town Center Main\VSG-TownCenter v1.05_archive\SS_ShadingController 2.0.clz...
9/6/2017 2:18:14 PM, Info: Saving project information...
9/6/2017 2:18:19 PM, Info: Verifying archive C:\Users\Mike\Desktop\R & R\Town Center Main\VSG-TownCenter v1.05_archive\SPlsWork\Crestron.MediaPlayerValidator.clz...
9/6/2017 2:18:19 PM, Info: Saving project information...
9/6/2017 2:18:21 PM, Info: Verifying archive C:\Users\Mike\Desktop\R & R\Town Center Main\VSG-TownCenter v1.05_archive\SS_ShadingController 2.0.clz...
9/6/2017 2:18:21 PM, Info: Saving project information...
9/6/2017 2:18:32 PM, Info: Commiting verification transaction...
9/6/2017 2:18:32 PM, Info: Saving project information...
9/6/2017 2:24:52 PM, Info: Initializing SIMPLSharp Services...
9/6/2017 2:24:52 PM, Info: ProjectInfo successfully initialized.
9/6/2017 2:24:52 PM, Info: Verifying archive C:\Users\Mike\Desktop\R & R\Town Center Main\VSG-TownCenter v1.05_archive\SS_XMLCommunicator 2.0.clz...
9/6/2017 2:24:53 PM, Info: Saving project information...
9/6/2017 2:24:54 PM, Info: Verifying archive C:\Users\Mike\Desktop\R & R\Town Center Main\VSG-TownCenter v1.05_archive\SS_CoreHubEvents 2.0.clz...
9/6/2017 2:24:54 PM, Info: Saving project information...
9/6/2017 2:24:55 PM, Info: Verifying archive C:\Users\Mike\Desktop\R & R\Town Center Main\VSG-TownCenter v1.05_archive\SPlsWork\SonosLibrary_v2_2.clz...
9/6/2017 2:24:56 PM, Info: Saving project information...
9/6/2017 2:24:57 PM, Info: Verifying archive C:\Users\Mike\Desktop\R & R\Town Center Main\VSG-TownCenter v1.05_archive\SS_RoviTVListings v2.0.clz...
9/6/2017 2:24:57 PM, Info: Saving project information...
9/6/2017 2:24:58 PM, Info: Verifying archive C:\Users\Mike\Desktop\R & R\Town Center Main\VSG-TownCenter v1.05_archive\SS_RoviTVListings v2.0.clz...
9/6/2017 2:24:58 PM, Info: Saving project information...
9/6/2017 2:24:58 PM, Info: Verifying archive C:\Users\Mike\Desktop\R & R\Town Center Main\VSG-TownCenter v1.05_archive\SS_DirecTVController.clz...
9/6/2017 2:24:58 PM, Info: Saving project information...
9/6/2017 2:25:01 PM, Info: Verifying archive C:\Users\Mike\Desktop\R & R\Town Center Main\VSG-TownCenter v1.05_archive\SS_Passwords.clz...
9/6/2017 2:25:01 PM, Info: Saving project information...
9/6/2017 2:25:04 PM, Info: Verifying archive C:\Users\Mike\Desktop\R & R\Town Center Main\VSG-TownCenter v1.05_archive\SS_ShadingController 2.0.clz...
9/6/2017 2:25:05 PM, Info: Saving project information...
9/6/2017 2:25:11 PM, Info: Verifying archive C:\Users\Mike\Desktop\R & R\Town Center Main\VSG-TownCenter v1.05_archive\SPlsWork\Crestron.MediaPlayerValidator.clz...
9/6/2017 2:25:11 PM, Info: Saving project information...
9/6/2017 2:25:12 PM, Info: Verifying archive C:\Users\Mike\Desktop\R & R\Town Center Main\VSG-TownCenter v1.05_archive\SS_ShadingController 2.0.clz...
9/6/2017 2:25:13 PM, Info: Saving project information...
9/6/2017 2:25:24 PM, Info: Commiting verification transaction...
9/6/2017 2:25:24 PM, Info: Saving project information...
9/6/2017 4:32:39 PM, Info: Terminating SIMPLSharp Services
9/6/2017 4:32:39 PM, Info: Saving project information...
9/6/2017 4:32:39 PM, Info: Terminating SIMPLSharp Services
9/6/2017 4:32:39 PM, Info: Saving project information...
9/6/2017 4:32:39 PM, Info: Terminating SIMPLSharp Services
