11/6/2017 11:06:15 AM, Info: Initializing SIMPLSharp Services...
11/6/2017 11:06:15 AM, Info: ProjectInfo successfully initialized.
11/6/2017 11:06:16 AM, Info: Verifying archive C:\Users\Mike\Desktop\R & R\Town Center Main\VSG-TownCenter v1.05_archive\SS_XMLCommunicator 2.0.clz...
11/6/2017 11:06:16 AM, Info: Saving project information...
11/6/2017 11:06:17 AM, Info: Verifying archive C:\Users\Mike\Desktop\R & R\Town Center Main\VSG-TownCenter v1.05_archive\SS_CoreHubEvents 2.0.clz...
11/6/2017 11:06:18 AM, Info: Saving project information...
11/6/2017 11:06:18 AM, Info: Verifying archive C:\Users\Mike\Desktop\R & R\Town Center Main\VSG-TownCenter v1.05_archive\SPlsWork\SonosLibrary_v2_2.clz...
11/6/2017 11:06:21 AM, Info: Saving project information...
11/6/2017 11:06:22 AM, Info: Verifying archive C:\Users\Mike\Desktop\R & R\Town Center Main\VSG-TownCenter v1.05_archive\SS_RoviTVListings v2.0.clz...
11/6/2017 11:06:22 AM, Info: Saving project information...
11/6/2017 11:06:23 AM, Info: Verifying archive C:\Users\Mike\Desktop\R & R\Town Center Main\VSG-TownCenter v1.05_archive\SS_RoviTVListings v2.0.clz...
11/6/2017 11:06:24 AM, Info: Saving project information...
11/6/2017 11:06:24 AM, Info: Verifying archive C:\Users\Mike\Desktop\R & R\Town Center Main\VSG-TownCenter v1.05_archive\SS_DirecTVController.clz...
11/6/2017 11:06:25 AM, Info: Saving project information...
11/6/2017 11:06:28 AM, Info: Verifying archive C:\Users\Mike\Desktop\R & R\Town Center Main\VSG-TownCenter v1.05_archive\SPlsWork\SonosLibrary_v2_2.clz...
11/6/2017 11:06:29 AM, Info: Saving project information...
11/6/2017 11:06:30 AM, Info: Verifying archive C:\Users\Mike\Desktop\R & R\Town Center Main\VSG-TownCenter v1.05_archive\SS_Passwords.clz...
11/6/2017 11:06:30 AM, Info: Saving project information...
11/6/2017 11:06:34 AM, Info: Verifying archive C:\Users\Mike\Desktop\R & R\Town Center Main\VSG-TownCenter v1.05_archive\SS_ShadingController 2.0.clz...
11/6/2017 11:06:35 AM, Info: Saving project information...
11/6/2017 11:06:44 AM, Info: Verifying archive C:\Users\Mike\Desktop\R & R\Town Center Main\VSG-TownCenter v1.05_archive\SPlsWork\AppHelperClasses v2_0.clz...
11/6/2017 11:06:44 AM, Info: Saving project information...
11/6/2017 11:06:44 AM, Info: Verifying archive C:\Users\Mike\Desktop\R & R\Town Center Main\VSG-TownCenter v1.05_archive\SPlsWork\Crestron.MediaPlayerValidator.clz...
11/6/2017 11:06:44 AM, Info: Saving project information...
11/6/2017 11:06:47 AM, Info: Verifying archive C:\Users\Mike\Desktop\R & R\Town Center Main\VSG-TownCenter v1.05_archive\SS_ShadingController 2.0.clz...
11/6/2017 11:06:48 AM, Info: Saving project information...
11/6/2017 11:06:59 AM, Info: Commiting verification transaction...
11/6/2017 11:06:59 AM, Info: Saving project information...
11/6/2017 11:07:33 AM, Info: Initializing SIMPLSharp Services...
11/6/2017 11:07:33 AM, Info: ProjectInfo successfully initialized.
11/6/2017 11:07:33 AM, Info: Verifying archive C:\Users\Mike\Desktop\R & R\Town Center Main\VSG-TownCenter v1.05_archive\SS_XMLCommunicator 2.0.clz...
11/6/2017 11:07:34 AM, Info: Saving project information...
11/6/2017 11:07:34 AM, Info: Verifying archive C:\Users\Mike\Desktop\R & R\Town Center Main\VSG-TownCenter v1.05_archive\SS_CoreHubEvents 2.0.clz...
11/6/2017 11:07:35 AM, Info: Saving project information...
11/6/2017 11:07:36 AM, Info: Verifying archive C:\Users\Mike\Desktop\R & R\Town Center Main\VSG-TownCenter v1.05_archive\SPlsWork\SonosLibrary_v2_2.clz...
11/6/2017 11:07:37 AM, Info: Saving project information...
11/6/2017 11:07:38 AM, Info: Verifying archive C:\Users\Mike\Desktop\R & R\Town Center Main\VSG-TownCenter v1.05_archive\SS_RoviTVListings v2.0.clz...
11/6/2017 11:07:38 AM, Info: Saving project information...
11/6/2017 11:07:39 AM, Info: Verifying archive C:\Users\Mike\Desktop\R & R\Town Center Main\VSG-TownCenter v1.05_archive\SS_RoviTVListings v2.0.clz...
11/6/2017 11:07:39 AM, Info: Saving project information...
11/6/2017 11:07:39 AM, Info: Verifying archive C:\Users\Mike\Desktop\R & R\Town Center Main\VSG-TownCenter v1.05_archive\SS_DirecTVController.clz...
11/6/2017 11:07:40 AM, Info: Saving project information...
11/6/2017 11:07:43 AM, Info: Verifying archive C:\Users\Mike\Desktop\R & R\Town Center Main\VSG-TownCenter v1.05_archive\SS_Passwords.clz...
11/6/2017 11:07:43 AM, Info: Saving project information...
11/6/2017 11:07:45 AM, Info: Verifying archive C:\Users\Mike\Desktop\R & R\Town Center Main\VSG-TownCenter v1.05_archive\SS_ShadingController 2.0.clz...
11/6/2017 11:07:46 AM, Info: Saving project information...
11/6/2017 11:07:52 AM, Info: Verifying archive C:\Users\Mike\Desktop\R & R\Town Center Main\VSG-TownCenter v1.05_archive\SPlsWork\Crestron.MediaPlayerValidator.clz...
11/6/2017 11:07:53 AM, Info: Saving project information...
11/6/2017 11:07:55 AM, Info: Verifying archive C:\Users\Mike\Desktop\R & R\Town Center Main\VSG-TownCenter v1.05_archive\SS_ShadingController 2.0.clz...
11/6/2017 11:07:55 AM, Info: Saving project information...
11/6/2017 11:08:06 AM, Info: Commiting verification transaction...
11/6/2017 11:08:06 AM, Info: Saving project information...
11/6/2017 11:28:22 AM, Info: Initializing SIMPLSharp Services...
11/6/2017 11:28:22 AM, Info: ProjectInfo successfully initialized.
11/6/2017 11:28:23 AM, Info: Verifying archive C:\Users\Mike\Desktop\R & R\Town Center Main\VSG-TownCenter v1.05_archive\SS_XMLCommunicator 2.0.clz...
11/6/2017 11:28:23 AM, Info: Saving project information...
11/6/2017 11:28:24 AM, Info: Verifying archive C:\Users\Mike\Desktop\R & R\Town Center Main\VSG-TownCenter v1.05_archive\SS_CoreHubEvents 2.0.clz...
11/6/2017 11:28:24 AM, Info: Saving project information...
11/6/2017 11:28:25 AM, Info: Verifying archive C:\Users\Mike\Desktop\R & R\Town Center Main\VSG-TownCenter v1.05_archive\SPlsWork\SonosLibrary_v2_2.clz...
11/6/2017 11:28:26 AM, Info: Saving project information...
11/6/2017 11:28:27 AM, Info: Verifying archive C:\Users\Mike\Desktop\R & R\Town Center Main\VSG-TownCenter v1.05_archive\SS_RoviTVListings v2.0.clz...
11/6/2017 11:28:27 AM, Info: Saving project information...
11/6/2017 11:28:28 AM, Info: Verifying archive C:\Users\Mike\Desktop\R & R\Town Center Main\VSG-TownCenter v1.05_archive\SS_RoviTVListings v2.0.clz...
11/6/2017 11:28:28 AM, Info: Saving project information...
11/6/2017 11:28:28 AM, Info: Verifying archive C:\Users\Mike\Desktop\R & R\Town Center Main\VSG-TownCenter v1.05_archive\SS_DirecTVController.clz...
11/6/2017 11:28:28 AM, Info: Saving project information...
11/6/2017 11:28:31 AM, Info: Verifying archive C:\Users\Mike\Desktop\R & R\Town Center Main\VSG-TownCenter v1.05_archive\SS_Passwords.clz...
11/6/2017 11:28:31 AM, Info: Saving project information...
11/6/2017 11:28:33 AM, Info: Verifying archive C:\Users\Mike\Desktop\R & R\Town Center Main\VSG-TownCenter v1.05_archive\SS_ShadingController 2.0.clz...
11/6/2017 11:28:34 AM, Info: Saving project information...
11/6/2017 11:28:39 AM, Info: Verifying archive C:\Users\Mike\Desktop\R & R\Town Center Main\VSG-TownCenter v1.05_archive\SPlsWork\Crestron.MediaPlayerValidator.clz...
11/6/2017 11:28:39 AM, Info: Saving project information...
11/6/2017 11:28:41 AM, Info: Verifying archive C:\Users\Mike\Desktop\R & R\Town Center Main\VSG-TownCenter v1.05_archive\SS_ShadingController 2.0.clz...
11/6/2017 11:28:42 AM, Info: Saving project information...
11/6/2017 11:28:52 AM, Info: Commiting verification transaction...
11/6/2017 11:28:52 AM, Info: Saving project information...
11/6/2017 11:51:33 AM, Info: Initializing SIMPLSharp Services...
11/6/2017 11:51:33 AM, Info: ProjectInfo successfully initialized.
11/6/2017 11:51:34 AM, Info: Verifying archive C:\Users\Mike\Desktop\R & R\Town Center Main\VSG-TownCenter v1.05_archive\SS_XMLCommunicator 2.0.clz...
11/6/2017 11:51:34 AM, Info: Saving project information...
11/6/2017 11:51:35 AM, Info: Verifying archive C:\Users\Mike\Desktop\R & R\Town Center Main\VSG-TownCenter v1.05_archive\SS_CoreHubEvents 2.0.clz...
11/6/2017 11:51:35 AM, Info: Saving project information...
11/6/2017 11:51:36 AM, Info: Verifying archive C:\Users\Mike\Desktop\R & R\Town Center Main\VSG-TownCenter v1.05_archive\SPlsWork\SonosLibrary_v2_2.clz...
11/6/2017 11:51:37 AM, Info: Saving project information...
11/6/2017 11:51:38 AM, Info: Verifying archive C:\Users\Mike\Desktop\R & R\Town Center Main\VSG-TownCenter v1.05_archive\SS_RoviTVListings v2.0.clz...
11/6/2017 11:51:38 AM, Info: Saving project information...
11/6/2017 11:51:38 AM, Info: Verifying archive C:\Users\Mike\Desktop\R & R\Town Center Main\VSG-TownCenter v1.05_archive\SS_RoviTVListings v2.0.clz...
11/6/2017 11:51:39 AM, Info: Saving project information...
11/6/2017 11:51:39 AM, Info: Verifying archive C:\Users\Mike\Desktop\R & R\Town Center Main\VSG-TownCenter v1.05_archive\SS_DirecTVController.clz...
11/6/2017 11:51:39 AM, Info: Saving project information...
11/6/2017 11:51:42 AM, Info: Verifying archive C:\Users\Mike\Desktop\R & R\Town Center Main\VSG-TownCenter v1.05_archive\SS_Passwords.clz...
11/6/2017 11:51:42 AM, Info: Saving project information...
11/6/2017 11:51:44 AM, Info: Verifying archive C:\Users\Mike\Desktop\R & R\Town Center Main\VSG-TownCenter v1.05_archive\SS_ShadingController 2.0.clz...
11/6/2017 11:51:45 AM, Info: Saving project information...
11/6/2017 11:51:50 AM, Info: Verifying archive C:\Users\Mike\Desktop\R & R\Town Center Main\VSG-TownCenter v1.05_archive\SPlsWork\Crestron.MediaPlayerValidator.clz...
11/6/2017 11:51:50 AM, Info: Saving project information...
11/6/2017 11:51:52 AM, Info: Verifying archive C:\Users\Mike\Desktop\R & R\Town Center Main\VSG-TownCenter v1.05_archive\SS_ShadingController 2.0.clz...
11/6/2017 11:51:52 AM, Info: Saving project information...
11/6/2017 11:52:03 AM, Info: Commiting verification transaction...
11/6/2017 11:52:03 AM, Info: Saving project information...
11/6/2017 1:37:30 PM, Info: Initializing SIMPLSharp Services...
11/6/2017 1:37:30 PM, Info: ProjectInfo successfully initialized.
11/6/2017 1:37:30 PM, Info: Verifying archive C:\Users\Mike\Desktop\R & R\Town Center Main\VSG-TownCenter v1.05_archive\SS_XMLCommunicator 2.0.clz...
11/6/2017 1:37:31 PM, Info: Saving project information...
11/6/2017 1:37:31 PM, Info: Verifying archive C:\Users\Mike\Desktop\R & R\Town Center Main\VSG-TownCenter v1.05_archive\SS_CoreHubEvents 2.0.clz...
11/6/2017 1:37:31 PM, Info: Saving project information...
11/6/2017 1:37:32 PM, Info: Verifying archive C:\Users\Mike\Desktop\R & R\Town Center Main\VSG-TownCenter v1.05_archive\SPlsWork\SonosLibrary_v2_2.clz...
11/6/2017 1:37:34 PM, Info: Saving project information...
11/6/2017 1:37:34 PM, Info: Verifying archive C:\Users\Mike\Desktop\R & R\Town Center Main\VSG-TownCenter v1.05_archive\SS_RoviTVListings v2.0.clz...
11/6/2017 1:37:34 PM, Info: Saving project information...
11/6/2017 1:37:35 PM, Info: Verifying archive C:\Users\Mike\Desktop\R & R\Town Center Main\VSG-TownCenter v1.05_archive\SS_RoviTVListings v2.0.clz...
11/6/2017 1:37:35 PM, Info: Saving project information...
11/6/2017 1:37:35 PM, Info: Verifying archive C:\Users\Mike\Desktop\R & R\Town Center Main\VSG-TownCenter v1.05_archive\SS_DirecTVController.clz...
11/6/2017 1:37:36 PM, Info: Saving project information...
11/6/2017 1:37:38 PM, Info: Verifying archive C:\Users\Mike\Desktop\R & R\Town Center Main\VSG-TownCenter v1.05_archive\SS_Passwords.clz...
11/6/2017 1:37:38 PM, Info: Saving project information...
11/6/2017 1:37:41 PM, Info: Verifying archive C:\Users\Mike\Desktop\R & R\Town Center Main\VSG-TownCenter v1.05_archive\SS_ShadingController 2.0.clz...
11/6/2017 1:37:42 PM, Info: Saving project information...
11/6/2017 1:37:47 PM, Info: Verifying archive C:\Users\Mike\Desktop\R & R\Town Center Main\VSG-TownCenter v1.05_archive\SPlsWork\Crestron.MediaPlayerValidator.clz...
11/6/2017 1:37:47 PM, Info: Saving project information...
11/6/2017 1:37:48 PM, Info: Verifying archive C:\Users\Mike\Desktop\R & R\Town Center Main\VSG-TownCenter v1.05_archive\SS_ShadingController 2.0.clz...
11/6/2017 1:37:49 PM, Info: Saving project information...
11/6/2017 1:37:58 PM, Info: Commiting verification transaction...
11/6/2017 1:37:58 PM, Info: Saving project information...
11/6/2017 1:39:16 PM, Info: Initializing SIMPLSharp Services...
11/6/2017 1:39:16 PM, Info: ProjectInfo successfully initialized.
11/6/2017 1:39:17 PM, Info: Verifying archive C:\Users\Mike\Desktop\R & R\Town Center Main\VSG-TownCenter v1.05_archive\SS_XMLCommunicator 2.0.clz...
11/6/2017 1:39:17 PM, Info: Saving project information...
11/6/2017 1:39:18 PM, Info: Verifying archive C:\Users\Mike\Desktop\R & R\Town Center Main\VSG-TownCenter v1.05_archive\SS_CoreHubEvents 2.0.clz...
11/6/2017 1:39:18 PM, Info: Saving project information...
11/6/2017 1:39:19 PM, Info: Verifying archive C:\Users\Mike\Desktop\R & R\Town Center Main\VSG-TownCenter v1.05_archive\SPlsWork\SonosLibrary_v2_2.clz...
11/6/2017 1:39:20 PM, Info: Saving project information...
11/6/2017 1:39:21 PM, Info: Verifying archive C:\Users\Mike\Desktop\R & R\Town Center Main\VSG-TownCenter v1.05_archive\SS_RoviTVListings v2.0.clz...
11/6/2017 1:39:21 PM, Info: Saving project information...
11/6/2017 1:39:21 PM, Info: Verifying archive C:\Users\Mike\Desktop\R & R\Town Center Main\VSG-TownCenter v1.05_archive\SS_RoviTVListings v2.0.clz...
11/6/2017 1:39:22 PM, Info: Saving project information...
11/6/2017 1:39:22 PM, Info: Verifying archive C:\Users\Mike\Desktop\R & R\Town Center Main\VSG-TownCenter v1.05_archive\SS_DirecTVController.clz...
11/6/2017 1:39:22 PM, Info: Saving project information...
11/6/2017 1:39:25 PM, Info: Verifying archive C:\Users\Mike\Desktop\R & R\Town Center Main\VSG-TownCenter v1.05_archive\SS_Passwords.clz...
11/6/2017 1:39:25 PM, Info: Saving project information...
11/6/2017 1:39:27 PM, Info: Verifying archive C:\Users\Mike\Desktop\R & R\Town Center Main\VSG-TownCenter v1.05_archive\SS_ShadingController 2.0.clz...
11/6/2017 1:39:28 PM, Info: Saving project information...
11/6/2017 1:39:33 PM, Info: Verifying archive C:\Users\Mike\Desktop\R & R\Town Center Main\VSG-TownCenter v1.05_archive\SPlsWork\Crestron.MediaPlayerValidator.clz...
11/6/2017 1:39:33 PM, Info: Saving project information...
11/6/2017 1:39:34 PM, Info: Verifying archive C:\Users\Mike\Desktop\R & R\Town Center Main\VSG-TownCenter v1.05_archive\SS_ShadingController 2.0.clz...
11/6/2017 1:39:35 PM, Info: Saving project information...
11/6/2017 1:39:45 PM, Info: Commiting verification transaction...
11/6/2017 1:39:45 PM, Info: Saving project information...
11/6/2017 1:42:27 PM, Info: Initializing SIMPLSharp Services...
11/6/2017 1:42:27 PM, Info: ProjectInfo successfully initialized.
11/6/2017 1:42:27 PM, Info: Verifying archive C:\Users\Mike\Desktop\R & R\Town Center Main\VSG-TownCenter v1.05_archive\SS_XMLCommunicator 2.0.clz...
11/6/2017 1:42:28 PM, Info: Saving project information...
11/6/2017 1:42:28 PM, Info: Verifying archive C:\Users\Mike\Desktop\R & R\Town Center Main\VSG-TownCenter v1.05_archive\SS_CoreHubEvents 2.0.clz...
11/6/2017 1:42:29 PM, Info: Saving project information...
11/6/2017 1:42:29 PM, Info: Verifying archive C:\Users\Mike\Desktop\R & R\Town Center Main\VSG-TownCenter v1.05_archive\SPlsWork\SonosLibrary_v2_2.clz...
11/6/2017 1:42:31 PM, Info: Saving project information...
11/6/2017 1:42:31 PM, Info: Verifying archive C:\Users\Mike\Desktop\R & R\Town Center Main\VSG-TownCenter v1.05_archive\SS_RoviTVListings v2.0.clz...
11/6/2017 1:42:31 PM, Info: Saving project information...
11/6/2017 1:42:32 PM, Info: Verifying archive C:\Users\Mike\Desktop\R & R\Town Center Main\VSG-TownCenter v1.05_archive\SS_RoviTVListings v2.0.clz...
11/6/2017 1:42:32 PM, Info: Saving project information...
11/6/2017 1:42:33 PM, Info: Verifying archive C:\Users\Mike\Desktop\R & R\Town Center Main\VSG-TownCenter v1.05_archive\SS_DirecTVController.clz...
11/6/2017 1:42:33 PM, Info: Saving project information...
11/6/2017 1:42:35 PM, Info: Verifying archive C:\Users\Mike\Desktop\R & R\Town Center Main\VSG-TownCenter v1.05_archive\SS_Passwords.clz...
11/6/2017 1:42:35 PM, Info: Saving project information...
11/6/2017 1:42:38 PM, Info: Verifying archive C:\Users\Mike\Desktop\R & R\Town Center Main\VSG-TownCenter v1.05_archive\SS_ShadingController 2.0.clz...
