7/11/2017 8:02:45 PM, Info: Verifying archive C:\Users\Mike\Documents\00 Volta\R&R\Town Center Main\VSG-TownCenter v1.05_archive\SS_ShadingController 2.0.clz...
7/11/2017 8:02:45 PM, Info: Saving project information...
7/11/2017 8:02:51 PM, Info: Verifying archive C:\Users\Mike\Documents\00 Volta\R&R\Town Center Main\VSG-TownCenter v1.05_archive\SPlsWork\Crestron.MediaPlayerValidator.clz...
7/11/2017 8:02:51 PM, Info: Saving project information...
7/11/2017 8:02:52 PM, Info: Verifying archive C:\Users\Mike\Documents\00 Volta\R&R\Town Center Main\VSG-TownCenter v1.05_archive\SS_ShadingController 2.0.clz...
7/11/2017 8:02:53 PM, Info: Saving project information...
7/11/2017 8:03:02 PM, Info: Commiting verification transaction...
7/11/2017 8:03:02 PM, Info: Saving project information...
7/11/2017 8:07:34 PM, Info: Initializing SIMPLSharp Services...
7/11/2017 8:07:34 PM, Info: ProjectInfo successfully initialized.
7/11/2017 8:07:34 PM, Info: Verifying archive C:\Users\Mike\Documents\00 Volta\R&R\Town Center Main\VSG-TownCenter v1.05_archive\SS_XMLCommunicator 2.0.clz...
7/11/2017 8:07:34 PM, Info: Saving project information...
7/11/2017 8:07:35 PM, Info: Verifying archive C:\Users\Mike\Documents\00 Volta\R&R\Town Center Main\VSG-TownCenter v1.05_archive\SS_CoreHubEvents 2.0.clz...
7/11/2017 8:07:35 PM, Info: Saving project information...
7/11/2017 8:07:36 PM, Info: Verifying archive C:\Users\Mike\Documents\00 Volta\R&R\Town Center Main\VSG-TownCenter v1.05_archive\SPlsWork\SonosLibrary_v2_2.clz...
7/11/2017 8:07:38 PM, Info: Saving project information...
7/11/2017 8:07:38 PM, Info: Verifying archive C:\Users\Mike\Documents\00 Volta\R&R\Town Center Main\VSG-TownCenter v1.05_archive\SS_RoviTVListings v2.0.clz...
7/11/2017 8:07:38 PM, Info: Saving project information...
7/11/2017 8:07:39 PM, Info: Verifying archive C:\Users\Mike\Documents\00 Volta\R&R\Town Center Main\VSG-TownCenter v1.05_archive\SS_RoviTVListings v2.0.clz...
7/11/2017 8:07:39 PM, Info: Saving project information...
7/11/2017 8:07:39 PM, Info: Verifying archive C:\Users\Mike\Documents\00 Volta\R&R\Town Center Main\VSG-TownCenter v1.05_archive\SS_DirecTVController.clz...
7/11/2017 8:07:40 PM, Info: Saving project information...
7/11/2017 8:07:42 PM, Info: Verifying archive C:\Users\Mike\Documents\00 Volta\R&R\Town Center Main\VSG-TownCenter v1.05_archive\SS_Passwords.clz...
7/11/2017 8:07:42 PM, Info: Saving project information...
7/11/2017 8:07:45 PM, Info: Verifying archive C:\Users\Mike\Documents\00 Volta\R&R\Town Center Main\VSG-TownCenter v1.05_archive\SS_ShadingController 2.0.clz...
7/11/2017 8:07:46 PM, Info: Saving project information...
7/11/2017 8:07:51 PM, Info: Verifying archive C:\Users\Mike\Documents\00 Volta\R&R\Town Center Main\VSG-TownCenter v1.05_archive\SPlsWork\Crestron.MediaPlayerValidator.clz...
7/11/2017 8:07:51 PM, Info: Saving project information...
7/11/2017 8:07:52 PM, Info: Verifying archive C:\Users\Mike\Documents\00 Volta\R&R\Town Center Main\VSG-TownCenter v1.05_archive\SS_ShadingController 2.0.clz...
7/11/2017 8:07:53 PM, Info: Saving project information...
7/11/2017 8:08:02 PM, Info: Commiting verification transaction...
7/11/2017 8:08:02 PM, Info: Saving project information...
7/11/2017 8:11:26 PM, Info: Initializing SIMPLSharp Services...
7/11/2017 8:11:26 PM, Info: ProjectInfo successfully initialized.
7/11/2017 8:11:26 PM, Info: Verifying archive C:\Users\Mike\Documents\00 Volta\R&R\Town Center Main\VSG-TownCenter v1.05_archive\SS_XMLCommunicator 2.0.clz...
7/11/2017 8:11:26 PM, Info: Saving project information...
7/11/2017 8:11:27 PM, Info: Verifying archive C:\Users\Mike\Documents\00 Volta\R&R\Town Center Main\VSG-TownCenter v1.05_archive\SS_CoreHubEvents 2.0.clz...
7/11/2017 8:11:27 PM, Info: Saving project information...
7/11/2017 8:11:28 PM, Info: Verifying archive C:\Users\Mike\Documents\00 Volta\R&R\Town Center Main\VSG-TownCenter v1.05_archive\SPlsWork\SonosLibrary_v2_2.clz...
7/11/2017 8:11:29 PM, Info: Saving project information...
7/11/2017 8:11:30 PM, Info: Verifying archive C:\Users\Mike\Documents\00 Volta\R&R\Town Center Main\VSG-TownCenter v1.05_archive\SS_RoviTVListings v2.0.clz...
7/11/2017 8:11:30 PM, Info: Saving project information...
7/11/2017 8:11:31 PM, Info: Verifying archive C:\Users\Mike\Documents\00 Volta\R&R\Town Center Main\VSG-TownCenter v1.05_archive\SS_RoviTVListings v2.0.clz...
7/11/2017 8:11:31 PM, Info: Saving project information...
7/11/2017 8:11:31 PM, Info: Verifying archive C:\Users\Mike\Documents\00 Volta\R&R\Town Center Main\VSG-TownCenter v1.05_archive\SS_DirecTVController.clz...
7/11/2017 8:11:32 PM, Info: Saving project information...
7/11/2017 8:11:34 PM, Info: Verifying archive C:\Users\Mike\Documents\00 Volta\R&R\Town Center Main\VSG-TownCenter v1.05_archive\SS_Passwords.clz...
7/11/2017 8:11:34 PM, Info: Saving project information...
7/11/2017 8:11:37 PM, Info: Verifying archive C:\Users\Mike\Documents\00 Volta\R&R\Town Center Main\VSG-TownCenter v1.05_archive\SS_ShadingController 2.0.clz...
7/11/2017 8:11:38 PM, Info: Saving project information...
7/11/2017 8:11:43 PM, Info: Verifying archive C:\Users\Mike\Documents\00 Volta\R&R\Town Center Main\VSG-TownCenter v1.05_archive\SPlsWork\Crestron.MediaPlayerValidator.clz...
7/11/2017 8:11:43 PM, Info: Saving project information...
7/11/2017 8:11:44 PM, Info: Verifying archive C:\Users\Mike\Documents\00 Volta\R&R\Town Center Main\VSG-TownCenter v1.05_archive\SS_ShadingController 2.0.clz...
7/11/2017 8:11:45 PM, Info: Saving project information...
7/11/2017 8:11:54 PM, Info: Commiting verification transaction...
7/11/2017 8:11:54 PM, Info: Saving project information...
7/11/2017 8:19:41 PM, Info: Initializing SIMPLSharp Services...
7/11/2017 8:19:41 PM, Info: ProjectInfo successfully initialized.
7/11/2017 8:19:41 PM, Info: Verifying archive C:\Users\Mike\Documents\00 Volta\R&R\Town Center Main\VSG-TownCenter v1.05_archive\SS_XMLCommunicator 2.0.clz...
7/11/2017 8:19:41 PM, Info: Saving project information...
7/11/2017 8:19:42 PM, Info: Verifying archive C:\Users\Mike\Documents\00 Volta\R&R\Town Center Main\VSG-TownCenter v1.05_archive\SS_CoreHubEvents 2.0.clz...
7/11/2017 8:19:42 PM, Info: Saving project information...
7/11/2017 8:19:43 PM, Info: Verifying archive C:\Users\Mike\Documents\00 Volta\R&R\Town Center Main\VSG-TownCenter v1.05_archive\SPlsWork\SonosLibrary_v2_2.clz...
7/11/2017 8:19:44 PM, Info: Saving project information...
7/11/2017 8:19:45 PM, Info: Verifying archive C:\Users\Mike\Documents\00 Volta\R&R\Town Center Main\VSG-TownCenter v1.05_archive\SS_RoviTVListings v2.0.clz...
7/11/2017 8:19:45 PM, Info: Saving project information...
7/11/2017 8:19:46 PM, Info: Verifying archive C:\Users\Mike\Documents\00 Volta\R&R\Town Center Main\VSG-TownCenter v1.05_archive\SS_RoviTVListings v2.0.clz...
7/11/2017 8:19:46 PM, Info: Saving project information...
7/11/2017 8:19:46 PM, Info: Verifying archive C:\Users\Mike\Documents\00 Volta\R&R\Town Center Main\VSG-TownCenter v1.05_archive\SS_DirecTVController.clz...
7/11/2017 8:19:47 PM, Info: Saving project information...
7/11/2017 8:19:49 PM, Info: Verifying archive C:\Users\Mike\Documents\00 Volta\R&R\Town Center Main\VSG-TownCenter v1.05_archive\SS_Passwords.clz...
7/11/2017 8:19:49 PM, Info: Saving project information...
7/11/2017 8:19:52 PM, Info: Verifying archive C:\Users\Mike\Documents\00 Volta\R&R\Town Center Main\VSG-TownCenter v1.05_archive\SS_ShadingController 2.0.clz...
7/11/2017 8:19:52 PM, Info: Saving project information...
7/11/2017 8:19:58 PM, Info: Verifying archive C:\Users\Mike\Documents\00 Volta\R&R\Town Center Main\VSG-TownCenter v1.05_archive\SPlsWork\Crestron.MediaPlayerValidator.clz...
7/11/2017 8:19:58 PM, Info: Saving project information...
7/11/2017 8:19:59 PM, Info: Verifying archive C:\Users\Mike\Documents\00 Volta\R&R\Town Center Main\VSG-TownCenter v1.05_archive\SS_ShadingController 2.0.clz...
7/11/2017 8:20:00 PM, Info: Saving project information...
7/11/2017 8:20:09 PM, Info: Commiting verification transaction...
7/11/2017 8:20:09 PM, Info: Saving project information...
7/11/2017 8:59:46 PM, Info: Initializing SIMPLSharp Services...
7/11/2017 8:59:46 PM, Info: ProjectInfo successfully initialized.
7/11/2017 8:59:47 PM, Info: Verifying archive C:\Users\Mike\Documents\00 Volta\R&R\Town Center Main\VSG-TownCenter v1.05_archive\SS_XMLCommunicator 2.0.clz...
7/11/2017 8:59:47 PM, Info: Saving project information...
7/11/2017 8:59:48 PM, Info: Verifying archive C:\Users\Mike\Documents\00 Volta\R&R\Town Center Main\VSG-TownCenter v1.05_archive\SS_CoreHubEvents 2.0.clz...
7/11/2017 8:59:48 PM, Info: Saving project information...
7/11/2017 8:59:49 PM, Info: Verifying archive C:\Users\Mike\Documents\00 Volta\R&R\Town Center Main\VSG-TownCenter v1.05_archive\SPlsWork\SonosLibrary_v2_2.clz...
7/11/2017 8:59:50 PM, Info: Saving project information...
7/11/2017 8:59:51 PM, Info: Verifying archive C:\Users\Mike\Documents\00 Volta\R&R\Town Center Main\VSG-TownCenter v1.05_archive\SS_RoviTVListings v2.0.clz...
7/11/2017 8:59:51 PM, Info: Saving project information...
7/11/2017 8:59:52 PM, Info: Verifying archive C:\Users\Mike\Documents\00 Volta\R&R\Town Center Main\VSG-TownCenter v1.05_archive\SS_RoviTVListings v2.0.clz...
7/11/2017 8:59:52 PM, Info: Saving project information...
7/11/2017 8:59:52 PM, Info: Verifying archive C:\Users\Mike\Documents\00 Volta\R&R\Town Center Main\VSG-TownCenter v1.05_archive\SS_DirecTVController.clz...
7/11/2017 8:59:52 PM, Info: Saving project information...
7/11/2017 8:59:55 PM, Info: Verifying archive C:\Users\Mike\Documents\00 Volta\R&R\Town Center Main\VSG-TownCenter v1.05_archive\SS_Passwords.clz...
7/11/2017 8:59:55 PM, Info: Saving project information...
7/11/2017 8:59:58 PM, Info: Verifying archive C:\Users\Mike\Documents\00 Volta\R&R\Town Center Main\VSG-TownCenter v1.05_archive\SS_ShadingController 2.0.clz...
7/11/2017 8:59:58 PM, Info: Saving project information...
7/11/2017 9:00:04 PM, Info: Verifying archive C:\Users\Mike\Documents\00 Volta\R&R\Town Center Main\VSG-TownCenter v1.05_archive\SPlsWork\Crestron.MediaPlayerValidator.clz...
7/11/2017 9:00:04 PM, Info: Saving project information...
7/11/2017 9:00:05 PM, Info: Verifying archive C:\Users\Mike\Documents\00 Volta\R&R\Town Center Main\VSG-TownCenter v1.05_archive\SS_ShadingController 2.0.clz...
7/11/2017 9:00:06 PM, Info: Saving project information...
7/11/2017 9:00:15 PM, Info: Commiting verification transaction...
7/11/2017 9:00:15 PM, Info: Saving project information...
7/11/2017 9:18:16 PM, Info: Initializing SIMPLSharp Services...
7/11/2017 9:18:16 PM, Info: ProjectInfo successfully initialized.
7/11/2017 9:18:16 PM, Info: Verifying archive C:\Users\Mike\Documents\00 Volta\R&R\Town Center Main\VSG-TownCenter v1.05_archive\SS_XMLCommunicator 2.0.clz...
7/11/2017 9:18:17 PM, Info: Saving project information...
7/11/2017 9:18:17 PM, Info: Verifying archive C:\Users\Mike\Documents\00 Volta\R&R\Town Center Main\VSG-TownCenter v1.05_archive\SS_CoreHubEvents 2.0.clz...
7/11/2017 9:18:18 PM, Info: Saving project information...
7/11/2017 9:18:18 PM, Info: Verifying archive C:\Users\Mike\Documents\00 Volta\R&R\Town Center Main\VSG-TownCenter v1.05_archive\SPlsWork\SonosLibrary_v2_2.clz...
7/11/2017 9:18:20 PM, Info: Saving project information...
7/11/2017 9:18:20 PM, Info: Verifying archive C:\Users\Mike\Documents\00 Volta\R&R\Town Center Main\VSG-TownCenter v1.05_archive\SS_RoviTVListings v2.0.clz...
7/11/2017 9:18:21 PM, Info: Saving project information...
7/11/2017 9:18:21 PM, Info: Verifying archive C:\Users\Mike\Documents\00 Volta\R&R\Town Center Main\VSG-TownCenter v1.05_archive\SS_RoviTVListings v2.0.clz...
7/11/2017 9:18:21 PM, Info: Saving project information...
7/11/2017 9:18:22 PM, Info: Verifying archive C:\Users\Mike\Documents\00 Volta\R&R\Town Center Main\VSG-TownCenter v1.05_archive\SS_DirecTVController.clz...
7/11/2017 9:18:22 PM, Info: Saving project information...
7/11/2017 9:18:25 PM, Info: Verifying archive C:\Users\Mike\Documents\00 Volta\R&R\Town Center Main\VSG-TownCenter v1.05_archive\SS_Passwords.clz...
7/11/2017 9:18:25 PM, Info: Saving project information...
7/11/2017 9:18:27 PM, Info: Verifying archive C:\Users\Mike\Documents\00 Volta\R&R\Town Center Main\VSG-TownCenter v1.05_archive\SS_ShadingController 2.0.clz...
7/11/2017 9:18:28 PM, Info: Saving project information...
7/11/2017 9:18:33 PM, Info: Verifying archive C:\Users\Mike\Documents\00 Volta\R&R\Town Center Main\VSG-TownCenter v1.05_archive\SPlsWork\Crestron.MediaPlayerValidator.clz...
7/11/2017 9:18:34 PM, Info: Saving project information...
7/11/2017 9:18:35 PM, Info: Verifying archive C:\Users\Mike\Documents\00 Volta\R&R\Town Center Main\VSG-TownCenter v1.05_archive\SS_ShadingController 2.0.clz...
7/11/2017 9:18:36 PM, Info: Saving project information...
7/11/2017 9:18:45 PM, Info: Commiting verification transaction...
7/11/2017 9:18:45 PM, Info: Saving project information...
7/11/2017 9:44:10 PM, Info: Initializing SIMPLSharp Services...
7/11/2017 9:44:10 PM, Info: ProjectInfo successfully initialized.
7/11/2017 9:44:10 PM, Info: Verifying archive C:\Users\Mike\Documents\00 Volta\R&R\Town Center Main\VSG-TownCenter v1.05_archive\SS_XMLCommunicator 2.0.clz...
7/11/2017 9:44:10 PM, Info: Saving project information...
7/11/2017 9:44:11 PM, Info: Verifying archive C:\Users\Mike\Documents\00 Volta\R&R\Town Center Main\VSG-TownCenter v1.05_archive\SS_CoreHubEvents 2.0.clz...
7/11/2017 9:44:11 PM, Info: Saving project information...
7/11/2017 9:44:12 PM, Info: Verifying archive C:\Users\Mike\Documents\00 Volta\R&R\Town Center Main\VSG-TownCenter v1.05_archive\SPlsWork\SonosLibrary_v2_2.clz...
7/11/2017 9:44:14 PM, Info: Saving project information...
7/11/2017 9:44:14 PM, Info: Verifying archive C:\Users\Mike\Documents\00 Volta\R&R\Town Center Main\VSG-TownCenter v1.05_archive\SS_RoviTVListings v2.0.clz...
7/11/2017 9:44:14 PM, Info: Saving project information...
7/11/2017 9:44:15 PM, Info: Verifying archive C:\Users\Mike\Documents\00 Volta\R&R\Town Center Main\VSG-TownCenter v1.05_archive\SS_RoviTVListings v2.0.clz...
7/11/2017 9:44:15 PM, Info: Saving project information...
7/11/2017 9:44:16 PM, Info: Verifying archive C:\Users\Mike\Documents\00 Volta\R&R\Town Center Main\VSG-TownCenter v1.05_archive\SS_DirecTVController.clz...
7/11/2017 9:44:16 PM, Info: Saving project information...
7/11/2017 9:44:18 PM, Info: Verifying archive C:\Users\Mike\Documents\00 Volta\R&R\Town Center Main\VSG-TownCenter v1.05_archive\SS_Passwords.clz...
7/11/2017 9:44:19 PM, Info: Saving project information...
7/11/2017 9:44:21 PM, Info: Verifying archive C:\Users\Mike\Documents\00 Volta\R&R\Town Center Main\VSG-TownCenter v1.05_archive\SS_ShadingController 2.0.clz...
7/11/2017 9:44:22 PM, Info: Saving project information...
7/11/2017 9:44:27 PM, Info: Verifying archive C:\Users\Mike\Documents\00 Volta\R&R\Town Center Main\VSG-TownCenter v1.05_archive\SPlsWork\Crestron.MediaPlayerValidator.clz...
7/11/2017 9:44:27 PM, Info: Saving project information...
7/11/2017 9:44:29 PM, Info: Verifying archive C:\Users\Mike\Documents\00 Volta\R&R\Town Center Main\VSG-TownCenter v1.05_archive\SS_ShadingController 2.0.clz...
7/11/2017 9:44:29 PM, Info: Saving project information...
7/11/2017 9:44:38 PM, Info: Commiting verification transaction...
7/11/2017 9:44:38 PM, Info: Saving project information...
7/11/2017 9:47:49 PM, Info: Initializing SIMPLSharp Services...
7/11/2017 9:47:49 PM, Info: ProjectInfo successfully initialized.
7/11/2017 9:47:49 PM, Info: Verifying archive C:\Users\Mike\Documents\00 Volta\R&R\Town Center Main\VSG-TownCenter v1.05_archive\SS_XMLCommunicator 2.0.clz...
7/11/2017 9:47:49 PM, Info: Saving project information...
7/11/2017 9:47:50 PM, Info: Verifying archive C:\Users\Mike\Documents\00 Volta\R&R\Town Center Main\VSG-TownCenter v1.05_archive\SS_CoreHubEvents 2.0.clz...
7/11/2017 9:47:50 PM, Info: Saving project information...
7/11/2017 9:47:51 PM, Info: Verifying archive C:\Users\Mike\Documents\00 Volta\R&R\Town Center Main\VSG-TownCenter v1.05_archive\SPlsWork\SonosLibrary_v2_2.clz...
7/11/2017 9:47:53 PM, Info: Saving project information...
7/11/2017 9:47:53 PM, Info: Verifying archive C:\Users\Mike\Documents\00 Volta\R&R\Town Center Main\VSG-TownCenter v1.05_archive\SS_RoviTVListings v2.0.clz...
