9/6/2017 9:25:12 AM, Info: Verifying archive C:\Users\Mike\Desktop\R & R\Town Center Main\VSG-TownCenter v1.05_archive\SS_Passwords.clz...
9/6/2017 9:25:12 AM, Info: Saving project information...
9/6/2017 9:25:14 AM, Info: Verifying archive C:\Users\Mike\Desktop\R & R\Town Center Main\VSG-TownCenter v1.05_archive\SS_ShadingController 2.0.clz...
9/6/2017 9:25:15 AM, Info: Saving project information...
9/6/2017 9:25:19 AM, Info: Verifying archive C:\Users\Mike\Desktop\R & R\Town Center Main\VSG-TownCenter v1.05_archive\SPlsWork\Crestron.MediaPlayerValidator.clz...
9/6/2017 9:25:20 AM, Info: Saving project information...
9/6/2017 9:25:21 AM, Info: Verifying archive C:\Users\Mike\Desktop\R & R\Town Center Main\VSG-TownCenter v1.05_archive\SS_ShadingController 2.0.clz...
9/6/2017 9:25:21 AM, Info: Saving project information...
9/6/2017 9:25:31 AM, Info: Commiting verification transaction...
9/6/2017 9:25:31 AM, Info: Saving project information...
9/6/2017 9:28:41 AM, Info: Initializing SIMPLSharp Services...
9/6/2017 9:28:41 AM, Info: ProjectInfo successfully initialized.
9/6/2017 9:28:41 AM, Info: Verifying archive C:\Users\Mike\Desktop\R & R\Town Center Main\VSG-TownCenter v1.05_archive\SS_XMLCommunicator 2.0.clz...
9/6/2017 9:28:41 AM, Info: Saving project information...
9/6/2017 9:28:42 AM, Info: Verifying archive C:\Users\Mike\Desktop\R & R\Town Center Main\VSG-TownCenter v1.05_archive\SS_CoreHubEvents 2.0.clz...
9/6/2017 9:28:42 AM, Info: Saving project information...
9/6/2017 9:28:43 AM, Info: Verifying archive C:\Users\Mike\Desktop\R & R\Town Center Main\VSG-TownCenter v1.05_archive\SPlsWork\SonosLibrary_v2_2.clz...
9/6/2017 9:28:44 AM, Info: Saving project information...
9/6/2017 9:28:45 AM, Info: Verifying archive C:\Users\Mike\Desktop\R & R\Town Center Main\VSG-TownCenter v1.05_archive\SS_RoviTVListings v2.0.clz...
9/6/2017 9:28:45 AM, Info: Saving project information...
9/6/2017 9:28:45 AM, Info: Verifying archive C:\Users\Mike\Desktop\R & R\Town Center Main\VSG-TownCenter v1.05_archive\SS_RoviTVListings v2.0.clz...
9/6/2017 9:28:45 AM, Info: Saving project information...
9/6/2017 9:28:46 AM, Info: Verifying archive C:\Users\Mike\Desktop\R & R\Town Center Main\VSG-TownCenter v1.05_archive\SS_DirecTVController.clz...
9/6/2017 9:28:46 AM, Info: Saving project information...
9/6/2017 9:28:48 AM, Info: Verifying archive C:\Users\Mike\Desktop\R & R\Town Center Main\VSG-TownCenter v1.05_archive\SS_Passwords.clz...
9/6/2017 9:28:48 AM, Info: Saving project information...
9/6/2017 9:28:51 AM, Info: Verifying archive C:\Users\Mike\Desktop\R & R\Town Center Main\VSG-TownCenter v1.05_archive\SS_ShadingController 2.0.clz...
9/6/2017 9:28:51 AM, Info: Saving project information...
9/6/2017 9:28:56 AM, Info: Verifying archive C:\Users\Mike\Desktop\R & R\Town Center Main\VSG-TownCenter v1.05_archive\SPlsWork\Crestron.MediaPlayerValidator.clz...
9/6/2017 9:28:56 AM, Info: Saving project information...
9/6/2017 9:28:57 AM, Info: Verifying archive C:\Users\Mike\Desktop\R & R\Town Center Main\VSG-TownCenter v1.05_archive\SS_ShadingController 2.0.clz...
9/6/2017 9:28:58 AM, Info: Saving project information...
9/6/2017 9:29:07 AM, Info: Commiting verification transaction...
9/6/2017 9:29:07 AM, Info: Saving project information...
9/6/2017 9:30:12 AM, Info: Initializing SIMPLSharp Services...
9/6/2017 9:30:12 AM, Info: ProjectInfo successfully initialized.
9/6/2017 9:30:13 AM, Info: Verifying archive C:\Users\Mike\Desktop\R & R\Town Center Main\VSG-TownCenter v1.05_archive\SS_XMLCommunicator 2.0.clz...
9/6/2017 9:30:13 AM, Info: Saving project information...
9/6/2017 9:30:14 AM, Info: Verifying archive C:\Users\Mike\Desktop\R & R\Town Center Main\VSG-TownCenter v1.05_archive\SS_CoreHubEvents 2.0.clz...
9/6/2017 9:30:14 AM, Info: Saving project information...
9/6/2017 9:30:15 AM, Info: Verifying archive C:\Users\Mike\Desktop\R & R\Town Center Main\VSG-TownCenter v1.05_archive\SPlsWork\SonosLibrary_v2_2.clz...
9/6/2017 9:30:16 AM, Info: Saving project information...
9/6/2017 9:30:16 AM, Info: Verifying archive C:\Users\Mike\Desktop\R & R\Town Center Main\VSG-TownCenter v1.05_archive\SS_RoviTVListings v2.0.clz...
9/6/2017 9:30:17 AM, Info: Saving project information...
9/6/2017 9:30:17 AM, Info: Verifying archive C:\Users\Mike\Desktop\R & R\Town Center Main\VSG-TownCenter v1.05_archive\SS_RoviTVListings v2.0.clz...
9/6/2017 9:30:17 AM, Info: Saving project information...
9/6/2017 9:30:18 AM, Info: Verifying archive C:\Users\Mike\Desktop\R & R\Town Center Main\VSG-TownCenter v1.05_archive\SS_DirecTVController.clz...
9/6/2017 9:30:18 AM, Info: Saving project information...
9/6/2017 9:30:20 AM, Info: Verifying archive C:\Users\Mike\Desktop\R & R\Town Center Main\VSG-TownCenter v1.05_archive\SS_Passwords.clz...
9/6/2017 9:30:20 AM, Info: Saving project information...
9/6/2017 9:30:22 AM, Info: Verifying archive C:\Users\Mike\Desktop\R & R\Town Center Main\VSG-TownCenter v1.05_archive\SS_ShadingController 2.0.clz...
9/6/2017 9:30:23 AM, Info: Saving project information...
9/6/2017 9:30:27 AM, Info: Verifying archive C:\Users\Mike\Desktop\R & R\Town Center Main\VSG-TownCenter v1.05_archive\SPlsWork\Crestron.MediaPlayerValidator.clz...
9/6/2017 9:30:28 AM, Info: Saving project information...
9/6/2017 9:30:29 AM, Info: Verifying archive C:\Users\Mike\Desktop\R & R\Town Center Main\VSG-TownCenter v1.05_archive\SS_ShadingController 2.0.clz...
9/6/2017 9:30:29 AM, Info: Saving project information...
9/6/2017 9:30:39 AM, Info: Commiting verification transaction...
9/6/2017 9:30:39 AM, Info: Saving project information...
9/6/2017 9:31:08 AM, Info: Initializing SIMPLSharp Services...
9/6/2017 9:31:08 AM, Info: ProjectInfo successfully initialized.
9/6/2017 9:31:08 AM, Info: Verifying archive C:\Users\Mike\Desktop\R & R\Town Center Main\VSG-TownCenter v1.05_archive\SS_XMLCommunicator 2.0.clz...
9/6/2017 9:31:08 AM, Info: Saving project information...
9/6/2017 9:31:09 AM, Info: Verifying archive C:\Users\Mike\Desktop\R & R\Town Center Main\VSG-TownCenter v1.05_archive\SS_CoreHubEvents 2.0.clz...
9/6/2017 9:31:09 AM, Info: Saving project information...
9/6/2017 9:31:10 AM, Info: Verifying archive C:\Users\Mike\Desktop\R & R\Town Center Main\VSG-TownCenter v1.05_archive\SPlsWork\SonosLibrary_v2_2.clz...
9/6/2017 9:31:11 AM, Info: Saving project information...
9/6/2017 9:31:12 AM, Info: Verifying archive C:\Users\Mike\Desktop\R & R\Town Center Main\VSG-TownCenter v1.05_archive\SS_RoviTVListings v2.0.clz...
9/6/2017 9:31:12 AM, Info: Saving project information...
9/6/2017 9:31:12 AM, Info: Verifying archive C:\Users\Mike\Desktop\R & R\Town Center Main\VSG-TownCenter v1.05_archive\SS_RoviTVListings v2.0.clz...
9/6/2017 9:31:12 AM, Info: Saving project information...
9/6/2017 9:31:13 AM, Info: Verifying archive C:\Users\Mike\Desktop\R & R\Town Center Main\VSG-TownCenter v1.05_archive\SS_DirecTVController.clz...
9/6/2017 9:31:13 AM, Info: Saving project information...
9/6/2017 9:31:15 AM, Info: Verifying archive C:\Users\Mike\Desktop\R & R\Town Center Main\VSG-TownCenter v1.05_archive\SS_Passwords.clz...
9/6/2017 9:31:15 AM, Info: Saving project information...
9/6/2017 9:31:17 AM, Info: Verifying archive C:\Users\Mike\Desktop\R & R\Town Center Main\VSG-TownCenter v1.05_archive\SS_ShadingController 2.0.clz...
9/6/2017 9:31:18 AM, Info: Saving project information...
9/6/2017 9:31:23 AM, Info: Verifying archive C:\Users\Mike\Desktop\R & R\Town Center Main\VSG-TownCenter v1.05_archive\SPlsWork\Crestron.MediaPlayerValidator.clz...
9/6/2017 9:31:23 AM, Info: Saving project information...
9/6/2017 9:31:24 AM, Info: Verifying archive C:\Users\Mike\Desktop\R & R\Town Center Main\VSG-TownCenter v1.05_archive\SS_ShadingController 2.0.clz...
9/6/2017 9:31:24 AM, Info: Saving project information...
9/6/2017 9:31:34 AM, Info: Commiting verification transaction...
9/6/2017 9:31:34 AM, Info: Saving project information...
9/6/2017 9:36:07 AM, Info: Initializing SIMPLSharp Services...
9/6/2017 9:36:07 AM, Info: ProjectInfo successfully initialized.
9/6/2017 9:36:07 AM, Info: Verifying archive C:\Users\Mike\Desktop\R & R\Town Center Main\VSG-TownCenter v1.05_archive\SS_XMLCommunicator 2.0.clz...
9/6/2017 9:36:07 AM, Info: Saving project information...
9/6/2017 9:36:08 AM, Info: Verifying archive C:\Users\Mike\Desktop\R & R\Town Center Main\VSG-TownCenter v1.05_archive\SS_CoreHubEvents 2.0.clz...
9/6/2017 9:36:08 AM, Info: Saving project information...
9/6/2017 9:36:09 AM, Info: Verifying archive C:\Users\Mike\Desktop\R & R\Town Center Main\VSG-TownCenter v1.05_archive\SPlsWork\SonosLibrary_v2_2.clz...
9/6/2017 9:36:10 AM, Info: Saving project information...
9/6/2017 9:36:11 AM, Info: Verifying archive C:\Users\Mike\Desktop\R & R\Town Center Main\VSG-TownCenter v1.05_archive\SS_RoviTVListings v2.0.clz...
9/6/2017 9:36:11 AM, Info: Saving project information...
9/6/2017 9:36:12 AM, Info: Verifying archive C:\Users\Mike\Desktop\R & R\Town Center Main\VSG-TownCenter v1.05_archive\SS_RoviTVListings v2.0.clz...
9/6/2017 9:36:12 AM, Info: Saving project information...
9/6/2017 9:36:12 AM, Info: Verifying archive C:\Users\Mike\Desktop\R & R\Town Center Main\VSG-TownCenter v1.05_archive\SS_DirecTVController.clz...
9/6/2017 9:36:12 AM, Info: Saving project information...
9/6/2017 9:36:15 AM, Info: Verifying archive C:\Users\Mike\Desktop\R & R\Town Center Main\VSG-TownCenter v1.05_archive\SS_Passwords.clz...
9/6/2017 9:36:15 AM, Info: Saving project information...
9/6/2017 9:36:17 AM, Info: Verifying archive C:\Users\Mike\Desktop\R & R\Town Center Main\VSG-TownCenter v1.05_archive\SS_ShadingController 2.0.clz...
9/6/2017 9:36:18 AM, Info: Saving project information...
9/6/2017 9:36:22 AM, Info: Verifying archive C:\Users\Mike\Desktop\R & R\Town Center Main\VSG-TownCenter v1.05_archive\SPlsWork\Crestron.MediaPlayerValidator.clz...
9/6/2017 9:36:22 AM, Info: Saving project information...
9/6/2017 9:36:24 AM, Info: Verifying archive C:\Users\Mike\Desktop\R & R\Town Center Main\VSG-TownCenter v1.05_archive\SS_ShadingController 2.0.clz...
9/6/2017 9:36:25 AM, Info: Saving project information...
9/6/2017 9:36:34 AM, Info: Commiting verification transaction...
9/6/2017 9:36:34 AM, Info: Saving project information...
9/6/2017 9:46:59 AM, Info: Initializing SIMPLSharp Services...
9/6/2017 9:46:59 AM, Info: ProjectInfo successfully initialized.
9/6/2017 9:46:59 AM, Info: Verifying archive C:\Users\Mike\Desktop\R & R\Town Center Main\VSG-TownCenter v1.05_archive\SS_XMLCommunicator 2.0.clz...
9/6/2017 9:47:00 AM, Info: Saving project information...
9/6/2017 9:47:00 AM, Info: Verifying archive C:\Users\Mike\Desktop\R & R\Town Center Main\VSG-TownCenter v1.05_archive\SS_CoreHubEvents 2.0.clz...
9/6/2017 9:47:01 AM, Info: Saving project information...
9/6/2017 9:47:01 AM, Info: Verifying archive C:\Users\Mike\Desktop\R & R\Town Center Main\VSG-TownCenter v1.05_archive\SPlsWork\SonosLibrary_v2_2.clz...
9/6/2017 9:47:03 AM, Info: Saving project information...
9/6/2017 9:47:03 AM, Info: Verifying archive C:\Users\Mike\Desktop\R & R\Town Center Main\VSG-TownCenter v1.05_archive\SS_RoviTVListings v2.0.clz...
9/6/2017 9:47:03 AM, Info: Saving project information...
9/6/2017 9:47:04 AM, Info: Verifying archive C:\Users\Mike\Desktop\R & R\Town Center Main\VSG-TownCenter v1.05_archive\SS_RoviTVListings v2.0.clz...
9/6/2017 9:47:04 AM, Info: Saving project information...
9/6/2017 9:47:04 AM, Info: Verifying archive C:\Users\Mike\Desktop\R & R\Town Center Main\VSG-TownCenter v1.05_archive\SS_DirecTVController.clz...
9/6/2017 9:47:05 AM, Info: Saving project information...
9/6/2017 9:47:07 AM, Info: Verifying archive C:\Users\Mike\Desktop\R & R\Town Center Main\VSG-TownCenter v1.05_archive\SS_Passwords.clz...
9/6/2017 9:47:07 AM, Info: Saving project information...
9/6/2017 9:47:09 AM, Info: Verifying archive C:\Users\Mike\Desktop\R & R\Town Center Main\VSG-TownCenter v1.05_archive\SS_ShadingController 2.0.clz...
9/6/2017 9:47:10 AM, Info: Saving project information...
9/6/2017 9:47:15 AM, Info: Verifying archive C:\Users\Mike\Desktop\R & R\Town Center Main\VSG-TownCenter v1.05_archive\SPlsWork\Crestron.MediaPlayerValidator.clz...
9/6/2017 9:47:15 AM, Info: Saving project information...
9/6/2017 9:47:16 AM, Info: Verifying archive C:\Users\Mike\Desktop\R & R\Town Center Main\VSG-TownCenter v1.05_archive\SS_ShadingController 2.0.clz...
9/6/2017 9:47:16 AM, Info: Saving project information...
9/6/2017 9:47:26 AM, Info: Commiting verification transaction...
9/6/2017 9:47:26 AM, Info: Saving project information...
9/6/2017 10:35:36 AM, Info: Initializing SIMPLSharp Services...
9/6/2017 10:35:36 AM, Info: ProjectInfo successfully initialized.
9/6/2017 10:35:36 AM, Info: Verifying archive C:\Users\Mike\Desktop\R & R\Town Center Main\VSG-TownCenter v1.05_archive\SS_XMLCommunicator 2.0.clz...
9/6/2017 10:35:37 AM, Info: Saving project information...
9/6/2017 10:35:37 AM, Info: Verifying archive C:\Users\Mike\Desktop\R & R\Town Center Main\VSG-TownCenter v1.05_archive\SS_CoreHubEvents 2.0.clz...
9/6/2017 10:35:38 AM, Info: Saving project information...
9/6/2017 10:35:38 AM, Info: Verifying archive C:\Users\Mike\Desktop\R & R\Town Center Main\VSG-TownCenter v1.05_archive\SPlsWork\SonosLibrary_v2_2.clz...
9/6/2017 10:35:40 AM, Info: Saving project information...
9/6/2017 10:35:40 AM, Info: Verifying archive C:\Users\Mike\Desktop\R & R\Town Center Main\VSG-TownCenter v1.05_archive\SS_RoviTVListings v2.0.clz...
9/6/2017 10:35:40 AM, Info: Saving project information...
9/6/2017 10:35:41 AM, Info: Verifying archive C:\Users\Mike\Desktop\R & R\Town Center Main\VSG-TownCenter v1.05_archive\SS_RoviTVListings v2.0.clz...
9/6/2017 10:35:41 AM, Info: Saving project information...
9/6/2017 10:35:41 AM, Info: Verifying archive C:\Users\Mike\Desktop\R & R\Town Center Main\VSG-TownCenter v1.05_archive\SS_DirecTVController.clz...
9/6/2017 10:35:42 AM, Info: Saving project information...
9/6/2017 10:35:44 AM, Info: Verifying archive C:\Users\Mike\Desktop\R & R\Town Center Main\VSG-TownCenter v1.05_archive\SS_Passwords.clz...
9/6/2017 10:35:44 AM, Info: Saving project information...
9/6/2017 10:35:46 AM, Info: Verifying archive C:\Users\Mike\Desktop\R & R\Town Center Main\VSG-TownCenter v1.05_archive\SS_ShadingController 2.0.clz...
9/6/2017 10:35:47 AM, Info: Saving project information...
9/6/2017 10:35:52 AM, Info: Verifying archive C:\Users\Mike\Desktop\R & R\Town Center Main\VSG-TownCenter v1.05_archive\SPlsWork\Crestron.MediaPlayerValidator.clz...
9/6/2017 10:35:52 AM, Info: Saving project information...
9/6/2017 10:35:53 AM, Info: Verifying archive C:\Users\Mike\Desktop\R & R\Town Center Main\VSG-TownCenter v1.05_archive\SS_ShadingController 2.0.clz...
9/6/2017 10:35:54 AM, Info: Saving project information...
9/6/2017 10:36:03 AM, Info: Commiting verification transaction...
9/6/2017 10:36:03 AM, Info: Saving project information...
9/6/2017 10:56:25 AM, Info: Initializing SIMPLSharp Services...
9/6/2017 10:56:25 AM, Info: ProjectInfo successfully initialized.
9/6/2017 10:56:25 AM, Info: Verifying archive C:\Users\Mike\Desktop\R & R\Town Center Main\VSG-TownCenter v1.05_archive\SS_XMLCommunicator 2.0.clz...
9/6/2017 10:56:25 AM, Info: Saving project information...
9/6/2017 10:56:26 AM, Info: Verifying archive C:\Users\Mike\Desktop\R & R\Town Center Main\VSG-TownCenter v1.05_archive\SS_CoreHubEvents 2.0.clz...
9/6/2017 10:56:26 AM, Info: Saving project information...
9/6/2017 10:56:27 AM, Info: Verifying archive C:\Users\Mike\Desktop\R & R\Town Center Main\VSG-TownCenter v1.05_archive\SPlsWork\SonosLibrary_v2_2.clz...
9/6/2017 10:56:28 AM, Info: Saving project information...
9/6/2017 10:56:29 AM, Info: Verifying archive C:\Users\Mike\Desktop\R & R\Town Center Main\VSG-TownCenter v1.05_archive\SS_RoviTVListings v2.0.clz...
9/6/2017 10:56:29 AM, Info: Saving project information...
9/6/2017 10:56:30 AM, Info: Verifying archive C:\Users\Mike\Desktop\R & R\Town Center Main\VSG-TownCenter v1.05_archive\SS_RoviTVListings v2.0.clz...
9/6/2017 10:56:30 AM, Info: Saving project information...
9/6/2017 10:56:30 AM, Info: Verifying archive C:\Users\Mike\Desktop\R & R\Town Center Main\VSG-TownCenter v1.05_archive\SS_DirecTVController.clz...
