9/5/2017 11:04:01 PM, Info: Initializing SIMPLSharp Services...
9/5/2017 11:04:01 PM, Info: ProjectInfo successfully initialized.
9/5/2017 11:04:01 PM, Info: Verifying archive C:\Users\Mike\Desktop\R & R\Town Center Main\VSG-TownCenter v1.05_archive\SS_XMLCommunicator 2.0.clz...
9/5/2017 11:04:02 PM, Info: Saving project information...
9/5/2017 11:04:03 PM, Info: Verifying archive C:\Users\Mike\Desktop\R & R\Town Center Main\VSG-TownCenter v1.05_archive\SS_CoreHubEvents 2.0.clz...
9/5/2017 11:04:04 PM, Info: Saving project information...
9/5/2017 11:04:04 PM, Info: Verifying archive C:\Users\Mike\Desktop\R & R\Town Center Main\VSG-TownCenter v1.05_archive\SPlsWork\SonosLibrary_v2_2.clz...
9/5/2017 11:04:07 PM, Info: Saving project information...
9/5/2017 11:04:08 PM, Info: Verifying archive C:\Users\Mike\Desktop\R & R\Town Center Main\VSG-TownCenter v1.05_archive\SS_RoviTVListings v2.0.clz...
9/5/2017 11:04:08 PM, Info: Saving project information...
9/5/2017 11:04:09 PM, Info: Verifying archive C:\Users\Mike\Desktop\R & R\Town Center Main\VSG-TownCenter v1.05_archive\SS_RoviTVListings v2.0.clz...
9/5/2017 11:04:09 PM, Info: Saving project information...
9/5/2017 11:04:10 PM, Info: Verifying archive C:\Users\Mike\Desktop\R & R\Town Center Main\VSG-TownCenter v1.05_archive\SS_DirecTVController.clz...
9/5/2017 11:04:10 PM, Info: Saving project information...
9/5/2017 11:04:13 PM, Info: Verifying archive C:\Users\Mike\Desktop\R & R\Town Center Main\VSG-TownCenter v1.05_archive\SPlsWork\SonosLibrary_v2_2.clz...
9/5/2017 11:04:16 PM, Info: Saving project information...
9/5/2017 11:04:17 PM, Info: Verifying archive C:\Users\Mike\Desktop\R & R\Town Center Main\VSG-TownCenter v1.05_archive\SS_Passwords.clz...
9/5/2017 11:04:17 PM, Info: Saving project information...
9/5/2017 11:04:23 PM, Info: Verifying archive C:\Users\Mike\Desktop\R & R\Town Center Main\VSG-TownCenter v1.05_archive\SS_ShadingController 2.0.clz...
9/5/2017 11:04:24 PM, Info: Saving project information...
9/5/2017 11:04:32 PM, Info: Verifying archive C:\Users\Mike\Desktop\R & R\Town Center Main\VSG-TownCenter v1.05_archive\SPlsWork\AppHelperClasses v2_0.clz...
9/5/2017 11:04:32 PM, Info: Saving project information...
9/5/2017 11:04:33 PM, Info: Verifying archive C:\Users\Mike\Desktop\R & R\Town Center Main\VSG-TownCenter v1.05_archive\SPlsWork\Crestron.MediaPlayerValidator.clz...
9/5/2017 11:04:33 PM, Info: Saving project information...
9/5/2017 11:04:36 PM, Info: Verifying archive C:\Users\Mike\Desktop\R & R\Town Center Main\VSG-TownCenter v1.05_archive\SS_ShadingController 2.0.clz...
9/5/2017 11:04:37 PM, Info: Saving project information...
9/5/2017 11:04:47 PM, Info: Commiting verification transaction...
9/5/2017 11:04:47 PM, Info: Saving project information...
9/5/2017 11:31:21 PM, Info: Initializing SIMPLSharp Services...
9/5/2017 11:31:21 PM, Info: ProjectInfo successfully initialized.
9/5/2017 11:31:21 PM, Info: Verifying archive C:\Users\Mike\Desktop\R & R\Town Center Main\VSG-TownCenter v1.05_archive\SS_XMLCommunicator 2.0.clz...
9/5/2017 11:31:22 PM, Info: Saving project information...
9/5/2017 11:31:22 PM, Info: Verifying archive C:\Users\Mike\Desktop\R & R\Town Center Main\VSG-TownCenter v1.05_archive\SS_CoreHubEvents 2.0.clz...
9/5/2017 11:31:23 PM, Info: Saving project information...
9/5/2017 11:31:23 PM, Info: Verifying archive C:\Users\Mike\Desktop\R & R\Town Center Main\VSG-TownCenter v1.05_archive\SPlsWork\SonosLibrary_v2_2.clz...
9/5/2017 11:31:26 PM, Info: Saving project information...
9/5/2017 11:31:27 PM, Info: Verifying archive C:\Users\Mike\Desktop\R & R\Town Center Main\VSG-TownCenter v1.05_archive\SS_RoviTVListings v2.0.clz...
9/5/2017 11:31:27 PM, Info: Saving project information...
9/5/2017 11:31:27 PM, Info: Verifying archive C:\Users\Mike\Desktop\R & R\Town Center Main\VSG-TownCenter v1.05_archive\SS_RoviTVListings v2.0.clz...
9/5/2017 11:31:28 PM, Info: Saving project information...
9/5/2017 11:31:28 PM, Info: Verifying archive C:\Users\Mike\Desktop\R & R\Town Center Main\VSG-TownCenter v1.05_archive\SS_DirecTVController.clz...
9/5/2017 11:31:28 PM, Info: Saving project information...
9/5/2017 11:31:31 PM, Info: Verifying archive C:\Users\Mike\Desktop\R & R\Town Center Main\VSG-TownCenter v1.05_archive\SPlsWork\SonosLibrary_v2_2.clz...
9/5/2017 11:31:33 PM, Info: Saving project information...
9/5/2017 11:31:33 PM, Info: Verifying archive C:\Users\Mike\Desktop\R & R\Town Center Main\VSG-TownCenter v1.05_archive\SS_Passwords.clz...
9/5/2017 11:31:34 PM, Info: Saving project information...
9/5/2017 11:31:38 PM, Info: Verifying archive C:\Users\Mike\Desktop\R & R\Town Center Main\VSG-TownCenter v1.05_archive\SS_ShadingController 2.0.clz...
9/5/2017 11:31:39 PM, Info: Saving project information...
9/5/2017 11:31:45 PM, Info: Verifying archive C:\Users\Mike\Desktop\R & R\Town Center Main\VSG-TownCenter v1.05_archive\SPlsWork\AppHelperClasses v2_0.clz...
9/5/2017 11:31:46 PM, Info: Saving project information...
9/5/2017 11:31:46 PM, Info: Verifying archive C:\Users\Mike\Desktop\R & R\Town Center Main\VSG-TownCenter v1.05_archive\SPlsWork\Crestron.MediaPlayerValidator.clz...
9/5/2017 11:31:46 PM, Info: Saving project information...
9/5/2017 11:31:48 PM, Info: Verifying archive C:\Users\Mike\Desktop\R & R\Town Center Main\VSG-TownCenter v1.05_archive\SS_ShadingController 2.0.clz...
9/5/2017 11:31:49 PM, Info: Saving project information...
9/5/2017 11:31:58 PM, Info: Commiting verification transaction...
9/5/2017 11:31:58 PM, Info: Saving project information...
9/5/2017 11:34:38 PM, Info: Initializing SIMPLSharp Services...
9/5/2017 11:34:38 PM, Info: ProjectInfo successfully initialized.
9/5/2017 11:34:38 PM, Info: Verifying archive C:\Users\Mike\Desktop\R & R\Town Center Main\VSG-TownCenter v1.05_archive\SS_XMLCommunicator 2.0.clz...
9/5/2017 11:34:39 PM, Info: Saving project information...
9/5/2017 11:34:39 PM, Info: Verifying archive C:\Users\Mike\Desktop\R & R\Town Center Main\VSG-TownCenter v1.05_archive\SS_CoreHubEvents 2.0.clz...
9/5/2017 11:34:39 PM, Info: Saving project information...
9/5/2017 11:34:40 PM, Info: Verifying archive C:\Users\Mike\Desktop\R & R\Town Center Main\VSG-TownCenter v1.05_archive\SPlsWork\SonosLibrary_v2_2.clz...
9/5/2017 11:34:41 PM, Info: Saving project information...
9/5/2017 11:34:42 PM, Info: Verifying archive C:\Users\Mike\Desktop\R & R\Town Center Main\VSG-TownCenter v1.05_archive\SS_RoviTVListings v2.0.clz...
9/5/2017 11:34:42 PM, Info: Saving project information...
9/5/2017 11:34:43 PM, Info: Verifying archive C:\Users\Mike\Desktop\R & R\Town Center Main\VSG-TownCenter v1.05_archive\SS_RoviTVListings v2.0.clz...
9/5/2017 11:34:43 PM, Info: Saving project information...
9/5/2017 11:34:43 PM, Info: Verifying archive C:\Users\Mike\Desktop\R & R\Town Center Main\VSG-TownCenter v1.05_archive\SS_DirecTVController.clz...
9/5/2017 11:34:43 PM, Info: Saving project information...
9/5/2017 11:34:46 PM, Info: Verifying archive C:\Users\Mike\Desktop\R & R\Town Center Main\VSG-TownCenter v1.05_archive\SS_Passwords.clz...
9/5/2017 11:34:46 PM, Info: Saving project information...
9/5/2017 11:34:48 PM, Info: Verifying archive C:\Users\Mike\Desktop\R & R\Town Center Main\VSG-TownCenter v1.05_archive\SS_ShadingController 2.0.clz...
9/5/2017 11:34:48 PM, Info: Saving project information...
9/5/2017 11:34:53 PM, Info: Verifying archive C:\Users\Mike\Desktop\R & R\Town Center Main\VSG-TownCenter v1.05_archive\SPlsWork\Crestron.MediaPlayerValidator.clz...
9/5/2017 11:34:53 PM, Info: Saving project information...
9/5/2017 11:34:55 PM, Info: Verifying archive C:\Users\Mike\Desktop\R & R\Town Center Main\VSG-TownCenter v1.05_archive\SS_ShadingController 2.0.clz...
9/5/2017 11:34:55 PM, Info: Saving project information...
9/5/2017 11:35:05 PM, Info: Commiting verification transaction...
9/5/2017 11:35:05 PM, Info: Saving project information...
9/5/2017 11:43:23 PM, Info: Initializing SIMPLSharp Services...
9/5/2017 11:43:23 PM, Info: ProjectInfo successfully initialized.
9/5/2017 11:43:23 PM, Info: Verifying archive C:\Users\Mike\Desktop\R & R\Town Center Main\VSG-TownCenter v1.05_archive\SS_XMLCommunicator 2.0.clz...
9/5/2017 11:43:23 PM, Info: Saving project information...
9/5/2017 11:43:24 PM, Info: Verifying archive C:\Users\Mike\Desktop\R & R\Town Center Main\VSG-TownCenter v1.05_archive\SS_CoreHubEvents 2.0.clz...
9/5/2017 11:43:24 PM, Info: Saving project information...
9/5/2017 11:43:25 PM, Info: Verifying archive C:\Users\Mike\Desktop\R & R\Town Center Main\VSG-TownCenter v1.05_archive\SPlsWork\SonosLibrary_v2_2.clz...
9/5/2017 11:43:26 PM, Info: Saving project information...
9/5/2017 11:43:27 PM, Info: Verifying archive C:\Users\Mike\Desktop\R & R\Town Center Main\VSG-TownCenter v1.05_archive\SS_RoviTVListings v2.0.clz...
9/5/2017 11:43:27 PM, Info: Saving project information...
9/5/2017 11:43:28 PM, Info: Verifying archive C:\Users\Mike\Desktop\R & R\Town Center Main\VSG-TownCenter v1.05_archive\SS_RoviTVListings v2.0.clz...
9/5/2017 11:43:28 PM, Info: Saving project information...
9/5/2017 11:43:28 PM, Info: Verifying archive C:\Users\Mike\Desktop\R & R\Town Center Main\VSG-TownCenter v1.05_archive\SS_DirecTVController.clz...
9/5/2017 11:43:28 PM, Info: Saving project information...
9/5/2017 11:43:31 PM, Info: Verifying archive C:\Users\Mike\Desktop\R & R\Town Center Main\VSG-TownCenter v1.05_archive\SS_Passwords.clz...
9/5/2017 11:43:31 PM, Info: Saving project information...
9/5/2017 11:43:33 PM, Info: Verifying archive C:\Users\Mike\Desktop\R & R\Town Center Main\VSG-TownCenter v1.05_archive\SS_ShadingController 2.0.clz...
9/5/2017 11:43:33 PM, Info: Saving project information...
9/5/2017 11:43:38 PM, Info: Verifying archive C:\Users\Mike\Desktop\R & R\Town Center Main\VSG-TownCenter v1.05_archive\SPlsWork\Crestron.MediaPlayerValidator.clz...
9/5/2017 11:43:38 PM, Info: Saving project information...
9/5/2017 11:43:39 PM, Info: Verifying archive C:\Users\Mike\Desktop\R & R\Town Center Main\VSG-TownCenter v1.05_archive\SS_ShadingController 2.0.clz...
9/5/2017 11:43:40 PM, Info: Saving project information...
9/5/2017 11:43:49 PM, Info: Commiting verification transaction...
9/5/2017 11:43:49 PM, Info: Saving project information...
9/6/2017 12:16:26 AM, Info: Initializing SIMPLSharp Services...
9/6/2017 12:16:26 AM, Info: ProjectInfo successfully initialized.
9/6/2017 12:16:26 AM, Info: Verifying archive C:\Users\Mike\Desktop\R & R\Town Center Main\VSG-TownCenter v1.05_archive\SS_XMLCommunicator 2.0.clz...
9/6/2017 12:16:26 AM, Info: Saving project information...
9/6/2017 12:16:27 AM, Info: Verifying archive C:\Users\Mike\Desktop\R & R\Town Center Main\VSG-TownCenter v1.05_archive\SS_CoreHubEvents 2.0.clz...
9/6/2017 12:16:27 AM, Info: Saving project information...
9/6/2017 12:16:28 AM, Info: Verifying archive C:\Users\Mike\Desktop\R & R\Town Center Main\VSG-TownCenter v1.05_archive\SPlsWork\SonosLibrary_v2_2.clz...
9/6/2017 12:16:29 AM, Info: Saving project information...
9/6/2017 12:16:30 AM, Info: Verifying archive C:\Users\Mike\Desktop\R & R\Town Center Main\VSG-TownCenter v1.05_archive\SS_RoviTVListings v2.0.clz...
9/6/2017 12:16:30 AM, Info: Saving project information...
9/6/2017 12:16:30 AM, Info: Verifying archive C:\Users\Mike\Desktop\R & R\Town Center Main\VSG-TownCenter v1.05_archive\SS_RoviTVListings v2.0.clz...
9/6/2017 12:16:30 AM, Info: Saving project information...
9/6/2017 12:16:31 AM, Info: Verifying archive C:\Users\Mike\Desktop\R & R\Town Center Main\VSG-TownCenter v1.05_archive\SS_DirecTVController.clz...
9/6/2017 12:16:31 AM, Info: Saving project information...
9/6/2017 12:16:34 AM, Info: Verifying archive C:\Users\Mike\Desktop\R & R\Town Center Main\VSG-TownCenter v1.05_archive\SS_Passwords.clz...
9/6/2017 12:16:34 AM, Info: Saving project information...
9/6/2017 12:16:37 AM, Info: Verifying archive C:\Users\Mike\Desktop\R & R\Town Center Main\VSG-TownCenter v1.05_archive\SS_ShadingController 2.0.clz...
9/6/2017 12:16:37 AM, Info: Saving project information...
9/6/2017 12:16:42 AM, Info: Verifying archive C:\Users\Mike\Desktop\R & R\Town Center Main\VSG-TownCenter v1.05_archive\SPlsWork\Crestron.MediaPlayerValidator.clz...
9/6/2017 12:16:42 AM, Info: Saving project information...
9/6/2017 12:16:43 AM, Info: Verifying archive C:\Users\Mike\Desktop\R & R\Town Center Main\VSG-TownCenter v1.05_archive\SS_ShadingController 2.0.clz...
9/6/2017 12:16:44 AM, Info: Saving project information...
9/6/2017 12:16:55 AM, Info: Commiting verification transaction...
9/6/2017 12:16:55 AM, Info: Saving project information...
9/6/2017 9:22:44 AM, Info: Initializing SIMPLSharp Services...
9/6/2017 9:22:44 AM, Info: ProjectInfo successfully initialized.
9/6/2017 9:22:44 AM, Info: Verifying archive C:\Users\Mike\Desktop\R & R\Town Center Main\VSG-TownCenter v1.05_archive\SS_XMLCommunicator 2.0.clz...
9/6/2017 9:22:45 AM, Info: Saving project information...
9/6/2017 9:22:45 AM, Info: Verifying archive C:\Users\Mike\Desktop\R & R\Town Center Main\VSG-TownCenter v1.05_archive\SS_CoreHubEvents 2.0.clz...
9/6/2017 9:22:45 AM, Info: Saving project information...
9/6/2017 9:22:46 AM, Info: Verifying archive C:\Users\Mike\Desktop\R & R\Town Center Main\VSG-TownCenter v1.05_archive\SPlsWork\SonosLibrary_v2_2.clz...
9/6/2017 9:22:47 AM, Info: Saving project information...
9/6/2017 9:22:48 AM, Info: Verifying archive C:\Users\Mike\Desktop\R & R\Town Center Main\VSG-TownCenter v1.05_archive\SS_RoviTVListings v2.0.clz...
9/6/2017 9:22:48 AM, Info: Saving project information...
9/6/2017 9:22:49 AM, Info: Verifying archive C:\Users\Mike\Desktop\R & R\Town Center Main\VSG-TownCenter v1.05_archive\SS_RoviTVListings v2.0.clz...
9/6/2017 9:22:49 AM, Info: Saving project information...
9/6/2017 9:22:49 AM, Info: Verifying archive C:\Users\Mike\Desktop\R & R\Town Center Main\VSG-TownCenter v1.05_archive\SS_DirecTVController.clz...
9/6/2017 9:22:49 AM, Info: Saving project information...
9/6/2017 9:22:52 AM, Info: Verifying archive C:\Users\Mike\Desktop\R & R\Town Center Main\VSG-TownCenter v1.05_archive\SS_Passwords.clz...
9/6/2017 9:22:52 AM, Info: Saving project information...
9/6/2017 9:22:54 AM, Info: Verifying archive C:\Users\Mike\Desktop\R & R\Town Center Main\VSG-TownCenter v1.05_archive\SS_ShadingController 2.0.clz...
9/6/2017 9:22:55 AM, Info: Saving project information...
9/6/2017 9:22:59 AM, Info: Verifying archive C:\Users\Mike\Desktop\R & R\Town Center Main\VSG-TownCenter v1.05_archive\SPlsWork\Crestron.MediaPlayerValidator.clz...
9/6/2017 9:22:59 AM, Info: Saving project information...
9/6/2017 9:23:01 AM, Info: Verifying archive C:\Users\Mike\Desktop\R & R\Town Center Main\VSG-TownCenter v1.05_archive\SS_ShadingController 2.0.clz...
9/6/2017 9:23:01 AM, Info: Saving project information...
9/6/2017 9:23:11 AM, Info: Commiting verification transaction...
9/6/2017 9:23:11 AM, Info: Saving project information...
9/6/2017 9:25:04 AM, Info: Initializing SIMPLSharp Services...
9/6/2017 9:25:04 AM, Info: ProjectInfo successfully initialized.
9/6/2017 9:25:04 AM, Info: Verifying archive C:\Users\Mike\Desktop\R & R\Town Center Main\VSG-TownCenter v1.05_archive\SS_XMLCommunicator 2.0.clz...
9/6/2017 9:25:05 AM, Info: Saving project information...
9/6/2017 9:25:05 AM, Info: Verifying archive C:\Users\Mike\Desktop\R & R\Town Center Main\VSG-TownCenter v1.05_archive\SS_CoreHubEvents 2.0.clz...
9/6/2017 9:25:05 AM, Info: Saving project information...
9/6/2017 9:25:06 AM, Info: Verifying archive C:\Users\Mike\Desktop\R & R\Town Center Main\VSG-TownCenter v1.05_archive\SPlsWork\SonosLibrary_v2_2.clz...
9/6/2017 9:25:08 AM, Info: Saving project information...
9/6/2017 9:25:08 AM, Info: Verifying archive C:\Users\Mike\Desktop\R & R\Town Center Main\VSG-TownCenter v1.05_archive\SS_RoviTVListings v2.0.clz...
9/6/2017 9:25:08 AM, Info: Saving project information...
9/6/2017 9:25:09 AM, Info: Verifying archive C:\Users\Mike\Desktop\R & R\Town Center Main\VSG-TownCenter v1.05_archive\SS_RoviTVListings v2.0.clz...
9/6/2017 9:25:09 AM, Info: Saving project information...
9/6/2017 9:25:09 AM, Info: Verifying archive C:\Users\Mike\Desktop\R & R\Town Center Main\VSG-TownCenter v1.05_archive\SS_DirecTVController.clz...
9/6/2017 9:25:09 AM, Info: Saving project information...
