7/14/2017 10:52:21 AM, Info: Saving project information...
7/14/2017 10:52:22 AM, Info: Verifying archive C:\Users\Mike\Documents\00 Volta\R&R\Town Center Main\VSG-TownCenter v1.05_archive\SS_RoviTVListings v2.0.clz...
7/14/2017 10:52:22 AM, Info: Saving project information...
7/14/2017 10:52:23 AM, Info: Verifying archive C:\Users\Mike\Documents\00 Volta\R&R\Town Center Main\VSG-TownCenter v1.05_archive\SS_DirecTVController.clz...
7/14/2017 10:52:23 AM, Info: Saving project information...
7/14/2017 10:52:28 AM, Info: Verifying archive C:\Users\Mike\Documents\00 Volta\R&R\Town Center Main\VSG-TownCenter v1.05_archive\SS_Passwords.clz...
7/14/2017 10:52:28 AM, Info: Saving project information...
7/14/2017 10:52:33 AM, Info: Verifying archive C:\Users\Mike\Documents\00 Volta\R&R\Town Center Main\VSG-TownCenter v1.05_archive\SS_ShadingController 2.0.clz...
7/14/2017 10:52:34 AM, Info: Saving project information...
7/14/2017 10:52:45 AM, Info: Verifying archive C:\Users\Mike\Documents\00 Volta\R&R\Town Center Main\VSG-TownCenter v1.05_archive\SPlsWork\Crestron.MediaPlayerValidator.clz...
7/14/2017 10:52:46 AM, Info: Saving project information...
7/14/2017 10:52:48 AM, Info: Verifying archive C:\Users\Mike\Documents\00 Volta\R&R\Town Center Main\VSG-TownCenter v1.05_archive\SS_ShadingController 2.0.clz...
7/14/2017 10:52:49 AM, Info: Saving project information...
7/14/2017 10:53:06 AM, Info: Commiting verification transaction...
7/14/2017 10:53:06 AM, Info: Saving project information...
7/14/2017 10:53:37 AM, Info: Initializing SIMPLSharp Services...
7/14/2017 10:53:37 AM, Info: ProjectInfo successfully initialized.
7/14/2017 10:53:37 AM, Info: Verifying archive C:\Users\Mike\Documents\00 Volta\R&R\Town Center Main\VSG-TownCenter v1.05_archive\SS_XMLCommunicator 2.0.clz...
7/14/2017 10:53:38 AM, Info: Saving project information...
7/14/2017 10:53:39 AM, Info: Verifying archive C:\Users\Mike\Documents\00 Volta\R&R\Town Center Main\VSG-TownCenter v1.05_archive\SS_CoreHubEvents 2.0.clz...
7/14/2017 10:53:39 AM, Info: Saving project information...
7/14/2017 10:53:40 AM, Info: Verifying archive C:\Users\Mike\Documents\00 Volta\R&R\Town Center Main\VSG-TownCenter v1.05_archive\SPlsWork\SonosLibrary_v2_2.clz...
7/14/2017 10:53:43 AM, Info: Saving project information...
7/14/2017 10:53:44 AM, Info: Verifying archive C:\Users\Mike\Documents\00 Volta\R&R\Town Center Main\VSG-TownCenter v1.05_archive\SS_RoviTVListings v2.0.clz...
7/14/2017 10:53:44 AM, Info: Saving project information...
7/14/2017 10:53:45 AM, Info: Verifying archive C:\Users\Mike\Documents\00 Volta\R&R\Town Center Main\VSG-TownCenter v1.05_archive\SS_RoviTVListings v2.0.clz...
7/14/2017 10:53:45 AM, Info: Saving project information...
7/14/2017 10:53:46 AM, Info: Verifying archive C:\Users\Mike\Documents\00 Volta\R&R\Town Center Main\VSG-TownCenter v1.05_archive\SS_DirecTVController.clz...
7/14/2017 10:53:46 AM, Info: Saving project information...
7/14/2017 10:53:50 AM, Info: Commiting verification transaction...
7/14/2017 10:53:50 AM, Info: Saving project information...
7/14/2017 10:54:04 AM, Info: Initializing SIMPLSharp Services...
7/14/2017 10:54:04 AM, Info: ProjectInfo successfully initialized.
7/14/2017 10:54:04 AM, Info: Verifying archive C:\Users\Mike\Documents\00 Volta\R&R\Town Center Main\VSG-TownCenter v1.05_archive\SS_XMLCommunicator 2.0.clz...
7/14/2017 10:54:04 AM, Info: Saving project information...
7/14/2017 10:54:05 AM, Info: Verifying archive C:\Users\Mike\Documents\00 Volta\R&R\Town Center Main\VSG-TownCenter v1.05_archive\SS_CoreHubEvents 2.0.clz...
7/14/2017 10:54:06 AM, Info: Saving project information...
7/14/2017 10:54:07 AM, Info: Verifying archive C:\Users\Mike\Documents\00 Volta\R&R\Town Center Main\VSG-TownCenter v1.05_archive\SPlsWork\SonosLibrary_v2_2.clz...
7/14/2017 10:54:09 AM, Info: Saving project information...
7/14/2017 10:54:10 AM, Info: Verifying archive C:\Users\Mike\Documents\00 Volta\R&R\Town Center Main\VSG-TownCenter v1.05_archive\SS_RoviTVListings v2.0.clz...
7/14/2017 10:54:10 AM, Info: Saving project information...
7/14/2017 10:54:11 AM, Info: Verifying archive C:\Users\Mike\Documents\00 Volta\R&R\Town Center Main\VSG-TownCenter v1.05_archive\SS_RoviTVListings v2.0.clz...
7/14/2017 10:54:12 AM, Info: Saving project information...
7/14/2017 10:54:12 AM, Info: Verifying archive C:\Users\Mike\Documents\00 Volta\R&R\Town Center Main\VSG-TownCenter v1.05_archive\SS_DirecTVController.clz...
7/14/2017 10:54:12 AM, Info: Saving project information...
7/14/2017 10:54:17 AM, Info: Verifying archive C:\Users\Mike\Documents\00 Volta\R&R\Town Center Main\VSG-TownCenter v1.05_archive\SS_Passwords.clz...
7/14/2017 10:54:18 AM, Info: Saving project information...
7/14/2017 10:54:22 AM, Info: Verifying archive C:\Users\Mike\Documents\00 Volta\R&R\Town Center Main\VSG-TownCenter v1.05_archive\SS_ShadingController 2.0.clz...
7/14/2017 10:54:23 AM, Info: Saving project information...
7/14/2017 10:54:33 AM, Info: Verifying archive C:\Users\Mike\Documents\00 Volta\R&R\Town Center Main\VSG-TownCenter v1.05_archive\SPlsWork\Crestron.MediaPlayerValidator.clz...
7/14/2017 10:54:33 AM, Info: Saving project information...
7/14/2017 10:54:35 AM, Info: Verifying archive C:\Users\Mike\Documents\00 Volta\R&R\Town Center Main\VSG-TownCenter v1.05_archive\SS_ShadingController 2.0.clz...
7/14/2017 10:54:36 AM, Info: Saving project information...
7/14/2017 10:54:54 AM, Info: Commiting verification transaction...
7/14/2017 10:54:54 AM, Info: Saving project information...
7/14/2017 10:57:23 AM, Info: Initializing SIMPLSharp Services...
7/14/2017 10:57:23 AM, Info: ProjectInfo successfully initialized.
7/14/2017 10:57:23 AM, Info: Verifying archive C:\Users\Mike\Documents\00 Volta\R&R\Town Center Main\VSG-TownCenter v1.05_archive\SS_XMLCommunicator 2.0.clz...
7/14/2017 10:57:24 AM, Info: Saving project information...
7/14/2017 10:57:24 AM, Info: Verifying archive C:\Users\Mike\Documents\00 Volta\R&R\Town Center Main\VSG-TownCenter v1.05_archive\SS_CoreHubEvents 2.0.clz...
7/14/2017 10:57:25 AM, Info: Saving project information...
7/14/2017 10:57:26 AM, Info: Verifying archive C:\Users\Mike\Documents\00 Volta\R&R\Town Center Main\VSG-TownCenter v1.05_archive\SPlsWork\SonosLibrary_v2_2.clz...
7/14/2017 10:57:28 AM, Info: Saving project information...
7/14/2017 10:57:29 AM, Info: Verifying archive C:\Users\Mike\Documents\00 Volta\R&R\Town Center Main\VSG-TownCenter v1.05_archive\SS_RoviTVListings v2.0.clz...
7/14/2017 10:57:30 AM, Info: Saving project information...
7/14/2017 10:57:31 AM, Info: Verifying archive C:\Users\Mike\Documents\00 Volta\R&R\Town Center Main\VSG-TownCenter v1.05_archive\SS_RoviTVListings v2.0.clz...
7/14/2017 10:57:31 AM, Info: Saving project information...
7/14/2017 10:57:31 AM, Info: Verifying archive C:\Users\Mike\Documents\00 Volta\R&R\Town Center Main\VSG-TownCenter v1.05_archive\SS_DirecTVController.clz...
7/14/2017 10:57:32 AM, Info: Saving project information...
7/14/2017 10:57:37 AM, Info: Verifying archive C:\Users\Mike\Documents\00 Volta\R&R\Town Center Main\VSG-TownCenter v1.05_archive\SS_Passwords.clz...
7/14/2017 10:57:37 AM, Info: Saving project information...
7/14/2017 10:57:41 AM, Info: Verifying archive C:\Users\Mike\Documents\00 Volta\R&R\Town Center Main\VSG-TownCenter v1.05_archive\SS_ShadingController 2.0.clz...
7/14/2017 10:57:42 AM, Info: Saving project information...
7/14/2017 10:57:52 AM, Info: Verifying archive C:\Users\Mike\Documents\00 Volta\R&R\Town Center Main\VSG-TownCenter v1.05_archive\SPlsWork\Crestron.MediaPlayerValidator.clz...
7/14/2017 10:57:52 AM, Info: Saving project information...
7/14/2017 10:57:54 AM, Info: Verifying archive C:\Users\Mike\Documents\00 Volta\R&R\Town Center Main\VSG-TownCenter v1.05_archive\SS_ShadingController 2.0.clz...
7/14/2017 10:57:55 AM, Info: Saving project information...
7/14/2017 10:58:14 AM, Info: Commiting verification transaction...
7/14/2017 10:58:14 AM, Info: Saving project information...
7/14/2017 11:02:35 AM, Info: Initializing SIMPLSharp Services...
7/14/2017 11:02:35 AM, Info: ProjectInfo successfully initialized.
7/14/2017 11:02:36 AM, Info: Verifying archive C:\Users\Mike\Documents\00 Volta\R&R\Town Center Main\VSG-TownCenter v1.05_archive\SS_XMLCommunicator 2.0.clz...
7/14/2017 11:02:37 AM, Info: Saving project information...
7/14/2017 11:02:38 AM, Info: Verifying archive C:\Users\Mike\Documents\00 Volta\R&R\Town Center Main\VSG-TownCenter v1.05_archive\SS_CoreHubEvents 2.0.clz...
7/14/2017 11:02:39 AM, Info: Saving project information...
7/14/2017 11:02:40 AM, Info: Verifying archive C:\Users\Mike\Documents\00 Volta\R&R\Town Center Main\VSG-TownCenter v1.05_archive\SPlsWork\SonosLibrary_v2_2.clz...
7/14/2017 11:02:44 AM, Info: Saving project information...
7/14/2017 11:02:45 AM, Info: Verifying archive C:\Users\Mike\Documents\00 Volta\R&R\Town Center Main\VSG-TownCenter v1.05_archive\SS_RoviTVListings v2.0.clz...
7/14/2017 11:02:45 AM, Info: Saving project information...
7/14/2017 11:02:47 AM, Info: Verifying archive C:\Users\Mike\Documents\00 Volta\R&R\Town Center Main\VSG-TownCenter v1.05_archive\SS_RoviTVListings v2.0.clz...
7/14/2017 11:02:47 AM, Info: Saving project information...
7/14/2017 11:02:47 AM, Info: Verifying archive C:\Users\Mike\Documents\00 Volta\R&R\Town Center Main\VSG-TownCenter v1.05_archive\SS_DirecTVController.clz...
7/14/2017 11:02:48 AM, Info: Saving project information...
7/14/2017 11:02:53 AM, Info: Verifying archive C:\Users\Mike\Documents\00 Volta\R&R\Town Center Main\VSG-TownCenter v1.05_archive\SS_Passwords.clz...
7/14/2017 11:02:53 AM, Info: Saving project information...
7/14/2017 11:02:58 AM, Info: Verifying archive C:\Users\Mike\Documents\00 Volta\R&R\Town Center Main\VSG-TownCenter v1.05_archive\SS_ShadingController 2.0.clz...
7/14/2017 11:02:59 AM, Info: Saving project information...
7/14/2017 11:03:10 AM, Info: Verifying archive C:\Users\Mike\Documents\00 Volta\R&R\Town Center Main\VSG-TownCenter v1.05_archive\SPlsWork\Crestron.MediaPlayerValidator.clz...
7/14/2017 11:03:10 AM, Info: Saving project information...
7/14/2017 11:03:13 AM, Info: Verifying archive C:\Users\Mike\Documents\00 Volta\R&R\Town Center Main\VSG-TownCenter v1.05_archive\SS_ShadingController 2.0.clz...
7/14/2017 11:03:14 AM, Info: Saving project information...
7/14/2017 11:03:39 AM, Info: Commiting verification transaction...
7/14/2017 11:03:39 AM, Info: Saving project information...
7/14/2017 3:14:18 PM, Info: Terminating SIMPLSharp Services
7/14/2017 3:14:18 PM, Info: Saving project information...
7/14/2017 3:14:18 PM, Info: Terminating SIMPLSharp Services
7/14/2017 3:14:18 PM, Info: Saving project information...
7/14/2017 3:14:18 PM, Info: Terminating SIMPLSharp Services
7/14/2017 3:14:18 PM, Info: Saving project information...
7/14/2017 3:14:18 PM, Info: Terminating SIMPLSharp Services
7/14/2017 3:14:18 PM, Info: Saving project information...
7/14/2017 3:14:18 PM, Info: Terminating SIMPLSharp Services
7/14/2017 3:14:18 PM, Info: Saving project information...
7/14/2017 3:14:18 PM, Info: Terminating SIMPLSharp Services
7/14/2017 3:14:18 PM, Info: Saving project information...
7/14/2017 3:14:18 PM, Info: Terminating SIMPLSharp Services
7/14/2017 3:14:18 PM, Info: Saving project information...
7/14/2017 3:14:18 PM, Info: Terminating SIMPLSharp Services
7/14/2017 3:14:18 PM, Info: Saving project information...
7/14/2017 3:14:18 PM, Info: Terminating SIMPLSharp Services
7/14/2017 3:14:18 PM, Info: Saving project information...
7/14/2017 3:14:18 PM, Info: Terminating SIMPLSharp Services
7/14/2017 3:14:18 PM, Info: Saving project information...
7/14/2017 3:14:18 PM, Info: Terminating SIMPLSharp Services
7/14/2017 3:14:18 PM, Info: Saving project information...
7/14/2017 3:14:18 PM, Info: Terminating SIMPLSharp Services
