7/11/2017 7:04:56 PM, Info: Initializing SIMPLSharp Services...
7/11/2017 7:04:56 PM, Info: ProjectInfo successfully initialized.
7/11/2017 7:04:56 PM, Info: Verifying archive C:\Users\Mike\Documents\00 Volta\R&R\Town Center Main\VSG-TownCenter v1.05_archive\SS_XMLCommunicator 2.0.clz...
7/11/2017 7:04:57 PM, Info: Saving project information...
7/11/2017 7:04:57 PM, Info: Verifying archive C:\Users\Mike\Documents\00 Volta\R&R\Town Center Main\VSG-TownCenter v1.05_archive\SS_CoreHubEvents 2.0.clz...
7/11/2017 7:04:58 PM, Info: Saving project information...
7/11/2017 7:04:58 PM, Info: Verifying archive C:\Users\Mike\Documents\00 Volta\R&R\Town Center Main\VSG-TownCenter v1.05_archive\SPlsWork\SonosLibrary_v2_2.clz...
7/11/2017 7:05:00 PM, Info: Saving project information...
7/11/2017 7:05:01 PM, Info: Verifying archive C:\Users\Mike\Documents\00 Volta\R&R\Town Center Main\VSG-TownCenter v1.05_archive\SS_RoviTVListings v2.0.clz...
7/11/2017 7:05:01 PM, Info: Saving project information...
7/11/2017 7:05:02 PM, Info: Verifying archive C:\Users\Mike\Documents\00 Volta\R&R\Town Center Main\VSG-TownCenter v1.05_archive\SS_RoviTVListings v2.0.clz...
7/11/2017 7:05:02 PM, Info: Saving project information...
7/11/2017 7:05:02 PM, Info: Verifying archive C:\Users\Mike\Documents\00 Volta\R&R\Town Center Main\VSG-TownCenter v1.05_archive\SS_DirecTVController.clz...
7/11/2017 7:05:02 PM, Info: Saving project information...
7/11/2017 7:05:05 PM, Info: Verifying archive C:\Users\Mike\Documents\00 Volta\R&R\Town Center Main\VSG-TownCenter v1.05_archive\SS_Passwords.clz...
7/11/2017 7:05:05 PM, Info: Saving project information...
7/11/2017 7:05:08 PM, Info: Verifying archive C:\Users\Mike\Documents\00 Volta\R&R\Town Center Main\VSG-TownCenter v1.05_archive\SS_ShadingController 2.0.clz...
7/11/2017 7:05:09 PM, Info: Saving project information...
7/11/2017 7:05:14 PM, Info: Verifying archive C:\Users\Mike\Documents\00 Volta\R&R\Town Center Main\VSG-TownCenter v1.05_archive\SPlsWork\Crestron.MediaPlayerValidator.clz...
7/11/2017 7:05:14 PM, Info: Saving project information...
7/11/2017 7:05:16 PM, Info: Verifying archive C:\Users\Mike\Documents\00 Volta\R&R\Town Center Main\VSG-TownCenter v1.05_archive\SS_ShadingController 2.0.clz...
7/11/2017 7:05:16 PM, Info: Saving project information...
7/11/2017 7:05:26 PM, Info: Commiting verification transaction...
7/11/2017 7:05:26 PM, Info: Saving project information...
7/11/2017 7:17:16 PM, Info: Initializing SIMPLSharp Services...
7/11/2017 7:17:16 PM, Info: ProjectInfo successfully initialized.
7/11/2017 7:17:17 PM, Info: Verifying archive C:\Users\Mike\Documents\00 Volta\R&R\Town Center Main\VSG-TownCenter v1.05_archive\SS_XMLCommunicator 2.0.clz...
7/11/2017 7:17:17 PM, Info: Saving project information...
7/11/2017 7:17:18 PM, Info: Verifying archive C:\Users\Mike\Documents\00 Volta\R&R\Town Center Main\VSG-TownCenter v1.05_archive\SS_CoreHubEvents 2.0.clz...
7/11/2017 7:17:18 PM, Info: Saving project information...
7/11/2017 7:17:19 PM, Info: Verifying archive C:\Users\Mike\Documents\00 Volta\R&R\Town Center Main\VSG-TownCenter v1.05_archive\SPlsWork\SonosLibrary_v2_2.clz...
7/11/2017 7:17:20 PM, Info: Saving project information...
7/11/2017 7:17:21 PM, Info: Verifying archive C:\Users\Mike\Documents\00 Volta\R&R\Town Center Main\VSG-TownCenter v1.05_archive\SS_RoviTVListings v2.0.clz...
7/11/2017 7:17:21 PM, Info: Saving project information...
7/11/2017 7:17:22 PM, Info: Verifying archive C:\Users\Mike\Documents\00 Volta\R&R\Town Center Main\VSG-TownCenter v1.05_archive\SS_RoviTVListings v2.0.clz...
7/11/2017 7:17:22 PM, Info: Saving project information...
7/11/2017 7:17:22 PM, Info: Verifying archive C:\Users\Mike\Documents\00 Volta\R&R\Town Center Main\VSG-TownCenter v1.05_archive\SS_DirecTVController.clz...
7/11/2017 7:17:22 PM, Info: Saving project information...
7/11/2017 7:17:25 PM, Info: Verifying archive C:\Users\Mike\Documents\00 Volta\R&R\Town Center Main\VSG-TownCenter v1.05_archive\SS_Passwords.clz...
7/11/2017 7:17:25 PM, Info: Saving project information...
7/11/2017 7:17:28 PM, Info: Verifying archive C:\Users\Mike\Documents\00 Volta\R&R\Town Center Main\VSG-TownCenter v1.05_archive\SS_ShadingController 2.0.clz...
7/11/2017 7:17:29 PM, Info: Saving project information...
7/11/2017 7:17:34 PM, Info: Verifying archive C:\Users\Mike\Documents\00 Volta\R&R\Town Center Main\VSG-TownCenter v1.05_archive\SPlsWork\Crestron.MediaPlayerValidator.clz...
7/11/2017 7:17:34 PM, Info: Saving project information...
7/11/2017 7:17:35 PM, Info: Verifying archive C:\Users\Mike\Documents\00 Volta\R&R\Town Center Main\VSG-TownCenter v1.05_archive\SS_ShadingController 2.0.clz...
7/11/2017 7:17:36 PM, Info: Saving project information...
7/11/2017 7:17:45 PM, Info: Commiting verification transaction...
7/11/2017 7:17:45 PM, Info: Saving project information...
7/11/2017 7:43:00 PM, Info: Initializing SIMPLSharp Services...
7/11/2017 7:43:00 PM, Info: ProjectInfo successfully initialized.
7/11/2017 7:43:00 PM, Info: Verifying archive C:\Users\Mike\Documents\00 Volta\R&R\Town Center Main\VSG-TownCenter v1.05_archive\SS_XMLCommunicator 2.0.clz...
7/11/2017 7:43:00 PM, Info: Saving project information...
7/11/2017 7:43:01 PM, Info: Verifying archive C:\Users\Mike\Documents\00 Volta\R&R\Town Center Main\VSG-TownCenter v1.05_archive\SS_CoreHubEvents 2.0.clz...
7/11/2017 7:43:01 PM, Info: Saving project information...
7/11/2017 7:43:02 PM, Info: Verifying archive C:\Users\Mike\Documents\00 Volta\R&R\Town Center Main\VSG-TownCenter v1.05_archive\SPlsWork\SonosLibrary_v2_2.clz...
7/11/2017 7:43:04 PM, Info: Saving project information...
7/11/2017 7:43:04 PM, Info: Verifying archive C:\Users\Mike\Documents\00 Volta\R&R\Town Center Main\VSG-TownCenter v1.05_archive\SS_RoviTVListings v2.0.clz...
7/11/2017 7:43:05 PM, Info: Saving project information...
7/11/2017 7:43:05 PM, Info: Verifying archive C:\Users\Mike\Documents\00 Volta\R&R\Town Center Main\VSG-TownCenter v1.05_archive\SS_RoviTVListings v2.0.clz...
7/11/2017 7:43:06 PM, Info: Saving project information...
7/11/2017 7:43:06 PM, Info: Verifying archive C:\Users\Mike\Documents\00 Volta\R&R\Town Center Main\VSG-TownCenter v1.05_archive\SS_DirecTVController.clz...
7/11/2017 7:43:06 PM, Info: Saving project information...
7/11/2017 7:43:09 PM, Info: Verifying archive C:\Users\Mike\Documents\00 Volta\R&R\Town Center Main\VSG-TownCenter v1.05_archive\SS_Passwords.clz...
7/11/2017 7:43:09 PM, Info: Saving project information...
7/11/2017 7:43:12 PM, Info: Verifying archive C:\Users\Mike\Documents\00 Volta\R&R\Town Center Main\VSG-TownCenter v1.05_archive\SS_ShadingController 2.0.clz...
7/11/2017 7:43:13 PM, Info: Saving project information...
7/11/2017 7:43:20 PM, Info: Verifying archive C:\Users\Mike\Documents\00 Volta\R&R\Town Center Main\VSG-TownCenter v1.05_archive\SPlsWork\Crestron.MediaPlayerValidator.clz...
7/11/2017 7:43:20 PM, Info: Saving project information...
7/11/2017 7:43:22 PM, Info: Verifying archive C:\Users\Mike\Documents\00 Volta\R&R\Town Center Main\VSG-TownCenter v1.05_archive\SS_ShadingController 2.0.clz...
7/11/2017 7:43:23 PM, Info: Saving project information...
7/11/2017 7:43:34 PM, Info: Commiting verification transaction...
7/11/2017 7:43:34 PM, Info: Saving project information...
7/11/2017 7:44:17 PM, Info: Initializing SIMPLSharp Services...
7/11/2017 7:44:17 PM, Info: ProjectInfo successfully initialized.
7/11/2017 7:44:18 PM, Info: Verifying archive C:\Users\Mike\Documents\00 Volta\R&R\Town Center Main\VSG-TownCenter v1.05_archive\SS_XMLCommunicator 2.0.clz...
7/11/2017 7:44:18 PM, Info: Saving project information...
7/11/2017 7:44:18 PM, Info: Verifying archive C:\Users\Mike\Documents\00 Volta\R&R\Town Center Main\VSG-TownCenter v1.05_archive\SS_CoreHubEvents 2.0.clz...
7/11/2017 7:44:19 PM, Info: Saving project information...
7/11/2017 7:44:20 PM, Info: Verifying archive C:\Users\Mike\Documents\00 Volta\R&R\Town Center Main\VSG-TownCenter v1.05_archive\SPlsWork\SonosLibrary_v2_2.clz...
7/11/2017 7:44:21 PM, Info: Saving project information...
7/11/2017 7:44:22 PM, Info: Verifying archive C:\Users\Mike\Documents\00 Volta\R&R\Town Center Main\VSG-TownCenter v1.05_archive\SS_RoviTVListings v2.0.clz...
7/11/2017 7:44:22 PM, Info: Saving project information...
7/11/2017 7:44:23 PM, Info: Verifying archive C:\Users\Mike\Documents\00 Volta\R&R\Town Center Main\VSG-TownCenter v1.05_archive\SS_RoviTVListings v2.0.clz...
7/11/2017 7:44:24 PM, Info: Saving project information...
7/11/2017 7:44:24 PM, Info: Verifying archive C:\Users\Mike\Documents\00 Volta\R&R\Town Center Main\VSG-TownCenter v1.05_archive\SS_DirecTVController.clz...
7/11/2017 7:44:24 PM, Info: Saving project information...
7/11/2017 7:44:27 PM, Info: Verifying archive C:\Users\Mike\Documents\00 Volta\R&R\Town Center Main\VSG-TownCenter v1.05_archive\SS_Passwords.clz...
7/11/2017 7:44:28 PM, Info: Saving project information...
7/11/2017 7:44:30 PM, Info: Verifying archive C:\Users\Mike\Documents\00 Volta\R&R\Town Center Main\VSG-TownCenter v1.05_archive\SS_ShadingController 2.0.clz...
7/11/2017 7:44:31 PM, Info: Saving project information...
7/11/2017 7:44:36 PM, Info: Verifying archive C:\Users\Mike\Documents\00 Volta\R&R\Town Center Main\VSG-TownCenter v1.05_archive\SPlsWork\Crestron.MediaPlayerValidator.clz...
7/11/2017 7:44:36 PM, Info: Saving project information...
7/11/2017 7:44:37 PM, Info: Verifying archive C:\Users\Mike\Documents\00 Volta\R&R\Town Center Main\VSG-TownCenter v1.05_archive\SS_ShadingController 2.0.clz...
7/11/2017 7:44:38 PM, Info: Saving project information...
7/11/2017 7:44:47 PM, Info: Commiting verification transaction...
7/11/2017 7:44:47 PM, Info: Saving project information...
7/11/2017 7:54:49 PM, Info: Initializing SIMPLSharp Services...
7/11/2017 7:54:49 PM, Info: ProjectInfo successfully initialized.
7/11/2017 7:54:49 PM, Info: Verifying archive C:\Users\Mike\Documents\00 Volta\R&R\Town Center Main\VSG-TownCenter v1.05_archive\SS_XMLCommunicator 2.0.clz...
7/11/2017 7:54:50 PM, Info: Saving project information...
7/11/2017 7:54:50 PM, Info: Verifying archive C:\Users\Mike\Documents\00 Volta\R&R\Town Center Main\VSG-TownCenter v1.05_archive\SS_CoreHubEvents 2.0.clz...
7/11/2017 7:54:51 PM, Info: Saving project information...
7/11/2017 7:54:51 PM, Info: Verifying archive C:\Users\Mike\Documents\00 Volta\R&R\Town Center Main\VSG-TownCenter v1.05_archive\SPlsWork\SonosLibrary_v2_2.clz...
7/11/2017 7:54:53 PM, Info: Saving project information...
7/11/2017 7:54:54 PM, Info: Verifying archive C:\Users\Mike\Documents\00 Volta\R&R\Town Center Main\VSG-TownCenter v1.05_archive\SS_RoviTVListings v2.0.clz...
7/11/2017 7:54:54 PM, Info: Saving project information...
7/11/2017 7:54:54 PM, Info: Verifying archive C:\Users\Mike\Documents\00 Volta\R&R\Town Center Main\VSG-TownCenter v1.05_archive\SS_RoviTVListings v2.0.clz...
7/11/2017 7:54:55 PM, Info: Saving project information...
7/11/2017 7:54:55 PM, Info: Verifying archive C:\Users\Mike\Documents\00 Volta\R&R\Town Center Main\VSG-TownCenter v1.05_archive\SS_DirecTVController.clz...
7/11/2017 7:54:55 PM, Info: Saving project information...
7/11/2017 7:54:58 PM, Info: Verifying archive C:\Users\Mike\Documents\00 Volta\R&R\Town Center Main\VSG-TownCenter v1.05_archive\SS_Passwords.clz...
7/11/2017 7:54:58 PM, Info: Saving project information...
7/11/2017 7:55:00 PM, Info: Verifying archive C:\Users\Mike\Documents\00 Volta\R&R\Town Center Main\VSG-TownCenter v1.05_archive\SS_ShadingController 2.0.clz...
7/11/2017 7:55:01 PM, Info: Saving project information...
7/11/2017 7:55:06 PM, Info: Verifying archive C:\Users\Mike\Documents\00 Volta\R&R\Town Center Main\VSG-TownCenter v1.05_archive\SPlsWork\Crestron.MediaPlayerValidator.clz...
7/11/2017 7:55:06 PM, Info: Saving project information...
7/11/2017 7:55:08 PM, Info: Verifying archive C:\Users\Mike\Documents\00 Volta\R&R\Town Center Main\VSG-TownCenter v1.05_archive\SS_ShadingController 2.0.clz...
7/11/2017 7:55:08 PM, Info: Saving project information...
7/11/2017 7:55:17 PM, Info: Commiting verification transaction...
7/11/2017 7:55:17 PM, Info: Saving project information...
7/11/2017 7:59:24 PM, Info: Initializing SIMPLSharp Services...
7/11/2017 7:59:24 PM, Info: ProjectInfo successfully initialized.
7/11/2017 7:59:24 PM, Info: Verifying archive C:\Users\Mike\Documents\00 Volta\R&R\Town Center Main\VSG-TownCenter v1.05_archive\SS_XMLCommunicator 2.0.clz...
7/11/2017 7:59:24 PM, Info: Saving project information...
7/11/2017 7:59:25 PM, Info: Verifying archive C:\Users\Mike\Documents\00 Volta\R&R\Town Center Main\VSG-TownCenter v1.05_archive\SS_CoreHubEvents 2.0.clz...
7/11/2017 7:59:25 PM, Info: Saving project information...
7/11/2017 7:59:26 PM, Info: Verifying archive C:\Users\Mike\Documents\00 Volta\R&R\Town Center Main\VSG-TownCenter v1.05_archive\SPlsWork\SonosLibrary_v2_2.clz...
7/11/2017 7:59:28 PM, Info: Saving project information...
7/11/2017 7:59:28 PM, Info: Verifying archive C:\Users\Mike\Documents\00 Volta\R&R\Town Center Main\VSG-TownCenter v1.05_archive\SS_RoviTVListings v2.0.clz...
7/11/2017 7:59:28 PM, Info: Saving project information...
7/11/2017 7:59:29 PM, Info: Verifying archive C:\Users\Mike\Documents\00 Volta\R&R\Town Center Main\VSG-TownCenter v1.05_archive\SS_RoviTVListings v2.0.clz...
7/11/2017 7:59:29 PM, Info: Saving project information...
7/11/2017 7:59:29 PM, Info: Verifying archive C:\Users\Mike\Documents\00 Volta\R&R\Town Center Main\VSG-TownCenter v1.05_archive\SS_DirecTVController.clz...
7/11/2017 7:59:30 PM, Info: Saving project information...
7/11/2017 7:59:32 PM, Info: Verifying archive C:\Users\Mike\Documents\00 Volta\R&R\Town Center Main\VSG-TownCenter v1.05_archive\SS_Passwords.clz...
7/11/2017 7:59:32 PM, Info: Saving project information...
7/11/2017 7:59:35 PM, Info: Verifying archive C:\Users\Mike\Documents\00 Volta\R&R\Town Center Main\VSG-TownCenter v1.05_archive\SS_ShadingController 2.0.clz...
7/11/2017 7:59:36 PM, Info: Saving project information...
7/11/2017 7:59:41 PM, Info: Verifying archive C:\Users\Mike\Documents\00 Volta\R&R\Town Center Main\VSG-TownCenter v1.05_archive\SPlsWork\Crestron.MediaPlayerValidator.clz...
7/11/2017 7:59:41 PM, Info: Saving project information...
7/11/2017 7:59:42 PM, Info: Verifying archive C:\Users\Mike\Documents\00 Volta\R&R\Town Center Main\VSG-TownCenter v1.05_archive\SS_ShadingController 2.0.clz...
7/11/2017 7:59:43 PM, Info: Saving project information...
7/11/2017 7:59:52 PM, Info: Commiting verification transaction...
7/11/2017 7:59:52 PM, Info: Saving project information...
7/11/2017 8:02:34 PM, Info: Initializing SIMPLSharp Services...
7/11/2017 8:02:34 PM, Info: ProjectInfo successfully initialized.
7/11/2017 8:02:34 PM, Info: Verifying archive C:\Users\Mike\Documents\00 Volta\R&R\Town Center Main\VSG-TownCenter v1.05_archive\SS_XMLCommunicator 2.0.clz...
7/11/2017 8:02:34 PM, Info: Saving project information...
7/11/2017 8:02:35 PM, Info: Verifying archive C:\Users\Mike\Documents\00 Volta\R&R\Town Center Main\VSG-TownCenter v1.05_archive\SS_CoreHubEvents 2.0.clz...
7/11/2017 8:02:35 PM, Info: Saving project information...
7/11/2017 8:02:36 PM, Info: Verifying archive C:\Users\Mike\Documents\00 Volta\R&R\Town Center Main\VSG-TownCenter v1.05_archive\SPlsWork\SonosLibrary_v2_2.clz...
7/11/2017 8:02:37 PM, Info: Saving project information...
7/11/2017 8:02:38 PM, Info: Verifying archive C:\Users\Mike\Documents\00 Volta\R&R\Town Center Main\VSG-TownCenter v1.05_archive\SS_RoviTVListings v2.0.clz...
7/11/2017 8:02:38 PM, Info: Saving project information...
7/11/2017 8:02:39 PM, Info: Verifying archive C:\Users\Mike\Documents\00 Volta\R&R\Town Center Main\VSG-TownCenter v1.05_archive\SS_RoviTVListings v2.0.clz...
7/11/2017 8:02:39 PM, Info: Saving project information...
7/11/2017 8:02:39 PM, Info: Verifying archive C:\Users\Mike\Documents\00 Volta\R&R\Town Center Main\VSG-TownCenter v1.05_archive\SS_DirecTVController.clz...
7/11/2017 8:02:40 PM, Info: Saving project information...
7/11/2017 8:02:42 PM, Info: Verifying archive C:\Users\Mike\Documents\00 Volta\R&R\Town Center Main\VSG-TownCenter v1.05_archive\SS_Passwords.clz...
7/11/2017 8:02:42 PM, Info: Saving project information...
