7/12/2017 8:25:52 AM, Info: Initializing SIMPLSharp Services...
7/12/2017 8:25:52 AM, Info: ProjectInfo successfully initialized.
7/12/2017 8:25:52 AM, Info: Verifying archive C:\Users\Mike\Documents\00 Volta\R&R\Town Center Main\VSG-TownCenter v1.05_archive\SS_XMLCommunicator 2.0.clz...
7/12/2017 8:25:53 AM, Info: Saving project information...
7/12/2017 8:25:53 AM, Info: Verifying archive C:\Users\Mike\Documents\00 Volta\R&R\Town Center Main\VSG-TownCenter v1.05_archive\SS_CoreHubEvents 2.0.clz...
7/12/2017 8:25:54 AM, Info: Saving project information...
7/12/2017 8:25:54 AM, Info: Verifying archive C:\Users\Mike\Documents\00 Volta\R&R\Town Center Main\VSG-TownCenter v1.05_archive\SPlsWork\SonosLibrary_v2_2.clz...
7/12/2017 8:25:56 AM, Info: Saving project information...
7/12/2017 8:25:57 AM, Info: Verifying archive C:\Users\Mike\Documents\00 Volta\R&R\Town Center Main\VSG-TownCenter v1.05_archive\SS_RoviTVListings v2.0.clz...
7/12/2017 8:25:57 AM, Info: Saving project information...
7/12/2017 8:25:58 AM, Info: Verifying archive C:\Users\Mike\Documents\00 Volta\R&R\Town Center Main\VSG-TownCenter v1.05_archive\SS_RoviTVListings v2.0.clz...
7/12/2017 8:25:58 AM, Info: Saving project information...
7/12/2017 8:25:58 AM, Info: Verifying archive C:\Users\Mike\Documents\00 Volta\R&R\Town Center Main\VSG-TownCenter v1.05_archive\SS_DirecTVController.clz...
7/12/2017 8:25:58 AM, Info: Saving project information...
7/12/2017 8:26:01 AM, Info: Verifying archive C:\Users\Mike\Documents\00 Volta\R&R\Town Center Main\VSG-TownCenter v1.05_archive\SS_Passwords.clz...
7/12/2017 8:26:01 AM, Info: Saving project information...
7/12/2017 8:26:03 AM, Info: Verifying archive C:\Users\Mike\Documents\00 Volta\R&R\Town Center Main\VSG-TownCenter v1.05_archive\SS_ShadingController 2.0.clz...
7/12/2017 8:26:04 AM, Info: Saving project information...
7/12/2017 8:26:09 AM, Info: Verifying archive C:\Users\Mike\Documents\00 Volta\R&R\Town Center Main\VSG-TownCenter v1.05_archive\SPlsWork\Crestron.MediaPlayerValidator.clz...
7/12/2017 8:26:09 AM, Info: Saving project information...
7/12/2017 8:26:11 AM, Info: Verifying archive C:\Users\Mike\Documents\00 Volta\R&R\Town Center Main\VSG-TownCenter v1.05_archive\SS_ShadingController 2.0.clz...
7/12/2017 8:26:11 AM, Info: Saving project information...
7/12/2017 8:26:23 AM, Info: Commiting verification transaction...
7/12/2017 8:26:23 AM, Info: Saving project information...
7/12/2017 12:13:33 PM, Info: Initializing SIMPLSharp Services...
7/12/2017 12:13:33 PM, Info: ProjectInfo successfully initialized.
7/12/2017 12:13:33 PM, Info: Verifying archive C:\Users\Mike\Documents\00 Volta\R&R\Town Center Main\VSG-TownCenter v1.05_archive\SS_XMLCommunicator 2.0.clz...
7/12/2017 12:13:34 PM, Info: Saving project information...
7/12/2017 12:13:34 PM, Info: Verifying archive C:\Users\Mike\Documents\00 Volta\R&R\Town Center Main\VSG-TownCenter v1.05_archive\SS_CoreHubEvents 2.0.clz...
7/12/2017 12:13:35 PM, Info: Saving project information...
7/12/2017 12:13:35 PM, Info: Verifying archive C:\Users\Mike\Documents\00 Volta\R&R\Town Center Main\VSG-TownCenter v1.05_archive\SPlsWork\SonosLibrary_v2_2.clz...
7/12/2017 12:13:37 PM, Info: Saving project information...
7/12/2017 12:13:37 PM, Info: Verifying archive C:\Users\Mike\Documents\00 Volta\R&R\Town Center Main\VSG-TownCenter v1.05_archive\SS_RoviTVListings v2.0.clz...
7/12/2017 12:13:37 PM, Info: Saving project information...
7/12/2017 12:13:38 PM, Info: Verifying archive C:\Users\Mike\Documents\00 Volta\R&R\Town Center Main\VSG-TownCenter v1.05_archive\SS_RoviTVListings v2.0.clz...
7/12/2017 12:13:38 PM, Info: Saving project information...
7/12/2017 12:13:38 PM, Info: Verifying archive C:\Users\Mike\Documents\00 Volta\R&R\Town Center Main\VSG-TownCenter v1.05_archive\SS_DirecTVController.clz...
7/12/2017 12:13:38 PM, Info: Saving project information...
7/12/2017 12:13:41 PM, Info: Verifying archive C:\Users\Mike\Documents\00 Volta\R&R\Town Center Main\VSG-TownCenter v1.05_archive\SS_Passwords.clz...
7/12/2017 12:13:41 PM, Info: Saving project information...
7/12/2017 12:13:43 PM, Info: Verifying archive C:\Users\Mike\Documents\00 Volta\R&R\Town Center Main\VSG-TownCenter v1.05_archive\SS_ShadingController 2.0.clz...
7/12/2017 12:13:44 PM, Info: Saving project information...
7/12/2017 12:13:48 PM, Info: Verifying archive C:\Users\Mike\Documents\00 Volta\R&R\Town Center Main\VSG-TownCenter v1.05_archive\SPlsWork\Crestron.MediaPlayerValidator.clz...
7/12/2017 12:13:48 PM, Info: Saving project information...
7/12/2017 12:13:49 PM, Info: Verifying archive C:\Users\Mike\Documents\00 Volta\R&R\Town Center Main\VSG-TownCenter v1.05_archive\SS_ShadingController 2.0.clz...
7/12/2017 12:13:50 PM, Info: Saving project information...
7/12/2017 12:14:00 PM, Info: Commiting verification transaction...
7/12/2017 12:14:00 PM, Info: Saving project information...
7/14/2017 10:21:53 AM, Info: Initializing SIMPLSharp Services...
7/14/2017 10:21:54 AM, Info: ProjectInfo successfully initialized.
7/14/2017 10:21:54 AM, Info: Verifying archive C:\Users\Mike\Documents\00 Volta\R&R\Town Center Main\VSG-TownCenter v1.05_archive\SS_XMLCommunicator 2.0.clz...
7/14/2017 10:21:54 AM, Info: Saving project information...
7/14/2017 10:21:55 AM, Info: Verifying archive C:\Users\Mike\Documents\00 Volta\R&R\Town Center Main\VSG-TownCenter v1.05_archive\SS_CoreHubEvents 2.0.clz...
7/14/2017 10:21:56 AM, Info: Saving project information...
7/14/2017 10:21:56 AM, Info: Verifying archive C:\Users\Mike\Documents\00 Volta\R&R\Town Center Main\VSG-TownCenter v1.05_archive\SPlsWork\SonosLibrary_v2_2.clz...
7/14/2017 10:21:58 AM, Info: Saving project information...
7/14/2017 10:21:59 AM, Info: Verifying archive C:\Users\Mike\Documents\00 Volta\R&R\Town Center Main\VSG-TownCenter v1.05_archive\SS_RoviTVListings v2.0.clz...
7/14/2017 10:21:59 AM, Info: Saving project information...
7/14/2017 10:22:00 AM, Info: Verifying archive C:\Users\Mike\Documents\00 Volta\R&R\Town Center Main\VSG-TownCenter v1.05_archive\SS_RoviTVListings v2.0.clz...
7/14/2017 10:22:00 AM, Info: Saving project information...
7/14/2017 10:22:01 AM, Info: Verifying archive C:\Users\Mike\Documents\00 Volta\R&R\Town Center Main\VSG-TownCenter v1.05_archive\SS_DirecTVController.clz...
7/14/2017 10:22:01 AM, Info: Saving project information...
7/14/2017 10:22:04 AM, Info: Verifying archive C:\Users\Mike\Documents\00 Volta\R&R\Town Center Main\VSG-TownCenter v1.05_archive\SS_Passwords.clz...
7/14/2017 10:22:05 AM, Info: Saving project information...
7/14/2017 10:22:08 AM, Info: Verifying archive C:\Users\Mike\Documents\00 Volta\R&R\Town Center Main\VSG-TownCenter v1.05_archive\SS_ShadingController 2.0.clz...
7/14/2017 10:22:09 AM, Info: Saving project information...
7/14/2017 10:22:16 AM, Info: Verifying archive C:\Users\Mike\Documents\00 Volta\R&R\Town Center Main\VSG-TownCenter v1.05_archive\SPlsWork\Crestron.MediaPlayerValidator.clz...
7/14/2017 10:22:16 AM, Info: Saving project information...
7/14/2017 10:22:18 AM, Info: Verifying archive C:\Users\Mike\Documents\00 Volta\R&R\Town Center Main\VSG-TownCenter v1.05_archive\SS_ShadingController 2.0.clz...
7/14/2017 10:22:19 AM, Info: Saving project information...
7/14/2017 10:22:34 AM, Info: Commiting verification transaction...
7/14/2017 10:22:34 AM, Info: Saving project information...
7/14/2017 10:23:36 AM, Info: Initializing SIMPLSharp Services...
7/14/2017 10:23:36 AM, Info: ProjectInfo successfully initialized.
7/14/2017 10:23:37 AM, Info: Verifying archive C:\Users\Mike\Documents\00 Volta\R&R\Town Center Main\VSG-TownCenter v1.05_archive\SS_XMLCommunicator 2.0.clz...
7/14/2017 10:23:37 AM, Info: Saving project information...
7/14/2017 10:23:38 AM, Info: Verifying archive C:\Users\Mike\Documents\00 Volta\R&R\Town Center Main\VSG-TownCenter v1.05_archive\SS_CoreHubEvents 2.0.clz...
7/14/2017 10:23:38 AM, Info: Saving project information...
7/14/2017 10:23:39 AM, Info: Verifying archive C:\Users\Mike\Documents\00 Volta\R&R\Town Center Main\VSG-TownCenter v1.05_archive\SPlsWork\SonosLibrary_v2_2.clz...
7/14/2017 10:23:41 AM, Info: Saving project information...
7/14/2017 10:23:42 AM, Info: Verifying archive C:\Users\Mike\Documents\00 Volta\R&R\Town Center Main\VSG-TownCenter v1.05_archive\SS_RoviTVListings v2.0.clz...
7/14/2017 10:23:42 AM, Info: Saving project information...
7/14/2017 10:23:43 AM, Info: Verifying archive C:\Users\Mike\Documents\00 Volta\R&R\Town Center Main\VSG-TownCenter v1.05_archive\SS_RoviTVListings v2.0.clz...
7/14/2017 10:23:43 AM, Info: Saving project information...
7/14/2017 10:23:43 AM, Info: Verifying archive C:\Users\Mike\Documents\00 Volta\R&R\Town Center Main\VSG-TownCenter v1.05_archive\SS_DirecTVController.clz...
7/14/2017 10:23:43 AM, Info: Saving project information...
7/14/2017 10:23:47 AM, Info: Verifying archive C:\Users\Mike\Documents\00 Volta\R&R\Town Center Main\VSG-TownCenter v1.05_archive\SS_Passwords.clz...
7/14/2017 10:23:47 AM, Info: Saving project information...
7/14/2017 10:23:51 AM, Info: Verifying archive C:\Users\Mike\Documents\00 Volta\R&R\Town Center Main\VSG-TownCenter v1.05_archive\SS_ShadingController 2.0.clz...
7/14/2017 10:23:51 AM, Info: Saving project information...
7/14/2017 10:23:59 AM, Info: Verifying archive C:\Users\Mike\Documents\00 Volta\R&R\Town Center Main\VSG-TownCenter v1.05_archive\SPlsWork\Crestron.MediaPlayerValidator.clz...
7/14/2017 10:23:59 AM, Info: Saving project information...
7/14/2017 10:24:01 AM, Info: Verifying archive C:\Users\Mike\Documents\00 Volta\R&R\Town Center Main\VSG-TownCenter v1.05_archive\SS_ShadingController 2.0.clz...
7/14/2017 10:24:02 AM, Info: Saving project information...
7/14/2017 10:24:17 AM, Info: Commiting verification transaction...
7/14/2017 10:24:17 AM, Info: Saving project information...
7/14/2017 10:31:31 AM, Info: Initializing SIMPLSharp Services...
7/14/2017 10:31:31 AM, Info: ProjectInfo successfully initialized.
7/14/2017 10:31:32 AM, Info: Verifying archive C:\Users\Mike\Documents\00 Volta\R&R\Town Center Main\VSG-TownCenter v1.05_archive\SS_XMLCommunicator 2.0.clz...
7/14/2017 10:31:32 AM, Info: Saving project information...
7/14/2017 10:31:33 AM, Info: Verifying archive C:\Users\Mike\Documents\00 Volta\R&R\Town Center Main\VSG-TownCenter v1.05_archive\SS_CoreHubEvents 2.0.clz...
7/14/2017 10:31:33 AM, Info: Saving project information...
7/14/2017 10:31:34 AM, Info: Verifying archive C:\Users\Mike\Documents\00 Volta\R&R\Town Center Main\VSG-TownCenter v1.05_archive\SPlsWork\SonosLibrary_v2_2.clz...
7/14/2017 10:31:36 AM, Info: Saving project information...
7/14/2017 10:31:37 AM, Info: Verifying archive C:\Users\Mike\Documents\00 Volta\R&R\Town Center Main\VSG-TownCenter v1.05_archive\SS_RoviTVListings v2.0.clz...
7/14/2017 10:31:37 AM, Info: Saving project information...
7/14/2017 10:31:38 AM, Info: Verifying archive C:\Users\Mike\Documents\00 Volta\R&R\Town Center Main\VSG-TownCenter v1.05_archive\SS_RoviTVListings v2.0.clz...
7/14/2017 10:31:38 AM, Info: Saving project information...
7/14/2017 10:31:39 AM, Info: Verifying archive C:\Users\Mike\Documents\00 Volta\R&R\Town Center Main\VSG-TownCenter v1.05_archive\SS_DirecTVController.clz...
7/14/2017 10:31:39 AM, Info: Saving project information...
7/14/2017 10:31:43 AM, Info: Verifying archive C:\Users\Mike\Documents\00 Volta\R&R\Town Center Main\VSG-TownCenter v1.05_archive\SS_Passwords.clz...
7/14/2017 10:31:43 AM, Info: Saving project information...
7/14/2017 10:31:47 AM, Info: Verifying archive C:\Users\Mike\Documents\00 Volta\R&R\Town Center Main\VSG-TownCenter v1.05_archive\SS_ShadingController 2.0.clz...
7/14/2017 10:31:47 AM, Info: Saving project information...
7/14/2017 10:31:56 AM, Info: Verifying archive C:\Users\Mike\Documents\00 Volta\R&R\Town Center Main\VSG-TownCenter v1.05_archive\SPlsWork\Crestron.MediaPlayerValidator.clz...
7/14/2017 10:31:56 AM, Info: Saving project information...
7/14/2017 10:31:58 AM, Info: Verifying archive C:\Users\Mike\Documents\00 Volta\R&R\Town Center Main\VSG-TownCenter v1.05_archive\SS_ShadingController 2.0.clz...
7/14/2017 10:31:58 AM, Info: Saving project information...
7/14/2017 10:32:12 AM, Info: Commiting verification transaction...
7/14/2017 10:32:12 AM, Info: Saving project information...
7/14/2017 10:45:39 AM, Info: Initializing SIMPLSharp Services...
7/14/2017 10:45:39 AM, Info: ProjectInfo successfully initialized.
7/14/2017 10:45:40 AM, Info: Verifying archive C:\Users\Mike\Documents\00 Volta\R&R\Town Center Main\VSG-TownCenter v1.05_archive\SS_XMLCommunicator 2.0.clz...
7/14/2017 10:45:40 AM, Info: Saving project information...
7/14/2017 10:45:41 AM, Info: Verifying archive C:\Users\Mike\Documents\00 Volta\R&R\Town Center Main\VSG-TownCenter v1.05_archive\SS_CoreHubEvents 2.0.clz...
7/14/2017 10:45:41 AM, Info: Saving project information...
7/14/2017 10:45:42 AM, Info: Verifying archive C:\Users\Mike\Documents\00 Volta\R&R\Town Center Main\VSG-TownCenter v1.05_archive\SPlsWork\SonosLibrary_v2_2.clz...
7/14/2017 10:45:44 AM, Info: Saving project information...
7/14/2017 10:45:45 AM, Info: Verifying archive C:\Users\Mike\Documents\00 Volta\R&R\Town Center Main\VSG-TownCenter v1.05_archive\SS_RoviTVListings v2.0.clz...
7/14/2017 10:45:45 AM, Info: Saving project information...
7/14/2017 10:45:46 AM, Info: Verifying archive C:\Users\Mike\Documents\00 Volta\R&R\Town Center Main\VSG-TownCenter v1.05_archive\SS_RoviTVListings v2.0.clz...
7/14/2017 10:45:46 AM, Info: Saving project information...
7/14/2017 10:45:46 AM, Info: Verifying archive C:\Users\Mike\Documents\00 Volta\R&R\Town Center Main\VSG-TownCenter v1.05_archive\SS_DirecTVController.clz...
7/14/2017 10:45:47 AM, Info: Saving project information...
7/14/2017 10:45:50 AM, Info: Verifying archive C:\Users\Mike\Documents\00 Volta\R&R\Town Center Main\VSG-TownCenter v1.05_archive\SS_Passwords.clz...
7/14/2017 10:45:51 AM, Info: Saving project information...
7/14/2017 10:45:54 AM, Info: Verifying archive C:\Users\Mike\Documents\00 Volta\R&R\Town Center Main\VSG-TownCenter v1.05_archive\SS_ShadingController 2.0.clz...
7/14/2017 10:45:55 AM, Info: Saving project information...
7/14/2017 10:46:02 AM, Info: Verifying archive C:\Users\Mike\Documents\00 Volta\R&R\Town Center Main\VSG-TownCenter v1.05_archive\SPlsWork\Crestron.MediaPlayerValidator.clz...
7/14/2017 10:46:02 AM, Info: Saving project information...
7/14/2017 10:46:04 AM, Info: Verifying archive C:\Users\Mike\Documents\00 Volta\R&R\Town Center Main\VSG-TownCenter v1.05_archive\SS_ShadingController 2.0.clz...
7/14/2017 10:46:04 AM, Info: Saving project information...
7/14/2017 10:46:18 AM, Info: Commiting verification transaction...
7/14/2017 10:46:18 AM, Info: Saving project information...
7/14/2017 10:48:27 AM, Info: Initializing SIMPLSharp Services...
7/14/2017 10:48:27 AM, Info: ProjectInfo successfully initialized.
7/14/2017 10:48:27 AM, Info: Verifying archive C:\Users\Mike\Documents\00 Volta\R&R\Town Center Main\VSG-TownCenter v1.05_archive\SS_XMLCommunicator 2.0.clz...
7/14/2017 10:48:27 AM, Info: Saving project information...
7/14/2017 10:48:28 AM, Info: Verifying archive C:\Users\Mike\Documents\00 Volta\R&R\Town Center Main\VSG-TownCenter v1.05_archive\SS_CoreHubEvents 2.0.clz...
7/14/2017 10:48:29 AM, Info: Saving project information...
7/14/2017 10:48:29 AM, Info: Commiting verification transaction...
7/14/2017 10:48:29 AM, Info: Saving project information...
7/14/2017 10:52:15 AM, Info: Initializing SIMPLSharp Services...
7/14/2017 10:52:15 AM, Info: ProjectInfo successfully initialized.
7/14/2017 10:52:16 AM, Info: Verifying archive C:\Users\Mike\Documents\00 Volta\R&R\Town Center Main\VSG-TownCenter v1.05_archive\SS_XMLCommunicator 2.0.clz...
7/14/2017 10:52:16 AM, Info: Saving project information...
7/14/2017 10:52:17 AM, Info: Verifying archive C:\Users\Mike\Documents\00 Volta\R&R\Town Center Main\VSG-TownCenter v1.05_archive\SS_CoreHubEvents 2.0.clz...
7/14/2017 10:52:17 AM, Info: Saving project information...
7/14/2017 10:52:18 AM, Info: Verifying archive C:\Users\Mike\Documents\00 Volta\R&R\Town Center Main\VSG-TownCenter v1.05_archive\SPlsWork\SonosLibrary_v2_2.clz...
7/14/2017 10:52:20 AM, Info: Saving project information...
7/14/2017 10:52:21 AM, Info: Verifying archive C:\Users\Mike\Documents\00 Volta\R&R\Town Center Main\VSG-TownCenter v1.05_archive\SS_RoviTVListings v2.0.clz...
